[ 2017-01-20T16:32:30+08:00 ] ::1 /major/
INFO: [ app_begin ] --START--
INFO: Run Behavior\ReadHtmlCache [ RunTime:0.002000s ]
INFO: [ app_begin ] --END-- [ RunTime:0.002000s ]

[ 2017-01-20T16:32:30+08:00 ] ::1 /major/index.php?m=Home&c=login&a=index
INFO: [ app_begin ] --START--
INFO: Run Behavior\ReadHtmlCache [ RunTime:0.001001s ]
INFO: [ app_begin ] --END-- [ RunTime:0.002001s ]
INFO: [ view_parse ] --START--
INFO: [ template_filter ] --START--
INFO: Run Behavior\ContentReplace [ RunTime:0.000000s ]
INFO: [ template_filter ] --END-- [ RunTime:0.000000s ]
INFO: Run Behavior\ParseTemplate [ RunTime:0.010001s ]
INFO: [ view_parse ] --END-- [ RunTime:0.011001s ]
INFO: [ view_filter ] --START--
INFO: Run Behavior\WriteHtmlCache [ RunTime:0.001000s ]
INFO: [ view_filter ] --END-- [ RunTime:0.002000s ]
INFO: [ app_end ] --START--
INFO: Run Behavior\ShowPageTrace [ RunTime:0.001000s ]
INFO: [ app_end ] --END-- [ RunTime:0.001000s ]

[ 2017-01-20T16:32:37+08:00 ] ::1 /major/admin.php
INFO: [ app_begin ] --START--
INFO: Run Behavior\ReadHtmlCache [ RunTime:0.002000s ]
INFO: [ app_begin ] --END-- [ RunTime:0.002000s ]

[ 2017-01-20T16:32:37+08:00 ] ::1 /major/admin.php?m=Home&c=login&a=index
NOTIC: [8] Constant BIND_MODULE already defined C:\xampp\htdocs\major\ThinkPHP\Library\Think\Dispatcher.class.php 第 100 行.
INFO: [ app_begin ] --START--
INFO: Run Behavior\ReadHtmlCache [ RunTime:0.001000s ]
INFO: [ app_begin ] --END-- [ RunTime:0.001000s ]
INFO: [ view_parse ] --START--
INFO: [ template_filter ] --START--
INFO: Run Behavior\ContentReplace [ RunTime:0.000000s ]
INFO: [ template_filter ] --END-- [ RunTime:0.000000s ]
INFO: Run Behavior\ParseTemplate [ RunTime:0.011001s ]
INFO: [ view_parse ] --END-- [ RunTime:0.011001s ]
INFO: [ view_filter ] --START--
INFO: Run Behavior\WriteHtmlCache [ RunTime:0.002000s ]
INFO: [ view_filter ] --END-- [ RunTime:0.002000s ]
INFO: [ app_end ] --START--
INFO: Run Behavior\ShowPageTrace [ RunTime:0.001000s ]
INFO: [ app_end ] --END-- [ RunTime:0.001000s ]

[ 2017-01-20T16:32:41+08:00 ] ::1 /major/admin.php?m=Home&c=login&a=login_check
NOTIC: [8] Constant BIND_MODULE already defined C:\xampp\htdocs\major\ThinkPHP\Library\Think\Dispatcher.class.php 第 100 行.
INFO: [ app_begin ] --START--
INFO: Run Behavior\ReadHtmlCache [ RunTime:0.003000s ]
INFO: [ app_begin ] --END-- [ RunTime:0.003000s ]
NOTIC: [8192] mysql_connect(): The mysql extension is deprecated and will be removed in the future: use mysqli or PDO instead C:\xampp\htdocs\major\ThinkPHP\Library\Think\Db\Driver\Mysql.class.php 第 52 行.
SQL: SHOW COLUMNS FROM `nfc_admin` [ RunTime:0.007001s ]
SQL: SELECT `password` FROM `nfc_admin` WHERE ( username ='admin' ) LIMIT 1   [ RunTime:0.000000s ]

[ 2017-01-20T16:32:41+08:00 ] ::1 /major/admin.php?m=Home&c=index&a=index
NOTIC: [8] Constant BIND_MODULE already defined C:\xampp\htdocs\major\ThinkPHP\Library\Think\Dispatcher.class.php 第 100 行.
INFO: [ app_begin ] --START--
INFO: Run Behavior\ReadHtmlCache [ RunTime:0.001000s ]
INFO: [ app_begin ] --END-- [ RunTime:0.001000s ]
INFO: [ view_parse ] --START--
INFO: [ template_filter ] --START--
INFO: Run Behavior\ContentReplace [ RunTime:0.000000s ]
INFO: [ template_filter ] --END-- [ RunTime:0.000000s ]
INFO: Run Behavior\ParseTemplate [ RunTime:0.011001s ]
INFO: [ view_parse ] --END-- [ RunTime:0.011001s ]
INFO: [ view_filter ] --START--
INFO: Run Behavior\WriteHtmlCache [ RunTime:0.001000s ]
INFO: [ view_filter ] --END-- [ RunTime:0.001000s ]
INFO: [ app_end ] --START--
INFO: Run Behavior\ShowPageTrace [ RunTime:0.002000s ]
INFO: [ app_end ] --END-- [ RunTime:0.002000s ]

[ 2017-01-20T16:32:41+08:00 ] ::1 /major/admin.php?m=Home&c=index&a=show_welcome
NOTIC: [8] Constant BIND_MODULE already defined C:\xampp\htdocs\major\ThinkPHP\Library\Think\Dispatcher.class.php 第 100 行.
INFO: [ app_begin ] --START--
INFO: Run Behavior\ReadHtmlCache [ RunTime:0.003001s ]
INFO: [ app_begin ] --END-- [ RunTime:0.003001s ]
NOTIC: [8192] mysql_connect(): The mysql extension is deprecated and will be removed in the future: use mysqli or PDO instead C:\xampp\htdocs\major\ThinkPHP\Library\Think\Db\Driver\Mysql.class.php 第 52 行.
SQL: SHOW COLUMNS FROM `nfc_admin` [ RunTime:0.005000s ]
SQL: SELECT * FROM `nfc_admin` WHERE ( username='admin' ) LIMIT 1   [ RunTime:0.000000s ]
SQL: UPDATE `nfc_admin` SET `LastLoginIP`='0.0.0.0',`LastLoginTime`='2017-01-20 16:32:41' WHERE ( username='admin' ) [ RunTime:0.002001s ]
INFO: [ view_parse ] --START--
INFO: [ template_filter ] --START--
INFO: Run Behavior\ContentReplace [ RunTime:0.000000s ]
INFO: [ template_filter ] --END-- [ RunTime:0.000000s ]
NOTIC: [8] Undefined index: AdminName C:\xampp\htdocs\major\Application\Runtime\Cache\Home\60ec3b636d20a54d9598dd3c70ec0e21.php 第 22 行.
INFO: Run Behavior\ParseTemplate [ RunTime:0.013001s ]
INFO: [ view_parse ] --END-- [ RunTime:0.013001s ]
INFO: [ view_filter ] --START--
INFO: Run Behavior\WriteHtmlCache [ RunTime:0.001000s ]
INFO: [ view_filter ] --END-- [ RunTime:0.001000s ]
INFO: [ app_end ] --START--
INFO: Run Behavior\ShowPageTrace [ RunTime:0.001000s ]
INFO: [ app_end ] --END-- [ RunTime:0.001000s ]

[ 2017-01-20T16:32:48+08:00 ] ::1 /major/admin.php?m=Home&c=article&a=add_article_form
NOTIC: [8] Constant BIND_MODULE already defined C:\xampp\htdocs\major\ThinkPHP\Library\Think\Dispatcher.class.php 第 100 行.
INFO: [ app_begin ] --START--
INFO: Run Behavior\ReadHtmlCache [ RunTime:0.002000s ]
INFO: [ app_begin ] --END-- [ RunTime:0.002000s ]
ERR: 无法加载控制器:Article

[ 2017-01-20T16:32:49+08:00 ] ::1 /major/admin.php?m=Home&c=article&a=show_article
NOTIC: [8] Constant BIND_MODULE already defined C:\xampp\htdocs\major\ThinkPHP\Library\Think\Dispatcher.class.php 第 100 行.
INFO: [ app_begin ] --START--
INFO: Run Behavior\ReadHtmlCache [ RunTime:0.002000s ]
INFO: [ app_begin ] --END-- [ RunTime:0.002000s ]
ERR: 无法加载控制器:Article

[ 2017-01-20T16:32:49+08:00 ] ::1 /major/admin.php?m=Home&c=article&a=show_article
NOTIC: [8] Constant BIND_MODULE already defined C:\xampp\htdocs\major\ThinkPHP\Library\Think\Dispatcher.class.php 第 100 行.
INFO: [ app_begin ] --START--
INFO: Run Behavior\ReadHtmlCache [ RunTime:0.001000s ]
INFO: [ app_begin ] --END-- [ RunTime:0.001000s ]
ERR: 无法加载控制器:Article

[ 2017-01-20T16:32:52+08:00 ] ::1 /major/admin.php?m=Home&c=article&a=add_article_form
NOTIC: [8] Constant BIND_MODULE already defined C:\xampp\htdocs\major\ThinkPHP\Library\Think\Dispatcher.class.php 第 100 行.
INFO: [ app_begin ] --START--
INFO: Run Behavior\ReadHtmlCache [ RunTime:0.001000s ]
INFO: [ app_begin ] --END-- [ RunTime:0.001000s ]
ERR: 无法加载控制器:Article

[ 2017-01-20T16:32:53+08:00 ] ::1 /major/admin.php?m=Home&c=article&a=show_article
NOTIC: [8] Constant BIND_MODULE already defined C:\xampp\htdocs\major\ThinkPHP\Library\Think\Dispatcher.class.php 第 100 行.
INFO: [ app_begin ] --START--
INFO: Run Behavior\ReadHtmlCache [ RunTime:0.001001s ]
INFO: [ app_begin ] --END-- [ RunTime:0.001001s ]
ERR: 无法加载控制器:Article

[ 2017-01-20T16:32:55+08:00 ] ::1 /major/admin.php?m=Home&c=index&a=quit
NOTIC: [8] Constant BIND_MODULE already defined C:\xampp\htdocs\major\ThinkPHP\Library\Think\Dispatcher.class.php 第 100 行.
INFO: [ app_begin ] --START--
INFO: Run Behavior\ReadHtmlCache [ RunTime:0.002000s ]
INFO: [ app_begin ] --END-- [ RunTime:0.002000s ]

[ 2017-01-20T16:32:55+08:00 ] ::1 /major/admin.php?m=Home&c=login&a=index
NOTIC: [8] Constant BIND_MODULE already defined C:\xampp\htdocs\major\ThinkPHP\Library\Think\Dispatcher.class.php 第 100 行.
INFO: [ app_begin ] --START--
INFO: Run Behavior\ReadHtmlCache [ RunTime:0.001000s ]
INFO: [ app_begin ] --END-- [ RunTime:0.002000s ]
INFO: [ view_parse ] --START--
INFO: [ template_filter ] --START--
INFO: Run Behavior\ContentReplace [ RunTime:0.000000s ]
INFO: [ template_filter ] --END-- [ RunTime:0.000000s ]
INFO: Run Behavior\ParseTemplate [ RunTime:0.010001s ]
INFO: [ view_parse ] --END-- [ RunTime:0.010001s ]
INFO: [ view_filter ] --START--
INFO: Run Behavior\WriteHtmlCache [ RunTime:0.000000s ]
INFO: [ view_filter ] --END-- [ RunTime:0.000000s ]
INFO: [ app_end ] --START--
INFO: Run Behavior\ShowPageTrace [ RunTime:0.001000s ]
INFO: [ app_end ] --END-- [ RunTime:0.001000s ]

[ 2017-01-20T17:18:57+08:00 ] ::1 /major/
INFO: [ app_begin ] --START--
INFO: Run Behavior\ReadHtmlCache [ RunTime:0.002000s ]
INFO: [ app_begin ] --END-- [ RunTime:0.003000s ]

[ 2017-01-20T17:18:57+08:00 ] ::1 /major/index.php?m=Home&c=login&a=index
INFO: [ app_begin ] --START--
INFO: Run Behavior\ReadHtmlCache [ RunTime:0.001000s ]
INFO: [ app_begin ] --END-- [ RunTime:0.002000s ]
INFO: [ view_parse ] --START--
INFO: [ template_filter ] --START--
INFO: Run Behavior\ContentReplace [ RunTime:0.000000s ]
INFO: [ template_filter ] --END-- [ RunTime:0.000000s ]
INFO: Run Behavior\ParseTemplate [ RunTime:0.014000s ]
INFO: [ view_parse ] --END-- [ RunTime:0.014000s ]
INFO: [ view_filter ] --START--
INFO: Run Behavior\WriteHtmlCache [ RunTime:0.002000s ]
INFO: [ view_filter ] --END-- [ RunTime:0.002000s ]
INFO: [ app_end ] --START--
INFO: Run Behavior\ShowPageTrace [ RunTime:0.001000s ]
INFO: [ app_end ] --END-- [ RunTime:0.001000s ]

[ 2017-01-20T17:19:02+08:00 ] ::1 /major/admin.php
INFO: [ app_begin ] --START--
INFO: Run Behavior\ReadHtmlCache [ RunTime:0.001000s ]
INFO: [ app_begin ] --END-- [ RunTime:0.003000s ]

[ 2017-01-20T17:19:02+08:00 ] ::1 /major/admin.php?m=Home&c=login&a=index
NOTIC: [8] Constant BIND_MODULE already defined C:\xampp\htdocs\major\ThinkPHP\Library\Think\Dispatcher.class.php 第 100 行.
INFO: [ app_begin ] --START--
INFO: Run Behavior\ReadHtmlCache [ RunTime:0.002000s ]
INFO: [ app_begin ] --END-- [ RunTime:0.002000s ]
INFO: [ view_parse ] --START--
INFO: [ template_filter ] --START--
INFO: Run Behavior\ContentReplace [ RunTime:0.000000s ]
INFO: [ template_filter ] --END-- [ RunTime:0.000000s ]
INFO: Run Behavior\ParseTemplate [ RunTime:0.010000s ]
INFO: [ view_parse ] --END-- [ RunTime:0.010000s ]
INFO: [ view_filter ] --START--
INFO: Run Behavior\WriteHtmlCache [ RunTime:0.001000s ]
INFO: [ view_filter ] --END-- [ RunTime:0.001000s ]
INFO: [ app_end ] --START--
INFO: Run Behavior\ShowPageTrace [ RunTime:0.002000s ]
INFO: [ app_end ] --END-- [ RunTime:0.002000s ]

[ 2017-01-20T17:19:13+08:00 ] ::1 /major/admin.php?m=Home&c=login&a=login_check
NOTIC: [8] Constant BIND_MODULE already defined C:\xampp\htdocs\major\ThinkPHP\Library\Think\Dispatcher.class.php 第 100 行.
INFO: [ app_begin ] --START--
INFO: Run Behavior\ReadHtmlCache [ RunTime:0.001000s ]
INFO: [ app_begin ] --END-- [ RunTime:0.002000s ]
NOTIC: [8192] mysql_connect(): The mysql extension is deprecated and will be removed in the future: use mysqli or PDO instead C:\xampp\htdocs\major\ThinkPHP\Library\Think\Db\Driver\Mysql.class.php 第 52 行.
SQL: SHOW COLUMNS FROM `nfc_admin` [ RunTime:0.004000s ]
SQL: SELECT `password` FROM `nfc_admin` WHERE ( username ='admin' ) LIMIT 1   [ RunTime:0.001000s ]

[ 2017-01-20T17:19:13+08:00 ] ::1 /major/admin.php?m=Home&c=index&a=index
NOTIC: [8] Constant BIND_MODULE already defined C:\xampp\htdocs\major\ThinkPHP\Library\Think\Dispatcher.class.php 第 100 行.
INFO: [ app_begin ] --START--
INFO: Run Behavior\ReadHtmlCache [ RunTime:0.001000s ]
INFO: [ app_begin ] --END-- [ RunTime:0.001000s ]
INFO: [ view_parse ] --START--
INFO: [ template_filter ] --START--
INFO: Run Behavior\ContentReplace [ RunTime:0.000000s ]
INFO: [ template_filter ] --END-- [ RunTime:0.000000s ]
INFO: Run Behavior\ParseTemplate [ RunTime:0.009000s ]
INFO: [ view_parse ] --END-- [ RunTime:0.009000s ]
INFO: [ view_filter ] --START--
INFO: Run Behavior\WriteHtmlCache [ RunTime:0.001000s ]
INFO: [ view_filter ] --END-- [ RunTime:0.001000s ]
INFO: [ app_end ] --START--
INFO: Run Behavior\ShowPageTrace [ RunTime:0.001000s ]
INFO: [ app_end ] --END-- [ RunTime:0.001000s ]

[ 2017-01-20T17:19:13+08:00 ] ::1 /major/admin.php?m=Home&c=index&a=show_welcome
NOTIC: [8] Constant BIND_MODULE already defined C:\xampp\htdocs\major\ThinkPHP\Library\Think\Dispatcher.class.php 第 100 行.
INFO: [ app_begin ] --START--
INFO: Run Behavior\ReadHtmlCache [ RunTime:0.001000s ]
INFO: [ app_begin ] --END-- [ RunTime:0.001000s ]
NOTIC: [8192] mysql_connect(): The mysql extension is deprecated and will be removed in the future: use mysqli or PDO instead C:\xampp\htdocs\major\ThinkPHP\Library\Think\Db\Driver\Mysql.class.php 第 52 行.
SQL: SHOW COLUMNS FROM `nfc_admin` [ RunTime:0.004000s ]
SQL: SELECT * FROM `nfc_admin` WHERE ( username='admin' ) LIMIT 1   [ RunTime:0.001000s ]
SQL: UPDATE `nfc_admin` SET `LastLoginIP`='0.0.0.0',`LastLoginTime`='2017-01-20 17:19:13' WHERE ( username='admin' ) [ RunTime:0.004000s ]
INFO: [ view_parse ] --START--
INFO: [ template_filter ] --START--
INFO: Run Behavior\ContentReplace [ RunTime:0.000000s ]
INFO: [ template_filter ] --END-- [ RunTime:0.000000s ]
NOTIC: [8] Undefined index: AdminName C:\xampp\htdocs\major\Application\Runtime\Cache\Home\60ec3b636d20a54d9598dd3c70ec0e21.php 第 22 行.
INFO: Run Behavior\ParseTemplate [ RunTime:0.006000s ]
INFO: [ view_parse ] --END-- [ RunTime:0.006000s ]
INFO: [ view_filter ] --START--
INFO: Run Behavior\WriteHtmlCache [ RunTime:0.001000s ]
INFO: [ view_filter ] --END-- [ RunTime:0.001000s ]
INFO: [ app_end ] --START--
INFO: Run Behavior\ShowPageTrace [ RunTime:0.001000s ]
INFO: [ app_end ] --END-- [ RunTime:0.001000s ]

[ 2017-01-20T17:19:16+08:00 ] ::1 /major/admin.php?m=Home&c=article&a=add_article_form
NOTIC: [8] Constant BIND_MODULE already defined C:\xampp\htdocs\major\ThinkPHP\Library\Think\Dispatcher.class.php 第 100 行.
INFO: [ app_begin ] --START--
INFO: Run Behavior\ReadHtmlCache [ RunTime:0.001000s ]
INFO: [ app_begin ] --END-- [ RunTime:0.001000s ]
ERR: 无法加载控制器:Article

[ 2017-01-20T17:19:17+08:00 ] ::1 /major/admin.php?m=Home&c=article&a=show_article
NOTIC: [8] Constant BIND_MODULE already defined C:\xampp\htdocs\major\ThinkPHP\Library\Think\Dispatcher.class.php 第 100 行.
INFO: [ app_begin ] --START--
INFO: Run Behavior\ReadHtmlCache [ RunTime:0.001000s ]
INFO: [ app_begin ] --END-- [ RunTime:0.001000s ]
ERR: 无法加载控制器:Article

[ 2017-01-20T17:19:18+08:00 ] ::1 /major/admin.php?m=Home&c=article&a=add_article_form
NOTIC: [8] Constant BIND_MODULE already defined C:\xampp\htdocs\major\ThinkPHP\Library\Think\Dispatcher.class.php 第 100 行.
INFO: [ app_begin ] --START--
INFO: Run Behavior\ReadHtmlCache [ RunTime:0.001000s ]
INFO: [ app_begin ] --END-- [ RunTime:0.001000s ]
ERR: 无法加载控制器:Article

[ 2017-01-20T17:19:19+08:00 ] ::1 /major/admin.php?m=Home&c=article&a=show_article
NOTIC: [8] Constant BIND_MODULE already defined C:\xampp\htdocs\major\ThinkPHP\Library\Think\Dispatcher.class.php 第 100 行.
INFO: [ app_begin ] --START--
INFO: Run Behavior\ReadHtmlCache [ RunTime:0.001000s ]
INFO: [ app_begin ] --END-- [ RunTime:0.001000s ]
ERR: 无法加载控制器:Article

[ 2017-01-20T17:19:19+08:00 ] ::1 /major/admin.php?m=Home&c=article&a=add_article_form
NOTIC: [8] Constant BIND_MODULE already defined C:\xampp\htdocs\major\ThinkPHP\Library\Think\Dispatcher.class.php 第 100 行.
INFO: [ app_begin ] --START--
INFO: Run Behavior\ReadHtmlCache [ RunTime:0.001000s ]
INFO: [ app_begin ] --END-- [ RunTime:0.001000s ]
ERR: 无法加载控制器:Article

[ 2017-01-20T17:19:19+08:00 ] ::1 /major/admin.php?m=Home&c=article&a=show_article
NOTIC: [8] Constant BIND_MODULE already defined C:\xampp\htdocs\major\ThinkPHP\Library\Think\Dispatcher.class.php 第 100 行.
INFO: [ app_begin ] --START--
INFO: Run Behavior\ReadHtmlCache [ RunTime:0.001000s ]
INFO: [ app_begin ] --END-- [ RunTime:0.001000s ]
ERR: 无法加载控制器:Article

[ 2017-01-20T17:19:20+08:00 ] ::1 /major/admin.php?m=Home&c=article&a=add_article_form
NOTIC: [8] Constant BIND_MODULE already defined C:\xampp\htdocs\major\ThinkPHP\Library\Think\Dispatcher.class.php 第 100 行.
INFO: [ app_begin ] --START--
INFO: Run Behavior\ReadHtmlCache [ RunTime:0.001000s ]
INFO: [ app_begin ] --END-- [ RunTime:0.001000s ]
ERR: 无法加载控制器:Article

[ 2017-01-20T17:19:22+08:00 ] ::1 /major/admin.php?m=Home&c=article&a=add_article_form
NOTIC: [8] Constant BIND_MODULE already defined C:\xampp\htdocs\major\ThinkPHP\Library\Think\Dispatcher.class.php 第 100 行.
INFO: [ app_begin ] --START--
INFO: Run Behavior\ReadHtmlCache [ RunTime:0.001000s ]
INFO: [ app_begin ] --END-- [ RunTime:0.001000s ]
ERR: 无法加载控制器:Article

[ 2017-01-20T17:19:22+08:00 ] ::1 /major/admin.php?m=Home&c=article&a=add_article_form
NOTIC: [8] Constant BIND_MODULE already defined C:\xampp\htdocs\major\ThinkPHP\Library\Think\Dispatcher.class.php 第 100 行.
INFO: [ app_begin ] --START--
INFO: Run Behavior\ReadHtmlCache [ RunTime:0.000000s ]
INFO: [ app_begin ] --END-- [ RunTime:0.000000s ]
ERR: 无法加载控制器:Article

[ 2017-01-20T17:19:23+08:00 ] ::1 /major/admin.php?m=Home&c=article&a=show_article
NOTIC: [8] Constant BIND_MODULE already defined C:\xampp\htdocs\major\ThinkPHP\Library\Think\Dispatcher.class.php 第 100 行.
INFO: [ app_begin ] --START--
INFO: Run Behavior\ReadHtmlCache [ RunTime:0.001000s ]
INFO: [ app_begin ] --END-- [ RunTime:0.001000s ]
ERR: 无法加载控制器:Article

[ 2017-01-20T17:19:24+08:00 ] ::1 /major/admin.php?m=Home&c=article&a=add_article_form
NOTIC: [8] Constant BIND_MODULE already defined C:\xampp\htdocs\major\ThinkPHP\Library\Think\Dispatcher.class.php 第 100 行.
INFO: [ app_begin ] --START--
INFO: Run Behavior\ReadHtmlCache [ RunTime:0.001000s ]
INFO: [ app_begin ] --END-- [ RunTime:0.001000s ]
ERR: 无法加载控制器:Article

[ 2017-01-20T17:19:24+08:00 ] ::1 /major/admin.php?m=Home&c=article&a=show_article
NOTIC: [8] Constant BIND_MODULE already defined C:\xampp\htdocs\major\ThinkPHP\Library\Think\Dispatcher.class.php 第 100 行.
INFO: [ app_begin ] --START--
INFO: Run Behavior\ReadHtmlCache [ RunTime:0.001000s ]
INFO: [ app_begin ] --END-- [ RunTime:0.001000s ]
ERR: 无法加载控制器:Article

[ 2017-01-20T17:19:24+08:00 ] ::1 /major/admin.php?m=Home&c=article&a=add_article_form
NOTIC: [8] Constant BIND_MODULE already defined C:\xampp\htdocs\major\ThinkPHP\Library\Think\Dispatcher.class.php 第 100 行.
INFO: [ app_begin ] --START--
INFO: Run Behavior\ReadHtmlCache [ RunTime:0.001000s ]
INFO: [ app_begin ] --END-- [ RunTime:0.001000s ]
ERR: 无法加载控制器:Article

