[ 2017-03-03T16:36:56+08:00 ] ::1 /major/admin.php
INFO: [ app_begin ] --START--
INFO: Run Behavior\ReadHtmlCache [ RunTime:0.002000s ]
INFO: [ app_begin ] --END-- [ RunTime:0.002000s ]

[ 2017-03-03T16:36:57+08:00 ] ::1 /major/admin.php?m=Home&c=login&a=index
NOTIC: [8] Constant BIND_MODULE already defined C:\xampp\htdocs\major\ThinkPHP\Library\Think\Dispatcher.class.php 第 100 行.
INFO: [ app_begin ] --START--
INFO: Run Behavior\ReadHtmlCache [ RunTime:0.002000s ]
INFO: [ app_begin ] --END-- [ RunTime:0.002000s ]
INFO: [ view_parse ] --START--
INFO: [ template_filter ] --START--
INFO: Run Behavior\ContentReplace [ RunTime:0.000000s ]
INFO: [ template_filter ] --END-- [ RunTime:0.000000s ]
INFO: Run Behavior\ParseTemplate [ RunTime:0.010001s ]
INFO: [ view_parse ] --END-- [ RunTime:0.010001s ]
INFO: [ view_filter ] --START--
INFO: Run Behavior\WriteHtmlCache [ RunTime:0.002000s ]
INFO: [ view_filter ] --END-- [ RunTime:0.002000s ]
INFO: [ app_end ] --START--
INFO: Run Behavior\ShowPageTrace [ RunTime:0.002000s ]
INFO: [ app_end ] --END-- [ RunTime:0.002000s ]

[ 2017-03-03T16:37:03+08:00 ] ::1 /major/admin.php?m=Home&c=login&a=login_check
NOTIC: [8] Constant BIND_MODULE already defined C:\xampp\htdocs\major\ThinkPHP\Library\Think\Dispatcher.class.php 第 100 行.
INFO: [ app_begin ] --START--
INFO: Run Behavior\ReadHtmlCache [ RunTime:0.001000s ]
INFO: [ app_begin ] --END-- [ RunTime:0.001000s ]
NOTIC: [8192] mysql_connect(): The mysql extension is deprecated and will be removed in the future: use mysqli or PDO instead C:\xampp\htdocs\major\ThinkPHP\Library\Think\Db\Driver\Mysql.class.php 第 52 行.
SQL: SHOW COLUMNS FROM `nfc_admin` [ RunTime:0.010001s ]
SQL: SELECT `password` FROM `nfc_admin` WHERE ( username ='admin' ) LIMIT 1   [ RunTime:0.000000s ]

[ 2017-03-03T16:37:03+08:00 ] ::1 /major/admin.php?m=Home&c=login&a=index
NOTIC: [8] Constant BIND_MODULE already defined C:\xampp\htdocs\major\ThinkPHP\Library\Think\Dispatcher.class.php 第 100 行.
INFO: [ app_begin ] --START--
INFO: Run Behavior\ReadHtmlCache [ RunTime:0.001000s ]
INFO: [ app_begin ] --END-- [ RunTime:0.002000s ]
INFO: [ view_parse ] --START--
INFO: [ template_filter ] --START--
INFO: Run Behavior\ContentReplace [ RunTime:0.000000s ]
INFO: [ template_filter ] --END-- [ RunTime:0.000000s ]
INFO: Run Behavior\ParseTemplate [ RunTime:0.010001s ]
INFO: [ view_parse ] --END-- [ RunTime:0.010001s ]
INFO: [ view_filter ] --START--
INFO: Run Behavior\WriteHtmlCache [ RunTime:0.001000s ]
INFO: [ view_filter ] --END-- [ RunTime:0.001000s ]
INFO: [ app_end ] --START--
INFO: Run Behavior\ShowPageTrace [ RunTime:0.001000s ]
INFO: [ app_end ] --END-- [ RunTime:0.001000s ]

[ 2017-03-03T16:37:08+08:00 ] ::1 /major/admin.php?m=Home&c=login&a=login_check
NOTIC: [8] Constant BIND_MODULE already defined C:\xampp\htdocs\major\ThinkPHP\Library\Think\Dispatcher.class.php 第 100 行.
INFO: [ app_begin ] --START--
INFO: Run Behavior\ReadHtmlCache [ RunTime:0.001000s ]
INFO: [ app_begin ] --END-- [ RunTime:0.001000s ]
NOTIC: [8192] mysql_connect(): The mysql extension is deprecated and will be removed in the future: use mysqli or PDO instead C:\xampp\htdocs\major\ThinkPHP\Library\Think\Db\Driver\Mysql.class.php 第 52 行.
SQL: SHOW COLUMNS FROM `nfc_admin` [ RunTime:0.004001s ]
SQL: SELECT `password` FROM `nfc_admin` WHERE ( username ='admin' ) LIMIT 1   [ RunTime:0.000000s ]

[ 2017-03-03T16:37:08+08:00 ] ::1 /major/admin.php?m=Home&c=index&a=index
NOTIC: [8] Constant BIND_MODULE already defined C:\xampp\htdocs\major\ThinkPHP\Library\Think\Dispatcher.class.php 第 100 行.
INFO: [ app_begin ] --START--
INFO: Run Behavior\ReadHtmlCache [ RunTime:0.001000s ]
INFO: [ app_begin ] --END-- [ RunTime:0.001000s ]
INFO: [ view_parse ] --START--
INFO: [ template_filter ] --START--
INFO: Run Behavior\ContentReplace [ RunTime:0.000000s ]
INFO: [ template_filter ] --END-- [ RunTime:0.000000s ]
INFO: Run Behavior\ParseTemplate [ RunTime:0.011002s ]
INFO: [ view_parse ] --END-- [ RunTime:0.012002s ]
INFO: [ view_filter ] --START--
INFO: Run Behavior\WriteHtmlCache [ RunTime:0.002000s ]
INFO: [ view_filter ] --END-- [ RunTime:0.002000s ]
INFO: [ app_end ] --START--
INFO: Run Behavior\ShowPageTrace [ RunTime:0.001000s ]
INFO: [ app_end ] --END-- [ RunTime:0.001000s ]

[ 2017-03-03T16:37:08+08:00 ] ::1 /major/admin.php?m=Home&c=index&a=show_welcome
NOTIC: [8] Constant BIND_MODULE already defined C:\xampp\htdocs\major\ThinkPHP\Library\Think\Dispatcher.class.php 第 100 行.
INFO: [ app_begin ] --START--
INFO: Run Behavior\ReadHtmlCache [ RunTime:0.001000s ]
INFO: [ app_begin ] --END-- [ RunTime:0.001000s ]
NOTIC: [8192] mysql_connect(): The mysql extension is deprecated and will be removed in the future: use mysqli or PDO instead C:\xampp\htdocs\major\ThinkPHP\Library\Think\Db\Driver\Mysql.class.php 第 52 行.
SQL: SHOW COLUMNS FROM `nfc_admin` [ RunTime:0.006000s ]
SQL: SELECT * FROM `nfc_admin` WHERE ( username='admin' ) LIMIT 1   [ RunTime:0.000000s ]
SQL: UPDATE `nfc_admin` SET `LastLoginIP`='0.0.0.0',`LastLoginTime`='2017-03-03 16:37:08' WHERE ( username='admin' ) [ RunTime:0.001000s ]
INFO: [ view_parse ] --START--
INFO: [ template_filter ] --START--
INFO: Run Behavior\ContentReplace [ RunTime:0.000000s ]
INFO: [ template_filter ] --END-- [ RunTime:0.000000s ]
NOTIC: [8] Undefined index: AdminName C:\xampp\htdocs\major\Application\Runtime\Cache\Home\60ec3b636d20a54d9598dd3c70ec0e21.php 第 22 行.
INFO: Run Behavior\ParseTemplate [ RunTime:0.012001s ]
INFO: [ view_parse ] --END-- [ RunTime:0.012001s ]
INFO: [ view_filter ] --START--
INFO: Run Behavior\WriteHtmlCache [ RunTime:0.001000s ]
INFO: [ view_filter ] --END-- [ RunTime:0.001000s ]
INFO: [ app_end ] --START--
INFO: Run Behavior\ShowPageTrace [ RunTime:0.001000s ]
INFO: [ app_end ] --END-- [ RunTime:0.001000s ]

[ 2017-03-03T16:37:31+08:00 ] ::1 /major/admin.php?m=Home&c=article&a=product
NOTIC: [8] Constant BIND_MODULE already defined C:\xampp\htdocs\major\ThinkPHP\Library\Think\Dispatcher.class.php 第 100 行.
INFO: [ app_begin ] --START--
INFO: Run Behavior\ReadHtmlCache [ RunTime:0.002000s ]
INFO: [ app_begin ] --END-- [ RunTime:0.002000s ]
NOTIC: [8192] mysql_connect(): The mysql extension is deprecated and will be removed in the future: use mysqli or PDO instead C:\xampp\htdocs\major\ThinkPHP\Library\Think\Db\Driver\Mysql.class.php 第 52 行.
SQL: SHOW COLUMNS FROM `nfc_product` [ RunTime:0.014001s ]
NOTIC: [8] Undefined index: p C:\xampp\htdocs\major\Application\Home\Controller\ArticleController.class.php 第 17 行.
SQL: SELECT * FROM `nfc_product` WHERE ( isHide=1 ) ORDER BY update_time desc LIMIT 0,10   [ RunTime:0.001000s ]
SQL: SELECT COUNT(*) AS tp_count FROM `nfc_product` WHERE ( isHide=1 ) LIMIT 1   [ RunTime:0.001000s ]
INFO: [ view_parse ] --START--
INFO: [ template_filter ] --START--
INFO: Run Behavior\ContentReplace [ RunTime:0.000000s ]
INFO: [ template_filter ] --END-- [ RunTime:0.000000s ]
INFO: Run Behavior\ParseTemplate [ RunTime:0.021002s ]
INFO: [ view_parse ] --END-- [ RunTime:0.021002s ]
INFO: [ view_filter ] --START--
INFO: Run Behavior\WriteHtmlCache [ RunTime:0.002000s ]
INFO: [ view_filter ] --END-- [ RunTime:0.002000s ]
INFO: [ app_end ] --START--
INFO: Run Behavior\ShowPageTrace [ RunTime:0.003000s ]
INFO: [ app_end ] --END-- [ RunTime:0.003000s ]

[ 2017-03-03T16:37:54+08:00 ] ::1 /major/admin.php?m=Home&c=Article&a=product&p=2
NOTIC: [8] Constant BIND_MODULE already defined C:\xampp\htdocs\major\ThinkPHP\Library\Think\Dispatcher.class.php 第 100 行.
INFO: [ app_begin ] --START--
INFO: Run Behavior\ReadHtmlCache [ RunTime:0.002001s ]
INFO: [ app_begin ] --END-- [ RunTime:0.002001s ]
NOTIC: [8192] mysql_connect(): The mysql extension is deprecated and will be removed in the future: use mysqli or PDO instead C:\xampp\htdocs\major\ThinkPHP\Library\Think\Db\Driver\Mysql.class.php 第 52 行.
SQL: SHOW COLUMNS FROM `nfc_product` [ RunTime:0.006001s ]
SQL: SELECT * FROM `nfc_product` WHERE ( isHide=1 ) ORDER BY update_time desc LIMIT 10,10   [ RunTime:0.001000s ]
SQL: SELECT COUNT(*) AS tp_count FROM `nfc_product` WHERE ( isHide=1 ) LIMIT 1   [ RunTime:0.001000s ]
INFO: [ view_parse ] --START--
INFO: [ template_filter ] --START--
INFO: Run Behavior\ContentReplace [ RunTime:0.000000s ]
INFO: [ template_filter ] --END-- [ RunTime:0.000000s ]
INFO: Run Behavior\ParseTemplate [ RunTime:0.013002s ]
INFO: [ view_parse ] --END-- [ RunTime:0.013002s ]
INFO: [ view_filter ] --START--
INFO: Run Behavior\WriteHtmlCache [ RunTime:0.002000s ]
INFO: [ view_filter ] --END-- [ RunTime:0.002000s ]
INFO: [ app_end ] --START--
INFO: Run Behavior\ShowPageTrace [ RunTime:0.001000s ]
INFO: [ app_end ] --END-- [ RunTime:0.001000s ]

[ 2017-03-03T16:37:55+08:00 ] ::1 /major/admin.php?m=Home&c=Article&a=product&p=1
NOTIC: [8] Constant BIND_MODULE already defined C:\xampp\htdocs\major\ThinkPHP\Library\Think\Dispatcher.class.php 第 100 行.
INFO: [ app_begin ] --START--
INFO: Run Behavior\ReadHtmlCache [ RunTime:0.001000s ]
INFO: [ app_begin ] --END-- [ RunTime:0.001000s ]
NOTIC: [8192] mysql_connect(): The mysql extension is deprecated and will be removed in the future: use mysqli or PDO instead C:\xampp\htdocs\major\ThinkPHP\Library\Think\Db\Driver\Mysql.class.php 第 52 行.
SQL: SHOW COLUMNS FROM `nfc_product` [ RunTime:0.004000s ]
SQL: SELECT * FROM `nfc_product` WHERE ( isHide=1 ) ORDER BY update_time desc LIMIT 0,10   [ RunTime:0.001000s ]
SQL: SELECT COUNT(*) AS tp_count FROM `nfc_product` WHERE ( isHide=1 ) LIMIT 1   [ RunTime:0.000000s ]
INFO: [ view_parse ] --START--
INFO: [ template_filter ] --START--
INFO: Run Behavior\ContentReplace [ RunTime:0.000000s ]
INFO: [ template_filter ] --END-- [ RunTime:0.000000s ]
INFO: Run Behavior\ParseTemplate [ RunTime:0.012002s ]
INFO: [ view_parse ] --END-- [ RunTime:0.012002s ]
INFO: [ view_filter ] --START--
INFO: Run Behavior\WriteHtmlCache [ RunTime:0.001000s ]
INFO: [ view_filter ] --END-- [ RunTime:0.001000s ]
INFO: [ app_end ] --START--
INFO: Run Behavior\ShowPageTrace [ RunTime:0.002000s ]
INFO: [ app_end ] --END-- [ RunTime:0.002000s ]

[ 2017-03-03T16:37:58+08:00 ] ::1 /major/admin.php?m=Home&c=chart&a=index
NOTIC: [8] Constant BIND_MODULE already defined C:\xampp\htdocs\major\ThinkPHP\Library\Think\Dispatcher.class.php 第 100 行.
INFO: [ app_begin ] --START--
INFO: Run Behavior\ReadHtmlCache [ RunTime:0.002000s ]
INFO: [ app_begin ] --END-- [ RunTime:0.002000s ]
INFO: [ view_parse ] --START--
INFO: [ template_filter ] --START--
INFO: Run Behavior\ContentReplace [ RunTime:0.000000s ]
INFO: [ template_filter ] --END-- [ RunTime:0.001000s ]
INFO: Run Behavior\ParseTemplate [ RunTime:0.018002s ]
INFO: [ view_parse ] --END-- [ RunTime:0.018002s ]
INFO: [ view_filter ] --START--
INFO: Run Behavior\WriteHtmlCache [ RunTime:0.001000s ]
INFO: [ view_filter ] --END-- [ RunTime:0.001000s ]
INFO: [ app_end ] --START--
INFO: Run Behavior\ShowPageTrace [ RunTime:0.001000s ]
INFO: [ app_end ] --END-- [ RunTime:0.001000s ]

