[ 2017-02-20T14:33:28+08:00 ] ::1 /major/
INFO: [ app_begin ] --START--
INFO: Run Behavior\ReadHtmlCache [ RunTime:0.001000s ]
INFO: [ app_begin ] --END-- [ RunTime:0.003001s ]

[ 2017-02-20T14:33:28+08:00 ] ::1 /major/index.php?m=Home&c=login&a=index
INFO: [ app_begin ] --START--
INFO: Run Behavior\ReadHtmlCache [ RunTime:0.000000s ]
INFO: [ app_begin ] --END-- [ RunTime:0.002000s ]
INFO: [ view_parse ] --START--
INFO: [ template_filter ] --START--
INFO: Run Behavior\ContentReplace [ RunTime:0.000000s ]
INFO: [ template_filter ] --END-- [ RunTime:0.000000s ]
INFO: Run Behavior\ParseTemplate [ RunTime:0.010001s ]
INFO: [ view_parse ] --END-- [ RunTime:0.010001s ]
INFO: [ view_filter ] --START--
INFO: Run Behavior\WriteHtmlCache [ RunTime:0.001000s ]
INFO: [ view_filter ] --END-- [ RunTime:0.001000s ]
INFO: [ app_end ] --START--
INFO: Run Behavior\ShowPageTrace [ RunTime:0.002000s ]
INFO: [ app_end ] --END-- [ RunTime:0.002000s ]

[ 2017-02-20T14:33:35+08:00 ] ::1 /major/
INFO: [ app_begin ] --START--
INFO: Run Behavior\ReadHtmlCache [ RunTime:0.001000s ]
INFO: [ app_begin ] --END-- [ RunTime:0.002000s ]

[ 2017-02-20T14:33:35+08:00 ] ::1 /major/index.php?m=Home&c=login&a=index
INFO: [ app_begin ] --START--
INFO: Run Behavior\ReadHtmlCache [ RunTime:0.000000s ]
INFO: [ app_begin ] --END-- [ RunTime:0.001000s ]
INFO: [ view_parse ] --START--
INFO: [ template_filter ] --START--
INFO: Run Behavior\ContentReplace [ RunTime:0.000000s ]
INFO: [ template_filter ] --END-- [ RunTime:0.000000s ]
INFO: Run Behavior\ParseTemplate [ RunTime:0.007000s ]
INFO: [ view_parse ] --END-- [ RunTime:0.007000s ]
INFO: [ view_filter ] --START--
INFO: Run Behavior\WriteHtmlCache [ RunTime:0.000000s ]
INFO: [ view_filter ] --END-- [ RunTime:0.000000s ]
INFO: [ app_end ] --START--
INFO: Run Behavior\ShowPageTrace [ RunTime:0.001000s ]
INFO: [ app_end ] --END-- [ RunTime:0.001000s ]

[ 2017-02-20T14:33:42+08:00 ] ::1 /major/admin.php
INFO: [ app_begin ] --START--
INFO: Run Behavior\ReadHtmlCache [ RunTime:0.001000s ]
INFO: [ app_begin ] --END-- [ RunTime:0.001000s ]

[ 2017-02-20T14:33:42+08:00 ] ::1 /major/admin.php?m=Home&c=login&a=index
NOTIC: [8] Constant BIND_MODULE already defined C:\xampp\htdocs\major\ThinkPHP\Library\Think\Dispatcher.class.php 第 100 行.
INFO: [ app_begin ] --START--
INFO: Run Behavior\ReadHtmlCache [ RunTime:0.001000s ]
INFO: [ app_begin ] --END-- [ RunTime:0.001000s ]
INFO: [ view_parse ] --START--
INFO: [ template_filter ] --START--
INFO: Run Behavior\ContentReplace [ RunTime:0.000000s ]
INFO: [ template_filter ] --END-- [ RunTime:0.000000s ]
INFO: Run Behavior\ParseTemplate [ RunTime:0.007001s ]
INFO: [ view_parse ] --END-- [ RunTime:0.007001s ]
INFO: [ view_filter ] --START--
INFO: Run Behavior\WriteHtmlCache [ RunTime:0.001000s ]
INFO: [ view_filter ] --END-- [ RunTime:0.001000s ]
INFO: [ app_end ] --START--
INFO: Run Behavior\ShowPageTrace [ RunTime:0.000000s ]
INFO: [ app_end ] --END-- [ RunTime:0.001000s ]

[ 2017-02-20T14:33:46+08:00 ] ::1 /major/admin.php?m=Home&c=login&a=login_check
NOTIC: [8] Constant BIND_MODULE already defined C:\xampp\htdocs\major\ThinkPHP\Library\Think\Dispatcher.class.php 第 100 行.
INFO: [ app_begin ] --START--
INFO: Run Behavior\ReadHtmlCache [ RunTime:0.000000s ]
INFO: [ app_begin ] --END-- [ RunTime:0.000000s ]
NOTIC: [8192] mysql_connect(): The mysql extension is deprecated and will be removed in the future: use mysqli or PDO instead C:\xampp\htdocs\major\ThinkPHP\Library\Think\Db\Driver\Mysql.class.php 第 52 行.
SQL: SHOW COLUMNS FROM `nfc_admin` [ RunTime:0.007001s ]
SQL: SELECT `password` FROM `nfc_admin` WHERE ( username ='admin' ) LIMIT 1   [ RunTime:0.001000s ]

[ 2017-02-20T14:33:46+08:00 ] ::1 /major/admin.php?m=Home&c=index&a=index
NOTIC: [8] Constant BIND_MODULE already defined C:\xampp\htdocs\major\ThinkPHP\Library\Think\Dispatcher.class.php 第 100 行.
INFO: [ app_begin ] --START--
INFO: Run Behavior\ReadHtmlCache [ RunTime:0.001000s ]
INFO: [ app_begin ] --END-- [ RunTime:0.001000s ]
INFO: [ view_parse ] --START--
INFO: [ template_filter ] --START--
INFO: Run Behavior\ContentReplace [ RunTime:0.000000s ]
INFO: [ template_filter ] --END-- [ RunTime:0.000000s ]
INFO: Run Behavior\ParseTemplate [ RunTime:0.007001s ]
INFO: [ view_parse ] --END-- [ RunTime:0.007001s ]
INFO: [ view_filter ] --START--
INFO: Run Behavior\WriteHtmlCache [ RunTime:0.000000s ]
INFO: [ view_filter ] --END-- [ RunTime:0.000000s ]
INFO: [ app_end ] --START--
INFO: Run Behavior\ShowPageTrace [ RunTime:0.000000s ]
INFO: [ app_end ] --END-- [ RunTime:0.001000s ]

[ 2017-02-20T14:33:46+08:00 ] ::1 /major/admin.php?m=Home&c=index&a=show_welcome
NOTIC: [8] Constant BIND_MODULE already defined C:\xampp\htdocs\major\ThinkPHP\Library\Think\Dispatcher.class.php 第 100 行.
INFO: [ app_begin ] --START--
INFO: Run Behavior\ReadHtmlCache [ RunTime:0.001000s ]
INFO: [ app_begin ] --END-- [ RunTime:0.001000s ]
NOTIC: [8192] mysql_connect(): The mysql extension is deprecated and will be removed in the future: use mysqli or PDO instead C:\xampp\htdocs\major\ThinkPHP\Library\Think\Db\Driver\Mysql.class.php 第 52 行.
SQL: SHOW COLUMNS FROM `nfc_admin` [ RunTime:0.004001s ]
SQL: SELECT * FROM `nfc_admin` WHERE ( username='admin' ) LIMIT 1   [ RunTime:0.000000s ]
SQL: UPDATE `nfc_admin` SET `LastLoginIP`='0.0.0.0',`LastLoginTime`='2017-02-20 14:33:46' WHERE ( username='admin' ) [ RunTime:0.003000s ]
INFO: [ view_parse ] --START--
INFO: [ template_filter ] --START--
INFO: Run Behavior\ContentReplace [ RunTime:0.000000s ]
INFO: [ template_filter ] --END-- [ RunTime:0.000000s ]
NOTIC: [8] Undefined index: AdminName C:\xampp\htdocs\major\Application\Runtime\Cache\Home\60ec3b636d20a54d9598dd3c70ec0e21.php 第 22 行.
INFO: Run Behavior\ParseTemplate [ RunTime:0.007001s ]
INFO: [ view_parse ] --END-- [ RunTime:0.008001s ]
INFO: [ view_filter ] --START--
INFO: Run Behavior\WriteHtmlCache [ RunTime:0.001000s ]
INFO: [ view_filter ] --END-- [ RunTime:0.001000s ]
INFO: [ app_end ] --START--
INFO: Run Behavior\ShowPageTrace [ RunTime:0.001000s ]
INFO: [ app_end ] --END-- [ RunTime:0.001000s ]

[ 2017-02-20T14:33:52+08:00 ] ::1 /major/admin.php?m=Home&c=article&a=add_article_form
NOTIC: [8] Constant BIND_MODULE already defined C:\xampp\htdocs\major\ThinkPHP\Library\Think\Dispatcher.class.php 第 100 行.
INFO: [ app_begin ] --START--
INFO: Run Behavior\ReadHtmlCache [ RunTime:0.001000s ]
INFO: [ app_begin ] --END-- [ RunTime:0.001000s ]
ERR: 无法加载控制器:Article

[ 2017-02-20T14:33:53+08:00 ] ::1 /major/admin.php?m=Home&c=article&a=show_article
NOTIC: [8] Constant BIND_MODULE already defined C:\xampp\htdocs\major\ThinkPHP\Library\Think\Dispatcher.class.php 第 100 行.
INFO: [ app_begin ] --START--
INFO: Run Behavior\ReadHtmlCache [ RunTime:0.000000s ]
INFO: [ app_begin ] --END-- [ RunTime:0.000000s ]
ERR: 无法加载控制器:Article

[ 2017-02-20T14:33:57+08:00 ] ::1 /major/admin.php?m=Home&c=index&a=quit
NOTIC: [8] Constant BIND_MODULE already defined C:\xampp\htdocs\major\ThinkPHP\Library\Think\Dispatcher.class.php 第 100 行.
INFO: [ app_begin ] --START--
INFO: Run Behavior\ReadHtmlCache [ RunTime:0.000000s ]
INFO: [ app_begin ] --END-- [ RunTime:0.000000s ]

[ 2017-02-20T14:33:57+08:00 ] ::1 /major/admin.php?m=Home&c=login&a=index
NOTIC: [8] Constant BIND_MODULE already defined C:\xampp\htdocs\major\ThinkPHP\Library\Think\Dispatcher.class.php 第 100 行.
INFO: [ app_begin ] --START--
INFO: Run Behavior\ReadHtmlCache [ RunTime:0.001000s ]
INFO: [ app_begin ] --END-- [ RunTime:0.001000s ]
INFO: [ view_parse ] --START--
INFO: [ template_filter ] --START--
INFO: Run Behavior\ContentReplace [ RunTime:0.000000s ]
INFO: [ template_filter ] --END-- [ RunTime:0.000000s ]
INFO: Run Behavior\ParseTemplate [ RunTime:0.005001s ]
INFO: [ view_parse ] --END-- [ RunTime:0.005001s ]
INFO: [ view_filter ] --START--
INFO: Run Behavior\WriteHtmlCache [ RunTime:0.001000s ]
INFO: [ view_filter ] --END-- [ RunTime:0.001000s ]
INFO: [ app_end ] --START--
INFO: Run Behavior\ShowPageTrace [ RunTime:0.000000s ]
INFO: [ app_end ] --END-- [ RunTime:0.000000s ]

[ 2017-02-20T14:34:08+08:00 ] ::1 /major/admin.php?m=Home&c=article&a=add_article_form
NOTIC: [8] Constant BIND_MODULE already defined C:\xampp\htdocs\major\ThinkPHP\Library\Think\Dispatcher.class.php 第 100 行.
INFO: [ app_begin ] --START--
INFO: Run Behavior\ReadHtmlCache [ RunTime:0.002000s ]
INFO: [ app_begin ] --END-- [ RunTime:0.002000s ]
ERR: 无法加载控制器:Article

[ 2017-02-20T14:34:08+08:00 ] ::1 /major/admin.php?m=Home&c=article&a=add_article_form
NOTIC: [8] Constant BIND_MODULE already defined C:\xampp\htdocs\major\ThinkPHP\Library\Think\Dispatcher.class.php 第 100 行.
INFO: [ app_begin ] --START--
INFO: Run Behavior\ReadHtmlCache [ RunTime:0.002000s ]
INFO: [ app_begin ] --END-- [ RunTime:0.003000s ]
ERR: 无法加载控制器:Article

[ 2017-02-20T15:03:28+08:00 ] ::1 /major/
INFO: [ app_begin ] --START--
INFO: Run Behavior\ReadHtmlCache [ RunTime:0.002999s ]
INFO: [ app_begin ] --END-- [ RunTime:0.003999s ]

[ 2017-02-20T15:03:28+08:00 ] ::1 /major/index.php?m=Home&c=login&a=index
INFO: [ app_begin ] --START--
INFO: Run Behavior\ReadHtmlCache [ RunTime:0.001999s ]
INFO: [ app_begin ] --END-- [ RunTime:0.002999s ]
INFO: [ view_parse ] --START--
INFO: [ template_filter ] --START--
INFO: Run Behavior\ContentReplace [ RunTime:0.000000s ]
INFO: [ template_filter ] --END-- [ RunTime:0.000000s ]
INFO: Run Behavior\ParseTemplate [ RunTime:0.037996s ]
INFO: [ view_parse ] --END-- [ RunTime:0.037996s ]
INFO: [ view_filter ] --START--
INFO: Run Behavior\WriteHtmlCache [ RunTime:0.002000s ]
INFO: [ view_filter ] --END-- [ RunTime:0.002000s ]
INFO: [ app_end ] --START--
INFO: Run Behavior\ShowPageTrace [ RunTime:0.003999s ]
INFO: [ app_end ] --END-- [ RunTime:0.003999s ]

[ 2017-02-20T15:03:34+08:00 ] ::1 /major/admin.php
INFO: [ app_begin ] --START--
INFO: Run Behavior\ReadHtmlCache [ RunTime:0.001000s ]
INFO: [ app_begin ] --END-- [ RunTime:0.002000s ]

[ 2017-02-20T15:03:34+08:00 ] ::1 /major/admin.php?m=Home&c=login&a=index
NOTIC: [8] Constant BIND_MODULE already defined C:\xampp\htdocs\major\ThinkPHP\Library\Think\Dispatcher.class.php 第 100 行.
INFO: [ app_begin ] --START--
INFO: Run Behavior\ReadHtmlCache [ RunTime:0.001000s ]
INFO: [ app_begin ] --END-- [ RunTime:0.001000s ]
INFO: [ view_parse ] --START--
INFO: [ template_filter ] --START--
INFO: Run Behavior\ContentReplace [ RunTime:0.000000s ]
INFO: [ template_filter ] --END-- [ RunTime:0.000000s ]
INFO: Run Behavior\ParseTemplate [ RunTime:0.006999s ]
INFO: [ view_parse ] --END-- [ RunTime:0.006999s ]
INFO: [ view_filter ] --START--
INFO: Run Behavior\WriteHtmlCache [ RunTime:0.001000s ]
INFO: [ view_filter ] --END-- [ RunTime:0.001000s ]
INFO: [ app_end ] --START--
INFO: Run Behavior\ShowPageTrace [ RunTime:0.001000s ]
INFO: [ app_end ] --END-- [ RunTime:0.001000s ]

[ 2017-02-20T15:03:38+08:00 ] ::1 /major/admin.php?m=Home&c=login&a=login_check
NOTIC: [8] Constant BIND_MODULE already defined C:\xampp\htdocs\major\ThinkPHP\Library\Think\Dispatcher.class.php 第 100 行.
INFO: [ app_begin ] --START--
INFO: Run Behavior\ReadHtmlCache [ RunTime:0.001000s ]
INFO: [ app_begin ] --END-- [ RunTime:0.001000s ]
NOTIC: [8192] mysql_connect(): The mysql extension is deprecated and will be removed in the future: use mysqli or PDO instead C:\xampp\htdocs\major\ThinkPHP\Library\Think\Db\Driver\Mysql.class.php 第 52 行.
SQL: SHOW COLUMNS FROM `nfc_admin` [ RunTime:0.005000s ]
SQL: SELECT `password` FROM `nfc_admin` WHERE ( username ='admin' ) LIMIT 1   [ RunTime:0.001000s ]

[ 2017-02-20T15:03:38+08:00 ] ::1 /major/admin.php?m=Home&c=index&a=index
NOTIC: [8] Constant BIND_MODULE already defined C:\xampp\htdocs\major\ThinkPHP\Library\Think\Dispatcher.class.php 第 100 行.
INFO: [ app_begin ] --START--
INFO: Run Behavior\ReadHtmlCache [ RunTime:0.000999s ]
INFO: [ app_begin ] --END-- [ RunTime:0.001999s ]
INFO: [ view_parse ] --START--
INFO: [ template_filter ] --START--
INFO: Run Behavior\ContentReplace [ RunTime:0.000000s ]
INFO: [ template_filter ] --END-- [ RunTime:0.000000s ]
INFO: Run Behavior\ParseTemplate [ RunTime:0.006999s ]
INFO: [ view_parse ] --END-- [ RunTime:0.006999s ]
INFO: [ view_filter ] --START--
INFO: Run Behavior\WriteHtmlCache [ RunTime:0.000000s ]
INFO: [ view_filter ] --END-- [ RunTime:0.000000s ]
INFO: [ app_end ] --START--
INFO: Run Behavior\ShowPageTrace [ RunTime:0.000000s ]
INFO: [ app_end ] --END-- [ RunTime:0.000000s ]

[ 2017-02-20T15:03:38+08:00 ] ::1 /major/admin.php?m=Home&c=index&a=show_welcome
NOTIC: [8] Constant BIND_MODULE already defined C:\xampp\htdocs\major\ThinkPHP\Library\Think\Dispatcher.class.php 第 100 行.
INFO: [ app_begin ] --START--
INFO: Run Behavior\ReadHtmlCache [ RunTime:0.001000s ]
INFO: [ app_begin ] --END-- [ RunTime:0.001000s ]
NOTIC: [8192] mysql_connect(): The mysql extension is deprecated and will be removed in the future: use mysqli or PDO instead C:\xampp\htdocs\major\ThinkPHP\Library\Think\Db\Driver\Mysql.class.php 第 52 行.
SQL: SHOW COLUMNS FROM `nfc_admin` [ RunTime:0.004999s ]
SQL: SELECT * FROM `nfc_admin` WHERE ( username='admin' ) LIMIT 1   [ RunTime:0.000000s ]
SQL: UPDATE `nfc_admin` SET `LastLoginIP`='0.0.0.0',`LastLoginTime`='2017-02-20 15:03:38' WHERE ( username='admin' ) [ RunTime:0.003000s ]
INFO: [ view_parse ] --START--
INFO: [ template_filter ] --START--
INFO: Run Behavior\ContentReplace [ RunTime:0.000000s ]
INFO: [ template_filter ] --END-- [ RunTime:0.000000s ]
NOTIC: [8] Undefined index: AdminName C:\xampp\htdocs\major\Application\Runtime\Cache\Home\60ec3b636d20a54d9598dd3c70ec0e21.php 第 22 行.
INFO: Run Behavior\ParseTemplate [ RunTime:0.007999s ]
INFO: [ view_parse ] --END-- [ RunTime:0.007999s ]
INFO: [ view_filter ] --START--
INFO: Run Behavior\WriteHtmlCache [ RunTime:0.001000s ]
INFO: [ view_filter ] --END-- [ RunTime:0.001000s ]
INFO: [ app_end ] --START--
INFO: Run Behavior\ShowPageTrace [ RunTime:0.001000s ]
INFO: [ app_end ] --END-- [ RunTime:0.001000s ]

[ 2017-02-20T15:04:09+08:00 ] ::1 /major/admin.php?m=Home&c=article&a=add_article_form
NOTIC: [8] Constant BIND_MODULE already defined C:\xampp\htdocs\major\ThinkPHP\Library\Think\Dispatcher.class.php 第 100 行.
INFO: [ app_begin ] --START--
INFO: Run Behavior\ReadHtmlCache [ RunTime:0.002000s ]
INFO: [ app_begin ] --END-- [ RunTime:0.002000s ]
ERR: 无法加载控制器:Article

[ 2017-02-20T15:04:18+08:00 ] ::1 /major/admin.php?m=Home&c=article&a=show_article
NOTIC: [8] Constant BIND_MODULE already defined C:\xampp\htdocs\major\ThinkPHP\Library\Think\Dispatcher.class.php 第 100 行.
INFO: [ app_begin ] --START--
INFO: Run Behavior\ReadHtmlCache [ RunTime:0.001000s ]
INFO: [ app_begin ] --END-- [ RunTime:0.001000s ]
ERR: 无法加载控制器:Article

[ 2017-02-20T15:04:18+08:00 ] ::1 /major/admin.php?m=Home&c=article&a=show_article
NOTIC: [8] Constant BIND_MODULE already defined C:\xampp\htdocs\major\ThinkPHP\Library\Think\Dispatcher.class.php 第 100 行.
INFO: [ app_begin ] --START--
INFO: Run Behavior\ReadHtmlCache [ RunTime:0.002000s ]
INFO: [ app_begin ] --END-- [ RunTime:0.002000s ]
ERR: 无法加载控制器:Article

[ 2017-02-20T15:04:18+08:00 ] ::1 /major/admin.php?m=Home&c=article&a=add_article_form
NOTIC: [8] Constant BIND_MODULE already defined C:\xampp\htdocs\major\ThinkPHP\Library\Think\Dispatcher.class.php 第 100 行.
INFO: [ app_begin ] --START--
INFO: Run Behavior\ReadHtmlCache [ RunTime:0.000000s ]
INFO: [ app_begin ] --END-- [ RunTime:0.000000s ]
ERR: 无法加载控制器:Article

[ 2017-02-20T15:04:19+08:00 ] ::1 /major/admin.php?m=Home&c=article&a=show_article
NOTIC: [8] Constant BIND_MODULE already defined C:\xampp\htdocs\major\ThinkPHP\Library\Think\Dispatcher.class.php 第 100 行.
INFO: [ app_begin ] --START--
INFO: Run Behavior\ReadHtmlCache [ RunTime:0.000000s ]
INFO: [ app_begin ] --END-- [ RunTime:0.000000s ]
ERR: 无法加载控制器:Article

[ 2017-02-20T15:04:19+08:00 ] ::1 /major/admin.php?m=Home&c=article&a=add_article_form
NOTIC: [8] Constant BIND_MODULE already defined C:\xampp\htdocs\major\ThinkPHP\Library\Think\Dispatcher.class.php 第 100 行.
INFO: [ app_begin ] --START--
INFO: Run Behavior\ReadHtmlCache [ RunTime:0.001000s ]
INFO: [ app_begin ] --END-- [ RunTime:0.001000s ]
ERR: 无法加载控制器:Article

[ 2017-02-20T15:04:20+08:00 ] ::1 /major/admin.php?m=Home&c=article&a=show_article
NOTIC: [8] Constant BIND_MODULE already defined C:\xampp\htdocs\major\ThinkPHP\Library\Think\Dispatcher.class.php 第 100 行.
INFO: [ app_begin ] --START--
INFO: Run Behavior\ReadHtmlCache [ RunTime:0.000000s ]
INFO: [ app_begin ] --END-- [ RunTime:0.000000s ]
ERR: 无法加载控制器:Article

[ 2017-02-20T15:04:20+08:00 ] ::1 /major/admin.php?m=Home&c=article&a=add_article_form
NOTIC: [8] Constant BIND_MODULE already defined C:\xampp\htdocs\major\ThinkPHP\Library\Think\Dispatcher.class.php 第 100 行.
INFO: [ app_begin ] --START--
INFO: Run Behavior\ReadHtmlCache [ RunTime:0.000000s ]
INFO: [ app_begin ] --END-- [ RunTime:0.000000s ]
ERR: 无法加载控制器:Article

[ 2017-02-20T15:04:20+08:00 ] ::1 /major/admin.php?m=Home&c=article&a=show_article
NOTIC: [8] Constant BIND_MODULE already defined C:\xampp\htdocs\major\ThinkPHP\Library\Think\Dispatcher.class.php 第 100 行.
INFO: [ app_begin ] --START--
INFO: Run Behavior\ReadHtmlCache [ RunTime:0.001000s ]
INFO: [ app_begin ] --END-- [ RunTime:0.001000s ]
ERR: 无法加载控制器:Article

[ 2017-02-20T16:33:17+08:00 ] ::1 /major/index.php?m=Home&c=login&a=index
INFO: [ app_begin ] --START--
INFO: Run Behavior\ReadHtmlCache [ RunTime:0.001000s ]
INFO: [ app_begin ] --END-- [ RunTime:0.002000s ]
INFO: [ view_parse ] --START--
INFO: [ template_filter ] --START--
INFO: Run Behavior\ContentReplace [ RunTime:0.000000s ]
INFO: [ template_filter ] --END-- [ RunTime:0.000000s ]
INFO: Run Behavior\ParseTemplate [ RunTime:0.008000s ]
INFO: [ view_parse ] --END-- [ RunTime:0.009001s ]
INFO: [ view_filter ] --START--
INFO: Run Behavior\WriteHtmlCache [ RunTime:0.000000s ]
INFO: [ view_filter ] --END-- [ RunTime:0.000000s ]
INFO: [ app_end ] --START--
INFO: Run Behavior\ShowPageTrace [ RunTime:0.001000s ]
INFO: [ app_end ] --END-- [ RunTime:0.002000s ]

[ 2017-02-20T16:33:23+08:00 ] ::1 /major/admin.php
INFO: [ app_begin ] --START--
INFO: Run Behavior\ReadHtmlCache [ RunTime:0.001000s ]
INFO: [ app_begin ] --END-- [ RunTime:0.002001s ]
INFO: [ view_parse ] --START--
INFO: [ template_filter ] --START--
INFO: Run Behavior\ContentReplace [ RunTime:0.000000s ]
INFO: [ template_filter ] --END-- [ RunTime:0.000000s ]
INFO: Run Behavior\ParseTemplate [ RunTime:0.008001s ]
INFO: [ view_parse ] --END-- [ RunTime:0.008001s ]
INFO: [ view_filter ] --START--
INFO: Run Behavior\WriteHtmlCache [ RunTime:0.001000s ]
INFO: [ view_filter ] --END-- [ RunTime:0.001000s ]
INFO: [ app_end ] --START--
INFO: Run Behavior\ShowPageTrace [ RunTime:0.001000s ]
INFO: [ app_end ] --END-- [ RunTime:0.001000s ]

[ 2017-02-20T16:33:23+08:00 ] ::1 /major/admin.php?m=Home&c=index&a=show_welcome
NOTIC: [8] Constant BIND_MODULE already defined C:\xampp\htdocs\major\ThinkPHP\Library\Think\Dispatcher.class.php 第 100 行.
INFO: [ app_begin ] --START--
INFO: Run Behavior\ReadHtmlCache [ RunTime:0.001000s ]
INFO: [ app_begin ] --END-- [ RunTime:0.001000s ]
NOTIC: [8192] mysql_connect(): The mysql extension is deprecated and will be removed in the future: use mysqli or PDO instead C:\xampp\htdocs\major\ThinkPHP\Library\Think\Db\Driver\Mysql.class.php 第 52 行.
SQL: SHOW COLUMNS FROM `nfc_admin` [ RunTime:0.005001s ]
SQL: SELECT * FROM `nfc_admin` WHERE ( username='admin' ) LIMIT 1   [ RunTime:0.000000s ]
SQL: UPDATE `nfc_admin` SET `LastLoginIP`='0.0.0.0',`LastLoginTime`='2017-02-20 16:33:23' WHERE ( username='admin' ) [ RunTime:0.002000s ]
INFO: [ view_parse ] --START--
INFO: [ template_filter ] --START--
INFO: Run Behavior\ContentReplace [ RunTime:0.000000s ]
INFO: [ template_filter ] --END-- [ RunTime:0.000000s ]
NOTIC: [8] Undefined index: AdminName C:\xampp\htdocs\major\Application\Runtime\Cache\Home\60ec3b636d20a54d9598dd3c70ec0e21.php 第 22 行.
INFO: Run Behavior\ParseTemplate [ RunTime:0.008001s ]
INFO: [ view_parse ] --END-- [ RunTime:0.008001s ]
INFO: [ view_filter ] --START--
INFO: Run Behavior\WriteHtmlCache [ RunTime:0.000000s ]
INFO: [ view_filter ] --END-- [ RunTime:0.000000s ]
INFO: [ app_end ] --START--
INFO: Run Behavior\ShowPageTrace [ RunTime:0.001000s ]
INFO: [ app_end ] --END-- [ RunTime:0.001000s ]

[ 2017-02-20T16:33:29+08:00 ] ::1 /major/admin.php?m=Home&c=article&a=show_article
NOTIC: [8] Constant BIND_MODULE already defined C:\xampp\htdocs\major\ThinkPHP\Library\Think\Dispatcher.class.php 第 100 行.
INFO: [ app_begin ] --START--
INFO: Run Behavior\ReadHtmlCache [ RunTime:0.001000s ]
INFO: [ app_begin ] --END-- [ RunTime:0.001000s ]
ERR: 无法加载控制器:Article

[ 2017-02-20T16:33:29+08:00 ] ::1 /major/admin.php?m=Home&c=article&a=show_article
NOTIC: [8] Constant BIND_MODULE already defined C:\xampp\htdocs\major\ThinkPHP\Library\Think\Dispatcher.class.php 第 100 行.
INFO: [ app_begin ] --START--
INFO: Run Behavior\ReadHtmlCache [ RunTime:0.001000s ]
INFO: [ app_begin ] --END-- [ RunTime:0.001000s ]
ERR: 无法加载控制器:Article

[ 2017-02-20T16:33:31+08:00 ] ::1 /major/admin.php?m=Home&c=article&a=add_article_form
NOTIC: [8] Constant BIND_MODULE already defined C:\xampp\htdocs\major\ThinkPHP\Library\Think\Dispatcher.class.php 第 100 行.
INFO: [ app_begin ] --START--
INFO: Run Behavior\ReadHtmlCache [ RunTime:0.001000s ]
INFO: [ app_begin ] --END-- [ RunTime:0.001000s ]
ERR: 无法加载控制器:Article

[ 2017-02-20T17:08:13+08:00 ] ::1 /major/admin.php?m=Home&c=article&a=show_article
NOTIC: [8] Constant BIND_MODULE already defined C:\xampp\htdocs\major\ThinkPHP\Library\Think\Dispatcher.class.php 第 100 行.
INFO: [ app_begin ] --START--
INFO: Run Behavior\ReadHtmlCache [ RunTime:0.001000s ]
INFO: [ app_begin ] --END-- [ RunTime:0.001000s ]
ERR: 无法加载控制器:Article

[ 2017-02-20T17:08:14+08:00 ] ::1 /major/admin.php?m=Home&c=article&a=add_article_form
NOTIC: [8] Constant BIND_MODULE already defined C:\xampp\htdocs\major\ThinkPHP\Library\Think\Dispatcher.class.php 第 100 行.
INFO: [ app_begin ] --START--
INFO: Run Behavior\ReadHtmlCache [ RunTime:0.001000s ]
INFO: [ app_begin ] --END-- [ RunTime:0.001000s ]
ERR: 无法加载控制器:Article

[ 2017-02-20T17:08:14+08:00 ] ::1 /major/admin.php?m=Home&c=article&a=show_article
NOTIC: [8] Constant BIND_MODULE already defined C:\xampp\htdocs\major\ThinkPHP\Library\Think\Dispatcher.class.php 第 100 行.
INFO: [ app_begin ] --START--
INFO: Run Behavior\ReadHtmlCache [ RunTime:0.000000s ]
INFO: [ app_begin ] --END-- [ RunTime:0.001000s ]
ERR: 无法加载控制器:Article

[ 2017-02-20T17:08:14+08:00 ] ::1 /major/admin.php?m=Home&c=article&a=add_article_form
NOTIC: [8] Constant BIND_MODULE already defined C:\xampp\htdocs\major\ThinkPHP\Library\Think\Dispatcher.class.php 第 100 行.
INFO: [ app_begin ] --START--
INFO: Run Behavior\ReadHtmlCache [ RunTime:0.001000s ]
INFO: [ app_begin ] --END-- [ RunTime:0.001000s ]
ERR: 无法加载控制器:Article

[ 2017-02-20T17:08:15+08:00 ] ::1 /major/admin.php?m=Home&c=article&a=show_article
NOTIC: [8] Constant BIND_MODULE already defined C:\xampp\htdocs\major\ThinkPHP\Library\Think\Dispatcher.class.php 第 100 行.
INFO: [ app_begin ] --START--
INFO: Run Behavior\ReadHtmlCache [ RunTime:0.001000s ]
INFO: [ app_begin ] --END-- [ RunTime:0.001000s ]
ERR: 无法加载控制器:Article

[ 2017-02-20T17:08:15+08:00 ] ::1 /major/admin.php?m=Home&c=article&a=show_article
NOTIC: [8] Constant BIND_MODULE already defined C:\xampp\htdocs\major\ThinkPHP\Library\Think\Dispatcher.class.php 第 100 行.
INFO: [ app_begin ] --START--
INFO: Run Behavior\ReadHtmlCache [ RunTime:0.001000s ]
INFO: [ app_begin ] --END-- [ RunTime:0.001000s ]
ERR: 无法加载控制器:Article

[ 2017-02-20T17:09:33+08:00 ] ::1 /major/admin.php?m=Home&c=article&a=add_article_form
NOTIC: [8] Constant BIND_MODULE already defined C:\xampp\htdocs\major\ThinkPHP\Library\Think\Dispatcher.class.php 第 100 行.
INFO: [ app_begin ] --START--
INFO: Run Behavior\ReadHtmlCache [ RunTime:0.001001s ]
INFO: [ app_begin ] --END-- [ RunTime:0.001001s ]
ERR: 无法加载控制器:Article

