[ 2017-01-18T18:01:06+08:00 ] ::1 /major/
INFO: [ app_begin ] --START--
INFO: Run Behavior\ReadHtmlCache [ RunTime:0.011000s ]
INFO: [ app_begin ] --END-- [ RunTime:0.049003s ]
INFO: [ view_parse ] --START--
INFO: [ template_filter ] --START--
INFO: Run Behavior\ContentReplace [ RunTime:0.000000s ]
INFO: [ template_filter ] --END-- [ RunTime:0.015001s ]
INFO: Run Behavior\ParseTemplate [ RunTime:0.073004s ]
INFO: [ view_parse ] --END-- [ RunTime:0.073004s ]
INFO: [ view_filter ] --START--
INFO: Run Behavior\WriteHtmlCache [ RunTime:0.015001s ]
INFO: [ view_filter ] --END-- [ RunTime:0.015001s ]
INFO: [ app_end ] --START--
INFO: Run Behavior\ShowPageTrace [ RunTime:0.018001s ]
INFO: [ app_end ] --END-- [ RunTime:0.018001s ]

[ 2017-01-18T18:02:07+08:00 ] ::1 /major/
INFO: [ app_begin ] --START--
INFO: Run Behavior\ReadHtmlCache [ RunTime:0.001000s ]
INFO: [ app_begin ] --END-- [ RunTime:0.001000s ]
INFO: [ view_parse ] --START--
INFO: [ template_filter ] --START--
INFO: Run Behavior\ContentReplace [ RunTime:0.000000s ]
INFO: [ template_filter ] --END-- [ RunTime:0.000000s ]
INFO: Run Behavior\ParseTemplate [ RunTime:0.006001s ]
INFO: [ view_parse ] --END-- [ RunTime:0.007001s ]
INFO: [ view_filter ] --START--
INFO: Run Behavior\WriteHtmlCache [ RunTime:0.000000s ]
INFO: [ view_filter ] --END-- [ RunTime:0.000000s ]
INFO: [ app_end ] --START--
INFO: Run Behavior\ShowPageTrace [ RunTime:0.001000s ]
INFO: [ app_end ] --END-- [ RunTime:0.001000s ]

[ 2017-01-18T18:02:40+08:00 ] ::1 /major/
INFO: [ app_begin ] --START--
INFO: Run Behavior\ReadHtmlCache [ RunTime:0.001000s ]
INFO: [ app_begin ] --END-- [ RunTime:0.001000s ]
INFO: [ view_parse ] --START--
INFO: [ template_filter ] --START--
INFO: Run Behavior\ContentReplace [ RunTime:0.000000s ]
INFO: [ template_filter ] --END-- [ RunTime:0.000000s ]
INFO: Run Behavior\ParseTemplate [ RunTime:0.009000s ]
INFO: [ view_parse ] --END-- [ RunTime:0.009000s ]
INFO: [ view_filter ] --START--
INFO: Run Behavior\WriteHtmlCache [ RunTime:0.001000s ]
INFO: [ view_filter ] --END-- [ RunTime:0.001000s ]
INFO: [ app_end ] --START--
INFO: Run Behavior\ShowPageTrace [ RunTime:0.000000s ]
INFO: [ app_end ] --END-- [ RunTime:0.001001s ]

[ 2017-01-18T18:03:08+08:00 ] ::1 /major/
INFO: [ app_begin ] --START--
INFO: Run Behavior\ReadHtmlCache [ RunTime:0.001000s ]
INFO: [ app_begin ] --END-- [ RunTime:0.001000s ]
INFO: [ view_parse ] --START--
INFO: [ template_filter ] --START--
INFO: Run Behavior\ContentReplace [ RunTime:0.000000s ]
INFO: [ template_filter ] --END-- [ RunTime:0.000000s ]
INFO: Run Behavior\ParseTemplate [ RunTime:0.005000s ]
INFO: [ view_parse ] --END-- [ RunTime:0.005000s ]
INFO: [ view_filter ] --START--
INFO: Run Behavior\WriteHtmlCache [ RunTime:0.001000s ]
INFO: [ view_filter ] --END-- [ RunTime:0.001000s ]
INFO: [ app_end ] --START--
INFO: Run Behavior\ShowPageTrace [ RunTime:0.001000s ]
INFO: [ app_end ] --END-- [ RunTime:0.001000s ]

[ 2017-01-18T18:04:16+08:00 ] ::1 /major/admin.php
INFO: [ app_begin ] --START--
INFO: Run Behavior\ReadHtmlCache [ RunTime:0.001000s ]
INFO: [ app_begin ] --END-- [ RunTime:0.001000s ]
INFO: [ view_parse ] --START--
INFO: [ template_filter ] --START--
INFO: Run Behavior\ContentReplace [ RunTime:0.000000s ]
INFO: [ template_filter ] --END-- [ RunTime:0.000000s ]
INFO: Run Behavior\ParseTemplate [ RunTime:0.008001s ]
INFO: [ view_parse ] --END-- [ RunTime:0.009001s ]
INFO: [ view_filter ] --START--
INFO: Run Behavior\WriteHtmlCache [ RunTime:0.000000s ]
INFO: [ view_filter ] --END-- [ RunTime:0.000000s ]
INFO: [ app_end ] --START--
INFO: Run Behavior\ShowPageTrace [ RunTime:0.001000s ]
INFO: [ app_end ] --END-- [ RunTime:0.001000s ]

[ 2017-01-18T18:04:35+08:00 ] ::1 /major/
INFO: [ app_begin ] --START--
INFO: Run Behavior\ReadHtmlCache [ RunTime:0.001000s ]
INFO: [ app_begin ] --END-- [ RunTime:0.002000s ]
INFO: [ view_parse ] --START--
INFO: [ template_filter ] --START--
INFO: Run Behavior\ContentReplace [ RunTime:0.000000s ]
INFO: [ template_filter ] --END-- [ RunTime:0.000000s ]
INFO: Run Behavior\ParseTemplate [ RunTime:0.006001s ]
INFO: [ view_parse ] --END-- [ RunTime:0.006001s ]
INFO: [ view_filter ] --START--
INFO: Run Behavior\WriteHtmlCache [ RunTime:0.001000s ]
INFO: [ view_filter ] --END-- [ RunTime:0.001000s ]
INFO: [ app_end ] --START--
INFO: Run Behavior\ShowPageTrace [ RunTime:0.001000s ]
INFO: [ app_end ] --END-- [ RunTime:0.001000s ]

[ 2017-01-18T18:04:42+08:00 ] ::1 /major/admin.php
INFO: [ app_begin ] --START--
INFO: Run Behavior\ReadHtmlCache [ RunTime:0.000000s ]
INFO: [ app_begin ] --END-- [ RunTime:0.001000s ]
INFO: [ view_parse ] --START--
INFO: [ template_filter ] --START--
INFO: Run Behavior\ContentReplace [ RunTime:0.000000s ]
INFO: [ template_filter ] --END-- [ RunTime:0.000000s ]
INFO: Run Behavior\ParseTemplate [ RunTime:0.006000s ]
INFO: [ view_parse ] --END-- [ RunTime:0.006000s ]
INFO: [ view_filter ] --START--
INFO: Run Behavior\WriteHtmlCache [ RunTime:0.001001s ]
INFO: [ view_filter ] --END-- [ RunTime:0.001001s ]
INFO: [ app_end ] --START--
INFO: Run Behavior\ShowPageTrace [ RunTime:0.001000s ]
INFO: [ app_end ] --END-- [ RunTime:0.001000s ]

[ 2017-01-18T18:07:19+08:00 ] ::1 /major/
INFO: [ app_begin ] --START--
INFO: Run Behavior\ReadHtmlCache [ RunTime:0.001000s ]
INFO: [ app_begin ] --END-- [ RunTime:0.002000s ]
INFO: [ view_parse ] --START--
INFO: [ template_filter ] --START--
INFO: Run Behavior\ContentReplace [ RunTime:0.000000s ]
INFO: [ template_filter ] --END-- [ RunTime:0.000000s ]
INFO: Run Behavior\ParseTemplate [ RunTime:0.010000s ]
INFO: [ view_parse ] --END-- [ RunTime:0.010000s ]
INFO: [ view_filter ] --START--
INFO: Run Behavior\WriteHtmlCache [ RunTime:0.001000s ]
INFO: [ view_filter ] --END-- [ RunTime:0.001000s ]
INFO: [ app_end ] --START--
INFO: Run Behavior\ShowPageTrace [ RunTime:0.001001s ]
INFO: [ app_end ] --END-- [ RunTime:0.001001s ]

[ 2017-01-18T18:07:23+08:00 ] ::1 /major/
INFO: [ app_begin ] --START--
INFO: Run Behavior\ReadHtmlCache [ RunTime:0.001000s ]
INFO: [ app_begin ] --END-- [ RunTime:0.002000s ]
INFO: [ view_parse ] --START--
INFO: [ template_filter ] --START--
INFO: Run Behavior\ContentReplace [ RunTime:0.000000s ]
INFO: [ template_filter ] --END-- [ RunTime:0.000000s ]
INFO: Run Behavior\ParseTemplate [ RunTime:0.007001s ]
INFO: [ view_parse ] --END-- [ RunTime:0.007001s ]
INFO: [ view_filter ] --START--
INFO: Run Behavior\WriteHtmlCache [ RunTime:0.000000s ]
INFO: [ view_filter ] --END-- [ RunTime:0.000000s ]
INFO: [ app_end ] --START--
INFO: Run Behavior\ShowPageTrace [ RunTime:0.001000s ]
INFO: [ app_end ] --END-- [ RunTime:0.001000s ]

[ 2017-01-18T18:07:29+08:00 ] ::1 /major/index.php
INFO: [ app_begin ] --START--
INFO: Run Behavior\ReadHtmlCache [ RunTime:0.001000s ]
INFO: [ app_begin ] --END-- [ RunTime:0.001000s ]
INFO: [ view_parse ] --START--
INFO: [ template_filter ] --START--
INFO: Run Behavior\ContentReplace [ RunTime:0.000000s ]
INFO: [ template_filter ] --END-- [ RunTime:0.000000s ]
INFO: Run Behavior\ParseTemplate [ RunTime:0.006001s ]
INFO: [ view_parse ] --END-- [ RunTime:0.006001s ]
INFO: [ view_filter ] --START--
INFO: Run Behavior\WriteHtmlCache [ RunTime:0.001000s ]
INFO: [ view_filter ] --END-- [ RunTime:0.001000s ]
INFO: [ app_end ] --START--
INFO: Run Behavior\ShowPageTrace [ RunTime:0.001000s ]
INFO: [ app_end ] --END-- [ RunTime:0.001000s ]

[ 2017-01-18T18:07:42+08:00 ] ::1 /major/admin.php
INFO: [ app_begin ] --START--
INFO: Run Behavior\ReadHtmlCache [ RunTime:0.001000s ]
INFO: [ app_begin ] --END-- [ RunTime:0.002000s ]
INFO: [ view_parse ] --START--
INFO: [ template_filter ] --START--
INFO: Run Behavior\ContentReplace [ RunTime:0.000000s ]
INFO: [ template_filter ] --END-- [ RunTime:0.000000s ]
INFO: Run Behavior\ParseTemplate [ RunTime:0.006000s ]
INFO: [ view_parse ] --END-- [ RunTime:0.006000s ]
INFO: [ view_filter ] --START--
INFO: Run Behavior\WriteHtmlCache [ RunTime:0.001000s ]
INFO: [ view_filter ] --END-- [ RunTime:0.001000s ]
INFO: [ app_end ] --START--
INFO: Run Behavior\ShowPageTrace [ RunTime:0.001000s ]
INFO: [ app_end ] --END-- [ RunTime:0.001000s ]

[ 2017-01-18T18:07:52+08:00 ] ::1 /major/admin.php?m=Home&c=login&a=login_check
NOTIC: [8] Constant BIND_MODULE already defined C:\xampp\htdocs\major\ThinkPHP\Library\Think\Dispatcher.class.php 第 100 行.
INFO: [ app_begin ] --START--
INFO: Run Behavior\ReadHtmlCache [ RunTime:0.000000s ]
INFO: [ app_begin ] --END-- [ RunTime:0.001000s ]
INFO: [ app_end ] --START--
INFO: Run Behavior\ShowPageTrace [ RunTime:0.001000s ]
INFO: [ app_end ] --END-- [ RunTime:0.001000s ]

[ 2017-01-18T18:23:03+08:00 ] ::1 /major/admin.php
INFO: [ app_begin ] --START--
INFO: Run Behavior\ReadHtmlCache [ RunTime:0.002000s ]
INFO: [ app_begin ] --END-- [ RunTime:0.002000s ]
INFO: [ view_parse ] --START--
INFO: [ template_filter ] --START--
INFO: Run Behavior\ContentReplace [ RunTime:0.000000s ]
INFO: [ template_filter ] --END-- [ RunTime:0.000000s ]
INFO: Run Behavior\ParseTemplate [ RunTime:0.007000s ]
INFO: [ view_parse ] --END-- [ RunTime:0.007000s ]
INFO: [ view_filter ] --START--
INFO: Run Behavior\WriteHtmlCache [ RunTime:0.001000s ]
INFO: [ view_filter ] --END-- [ RunTime:0.001000s ]
INFO: [ app_end ] --START--
INFO: Run Behavior\ShowPageTrace [ RunTime:0.001000s ]
INFO: [ app_end ] --END-- [ RunTime:0.001000s ]

[ 2017-01-18T18:23:08+08:00 ] ::1 /major/admin.php?m=Home&c=login&a=login_check
NOTIC: [8] Constant BIND_MODULE already defined C:\xampp\htdocs\major\ThinkPHP\Library\Think\Dispatcher.class.php 第 100 行.
INFO: [ app_begin ] --START--
INFO: Run Behavior\ReadHtmlCache [ RunTime:0.000000s ]
INFO: [ app_begin ] --END-- [ RunTime:0.000000s ]
NOTIC: [8192] mysql_connect(): The mysql extension is deprecated and will be removed in the future: use mysqli or PDO instead C:\xampp\htdocs\major\ThinkPHP\Library\Think\Db\Driver\Mysql.class.php 第 52 行.
SQL: SHOW COLUMNS FROM `nfc_admin` [ RunTime:0.013001s ]
ERR: Think\Model:filed方法不存在！

[ 2017-01-18T18:23:53+08:00 ] ::1 /major/admin.php
INFO: [ app_begin ] --START--
INFO: Run Behavior\ReadHtmlCache [ RunTime:0.001000s ]
INFO: [ app_begin ] --END-- [ RunTime:0.002000s ]
INFO: [ view_parse ] --START--
INFO: [ template_filter ] --START--
INFO: Run Behavior\ContentReplace [ RunTime:0.001000s ]
INFO: [ template_filter ] --END-- [ RunTime:0.001000s ]
INFO: Run Behavior\ParseTemplate [ RunTime:0.006001s ]
INFO: [ view_parse ] --END-- [ RunTime:0.006001s ]
INFO: [ view_filter ] --START--
INFO: Run Behavior\WriteHtmlCache [ RunTime:0.001000s ]
INFO: [ view_filter ] --END-- [ RunTime:0.001000s ]
INFO: [ app_end ] --START--
INFO: Run Behavior\ShowPageTrace [ RunTime:0.002000s ]
INFO: [ app_end ] --END-- [ RunTime:0.002000s ]

[ 2017-01-18T18:23:58+08:00 ] ::1 /major/admin.php?m=Home&c=login&a=login_check
NOTIC: [8] Constant BIND_MODULE already defined C:\xampp\htdocs\major\ThinkPHP\Library\Think\Dispatcher.class.php 第 100 行.
INFO: [ app_begin ] --START--
INFO: Run Behavior\ReadHtmlCache [ RunTime:0.000000s ]
INFO: [ app_begin ] --END-- [ RunTime:0.002001s ]
NOTIC: [8192] mysql_connect(): The mysql extension is deprecated and will be removed in the future: use mysqli or PDO instead C:\xampp\htdocs\major\ThinkPHP\Library\Think\Db\Driver\Mysql.class.php 第 52 行.
SQL: SHOW COLUMNS FROM `nfc_admin` [ RunTime:0.004000s ]
SQL: SELECT `passsword` FROM `nfc_admin` WHERE ( username ='admin' ) LIMIT 1   [ RunTime:0.000000s ]
ERR: 1054:Unknown column 'passsword' in 'field list'
 [ SQL语句 ] : SELECT `passsword` FROM `nfc_admin` WHERE ( username ='admin' ) LIMIT 1  

[ 2017-01-18T18:23:58+08:00 ] ::1 /major/admin.php?m=Home&c=login&a=index
NOTIC: [8] Constant BIND_MODULE already defined C:\xampp\htdocs\major\ThinkPHP\Library\Think\Dispatcher.class.php 第 100 行.
INFO: [ app_begin ] --START--
INFO: Run Behavior\ReadHtmlCache [ RunTime:0.000000s ]
INFO: [ app_begin ] --END-- [ RunTime:0.000000s ]
INFO: [ view_parse ] --START--
INFO: [ template_filter ] --START--
INFO: Run Behavior\ContentReplace [ RunTime:0.000000s ]
INFO: [ template_filter ] --END-- [ RunTime:0.000000s ]
INFO: Run Behavior\ParseTemplate [ RunTime:0.019001s ]
INFO: [ view_parse ] --END-- [ RunTime:0.019001s ]
INFO: [ view_filter ] --START--
INFO: Run Behavior\WriteHtmlCache [ RunTime:0.000000s ]
INFO: [ view_filter ] --END-- [ RunTime:0.001000s ]
INFO: [ app_end ] --START--
INFO: Run Behavior\ShowPageTrace [ RunTime:0.001000s ]
INFO: [ app_end ] --END-- [ RunTime:0.001000s ]

[ 2017-01-18T18:24:17+08:00 ] ::1 /major/admin.php?m=Home&c=login&a=login_check
NOTIC: [8] Constant BIND_MODULE already defined C:\xampp\htdocs\major\ThinkPHP\Library\Think\Dispatcher.class.php 第 100 行.
INFO: [ app_begin ] --START--
INFO: Run Behavior\ReadHtmlCache [ RunTime:0.001000s ]
INFO: [ app_begin ] --END-- [ RunTime:0.001000s ]
NOTIC: [8192] mysql_connect(): The mysql extension is deprecated and will be removed in the future: use mysqli or PDO instead C:\xampp\htdocs\major\ThinkPHP\Library\Think\Db\Driver\Mysql.class.php 第 52 行.
SQL: SHOW COLUMNS FROM `nfc_admin` [ RunTime:0.004000s ]
SQL: SELECT `passsword` FROM `nfc_admin` WHERE ( username ='admin' ) LIMIT 1   [ RunTime:0.000000s ]
ERR: 1054:Unknown column 'passsword' in 'field list'
 [ SQL语句 ] : SELECT `passsword` FROM `nfc_admin` WHERE ( username ='admin' ) LIMIT 1  

[ 2017-01-18T18:24:17+08:00 ] ::1 /major/admin.php?m=Home&c=login&a=index
NOTIC: [8] Constant BIND_MODULE already defined C:\xampp\htdocs\major\ThinkPHP\Library\Think\Dispatcher.class.php 第 100 行.
INFO: [ app_begin ] --START--
INFO: Run Behavior\ReadHtmlCache [ RunTime:0.001000s ]
INFO: [ app_begin ] --END-- [ RunTime:0.001000s ]
INFO: [ view_parse ] --START--
INFO: [ template_filter ] --START--
INFO: Run Behavior\ContentReplace [ RunTime:0.000000s ]
INFO: [ template_filter ] --END-- [ RunTime:0.000000s ]
INFO: Run Behavior\ParseTemplate [ RunTime:0.009001s ]
INFO: [ view_parse ] --END-- [ RunTime:0.009001s ]
INFO: [ view_filter ] --START--
INFO: Run Behavior\WriteHtmlCache [ RunTime:0.001000s ]
INFO: [ view_filter ] --END-- [ RunTime:0.001000s ]
INFO: [ app_end ] --START--
INFO: Run Behavior\ShowPageTrace [ RunTime:0.001000s ]
INFO: [ app_end ] --END-- [ RunTime:0.001000s ]

[ 2017-01-18T18:25:23+08:00 ] ::1 /major/admin.php
INFO: [ app_begin ] --START--
INFO: Run Behavior\ReadHtmlCache [ RunTime:0.001000s ]
INFO: [ app_begin ] --END-- [ RunTime:0.001000s ]
INFO: [ view_parse ] --START--
INFO: [ template_filter ] --START--
INFO: Run Behavior\ContentReplace [ RunTime:0.000000s ]
INFO: [ template_filter ] --END-- [ RunTime:0.000000s ]
NOTIC: [8] Undefined variable: username C:\xampp\htdocs\major\Application\Runtime\Cache\Home\2a94b8bda04ff446dcedd42276fc99ee.php 第 31 行.
INFO: Run Behavior\ParseTemplate [ RunTime:0.031002s ]
INFO: [ view_parse ] --END-- [ RunTime:0.031002s ]
INFO: [ view_filter ] --START--
INFO: Run Behavior\WriteHtmlCache [ RunTime:0.001000s ]
INFO: [ view_filter ] --END-- [ RunTime:0.001000s ]
INFO: [ app_end ] --START--
INFO: Run Behavior\ShowPageTrace [ RunTime:0.001000s ]
INFO: [ app_end ] --END-- [ RunTime:0.001000s ]

[ 2017-01-18T18:25:24+08:00 ] ::1 /major/admin.php?m=Home&c=index&a=show_welcome
NOTIC: [8] Constant BIND_MODULE already defined C:\xampp\htdocs\major\ThinkPHP\Library\Think\Dispatcher.class.php 第 100 行.
INFO: [ app_begin ] --START--
INFO: Run Behavior\ReadHtmlCache [ RunTime:0.001000s ]
INFO: [ app_begin ] --END-- [ RunTime:0.001000s ]
INFO: [ view_parse ] --START--
INFO: [ template_filter ] --START--
INFO: Run Behavior\ContentReplace [ RunTime:0.000000s ]
INFO: [ template_filter ] --END-- [ RunTime:0.000000s ]
NOTIC: [8] Undefined variable: admin_info C:\xampp\htdocs\major\Application\Runtime\Cache\Home\60ec3b636d20a54d9598dd3c70ec0e21.php 第 22 行.
NOTIC: [8] Undefined variable: admin_info C:\xampp\htdocs\major\Application\Runtime\Cache\Home\60ec3b636d20a54d9598dd3c70ec0e21.php 第 24 行.
NOTIC: [8] Undefined variable: admin_info C:\xampp\htdocs\major\Application\Runtime\Cache\Home\60ec3b636d20a54d9598dd3c70ec0e21.php 第 25 行.
INFO: Run Behavior\ParseTemplate [ RunTime:0.027001s ]
INFO: [ view_parse ] --END-- [ RunTime:0.027001s ]
INFO: [ view_filter ] --START--
INFO: Run Behavior\WriteHtmlCache [ RunTime:0.001000s ]
INFO: [ view_filter ] --END-- [ RunTime:0.001000s ]
INFO: [ app_end ] --START--
INFO: Run Behavior\ShowPageTrace [ RunTime:0.001000s ]
INFO: [ app_end ] --END-- [ RunTime:0.001000s ]

[ 2017-01-18T18:25:36+08:00 ] ::1 /major/admin.php
INFO: [ app_begin ] --START--
INFO: Run Behavior\ReadHtmlCache [ RunTime:0.001000s ]
INFO: [ app_begin ] --END-- [ RunTime:0.001000s ]
INFO: [ view_parse ] --START--
INFO: [ template_filter ] --START--
INFO: Run Behavior\ContentReplace [ RunTime:0.000000s ]
INFO: [ template_filter ] --END-- [ RunTime:0.000000s ]
NOTIC: [8] Undefined variable: username C:\xampp\htdocs\major\Application\Runtime\Cache\Home\2a94b8bda04ff446dcedd42276fc99ee.php 第 31 行.
INFO: Run Behavior\ParseTemplate [ RunTime:0.008000s ]
INFO: [ view_parse ] --END-- [ RunTime:0.008000s ]
INFO: [ view_filter ] --START--
INFO: Run Behavior\WriteHtmlCache [ RunTime:0.001000s ]
INFO: [ view_filter ] --END-- [ RunTime:0.001000s ]
INFO: [ app_end ] --START--
INFO: Run Behavior\ShowPageTrace [ RunTime:0.001001s ]
INFO: [ app_end ] --END-- [ RunTime:0.001001s ]

[ 2017-01-18T18:25:37+08:00 ] ::1 /major/admin.php?m=Home&c=index&a=show_welcome
NOTIC: [8] Constant BIND_MODULE already defined C:\xampp\htdocs\major\ThinkPHP\Library\Think\Dispatcher.class.php 第 100 行.
INFO: [ app_begin ] --START--
INFO: Run Behavior\ReadHtmlCache [ RunTime:0.001000s ]
INFO: [ app_begin ] --END-- [ RunTime:0.001000s ]
INFO: [ view_parse ] --START--
INFO: [ template_filter ] --START--
INFO: Run Behavior\ContentReplace [ RunTime:0.000000s ]
INFO: [ template_filter ] --END-- [ RunTime:0.001000s ]
NOTIC: [8] Undefined variable: admin_info C:\xampp\htdocs\major\Application\Runtime\Cache\Home\60ec3b636d20a54d9598dd3c70ec0e21.php 第 22 行.
NOTIC: [8] Undefined variable: admin_info C:\xampp\htdocs\major\Application\Runtime\Cache\Home\60ec3b636d20a54d9598dd3c70ec0e21.php 第 24 行.
NOTIC: [8] Undefined variable: admin_info C:\xampp\htdocs\major\Application\Runtime\Cache\Home\60ec3b636d20a54d9598dd3c70ec0e21.php 第 25 行.
INFO: Run Behavior\ParseTemplate [ RunTime:0.008001s ]
INFO: [ view_parse ] --END-- [ RunTime:0.008001s ]
INFO: [ view_filter ] --START--
INFO: Run Behavior\WriteHtmlCache [ RunTime:0.000000s ]
INFO: [ view_filter ] --END-- [ RunTime:0.000000s ]
INFO: [ app_end ] --START--
INFO: Run Behavior\ShowPageTrace [ RunTime:0.000000s ]
INFO: [ app_end ] --END-- [ RunTime:0.000000s ]

[ 2017-01-18T18:25:40+08:00 ] ::1 /major/admin.php?m=Home&c=article&a=add_article_form
NOTIC: [8] Constant BIND_MODULE already defined C:\xampp\htdocs\major\ThinkPHP\Library\Think\Dispatcher.class.php 第 100 行.
INFO: [ app_begin ] --START--
INFO: Run Behavior\ReadHtmlCache [ RunTime:0.001000s ]
INFO: [ app_begin ] --END-- [ RunTime:0.001000s ]
ERR: 无法加载控制器:Article

[ 2017-01-18T18:25:40+08:00 ] ::1 /major/admin.php?m=Home&c=article&a=add_article_form
NOTIC: [8] Constant BIND_MODULE already defined C:\xampp\htdocs\major\ThinkPHP\Library\Think\Dispatcher.class.php 第 100 行.
INFO: [ app_begin ] --START--
INFO: Run Behavior\ReadHtmlCache [ RunTime:0.001000s ]
INFO: [ app_begin ] --END-- [ RunTime:0.001000s ]
ERR: 无法加载控制器:Article

[ 2017-01-18T18:25:41+08:00 ] ::1 /major/admin.php?m=Home&c=article&a=show_article
NOTIC: [8] Constant BIND_MODULE already defined C:\xampp\htdocs\major\ThinkPHP\Library\Think\Dispatcher.class.php 第 100 行.
INFO: [ app_begin ] --START--
INFO: Run Behavior\ReadHtmlCache [ RunTime:0.001000s ]
INFO: [ app_begin ] --END-- [ RunTime:0.001000s ]
ERR: 无法加载控制器:Article

[ 2017-01-18T18:25:42+08:00 ] ::1 /major/admin.php?m=Home&c=article&a=add_article_form
NOTIC: [8] Constant BIND_MODULE already defined C:\xampp\htdocs\major\ThinkPHP\Library\Think\Dispatcher.class.php 第 100 行.
INFO: [ app_begin ] --START--
INFO: Run Behavior\ReadHtmlCache [ RunTime:0.000000s ]
INFO: [ app_begin ] --END-- [ RunTime:0.000000s ]
ERR: 无法加载控制器:Article

[ 2017-01-18T18:25:50+08:00 ] ::1 /major/admin.php?m=Home&c=index&a=quit
NOTIC: [8] Constant BIND_MODULE already defined C:\xampp\htdocs\major\ThinkPHP\Library\Think\Dispatcher.class.php 第 100 行.
INFO: [ app_begin ] --START--
INFO: Run Behavior\ReadHtmlCache [ RunTime:0.000000s ]
INFO: [ app_begin ] --END-- [ RunTime:0.001000s ]
ERR: 非法操作:quit

[ 2017-01-18T18:28:29+08:00 ] ::1 /major/admin.php
INFO: [ app_begin ] --START--
INFO: Run Behavior\ReadHtmlCache [ RunTime:0.001000s ]
INFO: [ app_begin ] --END-- [ RunTime:0.002000s ]
INFO: [ view_parse ] --START--
INFO: [ template_filter ] --START--
INFO: Run Behavior\ContentReplace [ RunTime:0.000000s ]
INFO: [ template_filter ] --END-- [ RunTime:0.000000s ]
NOTIC: [8] Undefined variable: username C:\xampp\htdocs\major\Application\Runtime\Cache\Home\2a94b8bda04ff446dcedd42276fc99ee.php 第 31 行.
INFO: Run Behavior\ParseTemplate [ RunTime:0.007000s ]
INFO: [ view_parse ] --END-- [ RunTime:0.007000s ]
INFO: [ view_filter ] --START--
INFO: Run Behavior\WriteHtmlCache [ RunTime:0.000000s ]
INFO: [ view_filter ] --END-- [ RunTime:0.001000s ]
INFO: [ app_end ] --START--
INFO: Run Behavior\ShowPageTrace [ RunTime:0.001000s ]
INFO: [ app_end ] --END-- [ RunTime:0.001000s ]

[ 2017-01-18T18:28:29+08:00 ] ::1 /major/admin.php?m=Home&c=index&a=show_welcome
NOTIC: [8] Constant BIND_MODULE already defined C:\xampp\htdocs\major\ThinkPHP\Library\Think\Dispatcher.class.php 第 100 行.
INFO: [ app_begin ] --START--
INFO: Run Behavior\ReadHtmlCache [ RunTime:0.001000s ]
INFO: [ app_begin ] --END-- [ RunTime:0.001000s ]
INFO: [ view_parse ] --START--
INFO: [ template_filter ] --START--
INFO: Run Behavior\ContentReplace [ RunTime:0.000000s ]
INFO: [ template_filter ] --END-- [ RunTime:0.000000s ]
NOTIC: [8] Undefined variable: admin_info C:\xampp\htdocs\major\Application\Runtime\Cache\Home\60ec3b636d20a54d9598dd3c70ec0e21.php 第 22 行.
NOTIC: [8] Undefined variable: admin_info C:\xampp\htdocs\major\Application\Runtime\Cache\Home\60ec3b636d20a54d9598dd3c70ec0e21.php 第 24 行.
NOTIC: [8] Undefined variable: admin_info C:\xampp\htdocs\major\Application\Runtime\Cache\Home\60ec3b636d20a54d9598dd3c70ec0e21.php 第 25 行.
INFO: Run Behavior\ParseTemplate [ RunTime:0.007000s ]
INFO: [ view_parse ] --END-- [ RunTime:0.007000s ]
INFO: [ view_filter ] --START--
INFO: Run Behavior\WriteHtmlCache [ RunTime:0.001000s ]
INFO: [ view_filter ] --END-- [ RunTime:0.001000s ]
INFO: [ app_end ] --START--
INFO: Run Behavior\ShowPageTrace [ RunTime:0.000000s ]
INFO: [ app_end ] --END-- [ RunTime:0.000000s ]

[ 2017-01-18T18:28:38+08:00 ] ::1 /major/admin.php
INFO: [ app_begin ] --START--
INFO: Run Behavior\ReadHtmlCache [ RunTime:0.001000s ]
INFO: [ app_begin ] --END-- [ RunTime:0.002000s ]
INFO: [ view_parse ] --START--
INFO: [ template_filter ] --START--
INFO: Run Behavior\ContentReplace [ RunTime:0.000000s ]
INFO: [ template_filter ] --END-- [ RunTime:0.000000s ]
NOTIC: [8] Undefined variable: username C:\xampp\htdocs\major\Application\Runtime\Cache\Home\2a94b8bda04ff446dcedd42276fc99ee.php 第 31 行.
INFO: Run Behavior\ParseTemplate [ RunTime:0.008001s ]
INFO: [ view_parse ] --END-- [ RunTime:0.008001s ]
INFO: [ view_filter ] --START--
INFO: Run Behavior\WriteHtmlCache [ RunTime:0.001000s ]
INFO: [ view_filter ] --END-- [ RunTime:0.001000s ]
INFO: [ app_end ] --START--
INFO: Run Behavior\ShowPageTrace [ RunTime:0.001000s ]
INFO: [ app_end ] --END-- [ RunTime:0.001000s ]

[ 2017-01-18T18:28:39+08:00 ] ::1 /major/admin.php?m=Home&c=index&a=show_welcome
NOTIC: [8] Constant BIND_MODULE already defined C:\xampp\htdocs\major\ThinkPHP\Library\Think\Dispatcher.class.php 第 100 行.
INFO: [ app_begin ] --START--
INFO: Run Behavior\ReadHtmlCache [ RunTime:0.001000s ]
INFO: [ app_begin ] --END-- [ RunTime:0.001000s ]
INFO: [ view_parse ] --START--
INFO: [ template_filter ] --START--
INFO: Run Behavior\ContentReplace [ RunTime:0.000000s ]
INFO: [ template_filter ] --END-- [ RunTime:0.000000s ]
NOTIC: [8] Undefined variable: admin_info C:\xampp\htdocs\major\Application\Runtime\Cache\Home\60ec3b636d20a54d9598dd3c70ec0e21.php 第 22 行.
NOTIC: [8] Undefined variable: admin_info C:\xampp\htdocs\major\Application\Runtime\Cache\Home\60ec3b636d20a54d9598dd3c70ec0e21.php 第 24 行.
NOTIC: [8] Undefined variable: admin_info C:\xampp\htdocs\major\Application\Runtime\Cache\Home\60ec3b636d20a54d9598dd3c70ec0e21.php 第 25 行.
INFO: Run Behavior\ParseTemplate [ RunTime:0.008000s ]
INFO: [ view_parse ] --END-- [ RunTime:0.008000s ]
INFO: [ view_filter ] --START--
INFO: Run Behavior\WriteHtmlCache [ RunTime:0.001000s ]
INFO: [ view_filter ] --END-- [ RunTime:0.001000s ]
INFO: [ app_end ] --START--
INFO: Run Behavior\ShowPageTrace [ RunTime:0.000000s ]
INFO: [ app_end ] --END-- [ RunTime:0.000000s ]

[ 2017-01-18T18:29:01+08:00 ] ::1 /major/admin.php
INFO: [ app_begin ] --START--
INFO: Run Behavior\ReadHtmlCache [ RunTime:0.001000s ]
INFO: [ app_begin ] --END-- [ RunTime:0.001000s ]
INFO: [ view_parse ] --START--
INFO: [ template_filter ] --START--
INFO: Run Behavior\ContentReplace [ RunTime:0.000000s ]
INFO: [ template_filter ] --END-- [ RunTime:0.001000s ]
NOTIC: [8] Undefined variable: username C:\xampp\htdocs\major\Application\Runtime\Cache\Home\2a94b8bda04ff446dcedd42276fc99ee.php 第 31 行.
INFO: Run Behavior\ParseTemplate [ RunTime:0.008001s ]
INFO: [ view_parse ] --END-- [ RunTime:0.008001s ]
INFO: [ view_filter ] --START--
INFO: Run Behavior\WriteHtmlCache [ RunTime:0.001000s ]
INFO: [ view_filter ] --END-- [ RunTime:0.001000s ]
INFO: [ app_end ] --START--
INFO: Run Behavior\ShowPageTrace [ RunTime:0.001000s ]
INFO: [ app_end ] --END-- [ RunTime:0.001000s ]

[ 2017-01-18T18:29:01+08:00 ] ::1 /major/admin.php?m=Home&c=index&a=show_welcome
NOTIC: [8] Constant BIND_MODULE already defined C:\xampp\htdocs\major\ThinkPHP\Library\Think\Dispatcher.class.php 第 100 行.
INFO: [ app_begin ] --START--
INFO: Run Behavior\ReadHtmlCache [ RunTime:0.001000s ]
INFO: [ app_begin ] --END-- [ RunTime:0.001000s ]
INFO: [ view_parse ] --START--
INFO: [ template_filter ] --START--
INFO: Run Behavior\ContentReplace [ RunTime:0.000000s ]
INFO: [ template_filter ] --END-- [ RunTime:0.000000s ]
NOTIC: [8] Undefined variable: admin_info C:\xampp\htdocs\major\Application\Runtime\Cache\Home\60ec3b636d20a54d9598dd3c70ec0e21.php 第 22 行.
NOTIC: [8] Undefined variable: admin_info C:\xampp\htdocs\major\Application\Runtime\Cache\Home\60ec3b636d20a54d9598dd3c70ec0e21.php 第 24 行.
NOTIC: [8] Undefined variable: admin_info C:\xampp\htdocs\major\Application\Runtime\Cache\Home\60ec3b636d20a54d9598dd3c70ec0e21.php 第 25 行.
INFO: Run Behavior\ParseTemplate [ RunTime:0.006000s ]
INFO: [ view_parse ] --END-- [ RunTime:0.006000s ]
INFO: [ view_filter ] --START--
INFO: Run Behavior\WriteHtmlCache [ RunTime:0.000000s ]
INFO: [ view_filter ] --END-- [ RunTime:0.000000s ]
INFO: [ app_end ] --START--
INFO: Run Behavior\ShowPageTrace [ RunTime:0.001000s ]
INFO: [ app_end ] --END-- [ RunTime:0.001000s ]

[ 2017-01-18T18:29:03+08:00 ] ::1 /major/admin.php
INFO: [ app_begin ] --START--
INFO: Run Behavior\ReadHtmlCache [ RunTime:0.000000s ]
INFO: [ app_begin ] --END-- [ RunTime:0.001000s ]
INFO: [ view_parse ] --START--
INFO: [ template_filter ] --START--
INFO: Run Behavior\ContentReplace [ RunTime:0.000000s ]
INFO: [ template_filter ] --END-- [ RunTime:0.000000s ]
NOTIC: [8] Undefined variable: username C:\xampp\htdocs\major\Application\Runtime\Cache\Home\2a94b8bda04ff446dcedd42276fc99ee.php 第 31 行.
INFO: Run Behavior\ParseTemplate [ RunTime:0.006000s ]
INFO: [ view_parse ] --END-- [ RunTime:0.006000s ]
INFO: [ view_filter ] --START--
INFO: Run Behavior\WriteHtmlCache [ RunTime:0.000000s ]
INFO: [ view_filter ] --END-- [ RunTime:0.000000s ]
INFO: [ app_end ] --START--
INFO: Run Behavior\ShowPageTrace [ RunTime:0.001000s ]
INFO: [ app_end ] --END-- [ RunTime:0.001000s ]

[ 2017-01-18T18:29:04+08:00 ] ::1 /major/admin.php?m=Home&c=index&a=show_welcome
NOTIC: [8] Constant BIND_MODULE already defined C:\xampp\htdocs\major\ThinkPHP\Library\Think\Dispatcher.class.php 第 100 行.
INFO: [ app_begin ] --START--
INFO: Run Behavior\ReadHtmlCache [ RunTime:0.000000s ]
INFO: [ app_begin ] --END-- [ RunTime:0.000000s ]
INFO: [ view_parse ] --START--
INFO: [ template_filter ] --START--
INFO: Run Behavior\ContentReplace [ RunTime:0.000000s ]
INFO: [ template_filter ] --END-- [ RunTime:0.000000s ]
NOTIC: [8] Undefined variable: admin_info C:\xampp\htdocs\major\Application\Runtime\Cache\Home\60ec3b636d20a54d9598dd3c70ec0e21.php 第 22 行.
NOTIC: [8] Undefined variable: admin_info C:\xampp\htdocs\major\Application\Runtime\Cache\Home\60ec3b636d20a54d9598dd3c70ec0e21.php 第 24 行.
NOTIC: [8] Undefined variable: admin_info C:\xampp\htdocs\major\Application\Runtime\Cache\Home\60ec3b636d20a54d9598dd3c70ec0e21.php 第 25 行.
INFO: Run Behavior\ParseTemplate [ RunTime:0.006001s ]
INFO: [ view_parse ] --END-- [ RunTime:0.006001s ]
INFO: [ view_filter ] --START--
INFO: Run Behavior\WriteHtmlCache [ RunTime:0.000000s ]
INFO: [ view_filter ] --END-- [ RunTime:0.000000s ]
INFO: [ app_end ] --START--
INFO: Run Behavior\ShowPageTrace [ RunTime:0.001000s ]
INFO: [ app_end ] --END-- [ RunTime:0.001000s ]

[ 2017-01-18T18:29:13+08:00 ] ::1 /major/admin.php
INFO: [ app_begin ] --START--
INFO: Run Behavior\ReadHtmlCache [ RunTime:0.001000s ]
INFO: [ app_begin ] --END-- [ RunTime:0.002000s ]
INFO: [ view_parse ] --START--
INFO: [ template_filter ] --START--
INFO: Run Behavior\ContentReplace [ RunTime:0.000000s ]
INFO: [ template_filter ] --END-- [ RunTime:0.000000s ]
NOTIC: [8] Undefined variable: username C:\xampp\htdocs\major\Application\Runtime\Cache\Home\2a94b8bda04ff446dcedd42276fc99ee.php 第 31 行.
INFO: Run Behavior\ParseTemplate [ RunTime:0.011001s ]
INFO: [ view_parse ] --END-- [ RunTime:0.011001s ]
INFO: [ view_filter ] --START--
INFO: Run Behavior\WriteHtmlCache [ RunTime:0.001000s ]
INFO: [ view_filter ] --END-- [ RunTime:0.001000s ]
INFO: [ app_end ] --START--
INFO: Run Behavior\ShowPageTrace [ RunTime:0.001000s ]
INFO: [ app_end ] --END-- [ RunTime:0.001000s ]

[ 2017-01-18T18:29:13+08:00 ] ::1 /major/admin.php?m=Home&c=index&a=show_welcome
NOTIC: [8] Constant BIND_MODULE already defined C:\xampp\htdocs\major\ThinkPHP\Library\Think\Dispatcher.class.php 第 100 行.
INFO: [ app_begin ] --START--
INFO: Run Behavior\ReadHtmlCache [ RunTime:0.001000s ]
INFO: [ app_begin ] --END-- [ RunTime:0.001000s ]
INFO: [ view_parse ] --START--
INFO: [ template_filter ] --START--
INFO: Run Behavior\ContentReplace [ RunTime:0.000000s ]
INFO: [ template_filter ] --END-- [ RunTime:0.000000s ]
NOTIC: [8] Undefined variable: admin_info C:\xampp\htdocs\major\Application\Runtime\Cache\Home\60ec3b636d20a54d9598dd3c70ec0e21.php 第 22 行.
NOTIC: [8] Undefined variable: admin_info C:\xampp\htdocs\major\Application\Runtime\Cache\Home\60ec3b636d20a54d9598dd3c70ec0e21.php 第 24 行.
NOTIC: [8] Undefined variable: admin_info C:\xampp\htdocs\major\Application\Runtime\Cache\Home\60ec3b636d20a54d9598dd3c70ec0e21.php 第 25 行.
INFO: Run Behavior\ParseTemplate [ RunTime:0.008000s ]
INFO: [ view_parse ] --END-- [ RunTime:0.008000s ]
INFO: [ view_filter ] --START--
INFO: Run Behavior\WriteHtmlCache [ RunTime:0.001000s ]
INFO: [ view_filter ] --END-- [ RunTime:0.001000s ]
INFO: [ app_end ] --START--
INFO: Run Behavior\ShowPageTrace [ RunTime:0.001000s ]
INFO: [ app_end ] --END-- [ RunTime:0.001000s ]

[ 2017-01-18T18:29:49+08:00 ] ::1 /major/
INFO: [ app_begin ] --START--
INFO: Run Behavior\ReadHtmlCache [ RunTime:0.002000s ]
INFO: [ app_begin ] --END-- [ RunTime:0.002000s ]
INFO: [ view_parse ] --START--
INFO: [ template_filter ] --START--
INFO: Run Behavior\ContentReplace [ RunTime:0.000000s ]
INFO: [ template_filter ] --END-- [ RunTime:0.000000s ]
NOTIC: [8] Undefined variable: username C:\xampp\htdocs\major\Application\Runtime\Cache\Home\2a94b8bda04ff446dcedd42276fc99ee.php 第 31 行.
INFO: Run Behavior\ParseTemplate [ RunTime:0.010001s ]
INFO: [ view_parse ] --END-- [ RunTime:0.010001s ]
INFO: [ view_filter ] --START--
INFO: Run Behavior\WriteHtmlCache [ RunTime:0.000000s ]
INFO: [ view_filter ] --END-- [ RunTime:0.000000s ]
INFO: [ app_end ] --START--
INFO: Run Behavior\ShowPageTrace [ RunTime:0.000000s ]
INFO: [ app_end ] --END-- [ RunTime:0.000000s ]

[ 2017-01-18T18:29:49+08:00 ] ::1 /major/index.php?m=Home&c=index&a=show_welcome
INFO: [ app_begin ] --START--
INFO: Run Behavior\ReadHtmlCache [ RunTime:0.001000s ]
INFO: [ app_begin ] --END-- [ RunTime:0.001000s ]
INFO: [ view_parse ] --START--
INFO: [ template_filter ] --START--
INFO: Run Behavior\ContentReplace [ RunTime:0.000000s ]
INFO: [ template_filter ] --END-- [ RunTime:0.000000s ]
NOTIC: [8] Undefined variable: admin_info C:\xampp\htdocs\major\Application\Runtime\Cache\Home\60ec3b636d20a54d9598dd3c70ec0e21.php 第 22 行.
NOTIC: [8] Undefined variable: admin_info C:\xampp\htdocs\major\Application\Runtime\Cache\Home\60ec3b636d20a54d9598dd3c70ec0e21.php 第 24 行.
NOTIC: [8] Undefined variable: admin_info C:\xampp\htdocs\major\Application\Runtime\Cache\Home\60ec3b636d20a54d9598dd3c70ec0e21.php 第 25 行.
INFO: Run Behavior\ParseTemplate [ RunTime:0.009000s ]
INFO: [ view_parse ] --END-- [ RunTime:0.009000s ]
INFO: [ view_filter ] --START--
INFO: Run Behavior\WriteHtmlCache [ RunTime:0.000000s ]
INFO: [ view_filter ] --END-- [ RunTime:0.000000s ]
INFO: [ app_end ] --START--
INFO: Run Behavior\ShowPageTrace [ RunTime:0.001000s ]
INFO: [ app_end ] --END-- [ RunTime:0.001000s ]

[ 2017-01-18T18:30:01+08:00 ] ::1 /major/admin.php
INFO: [ app_begin ] --START--
INFO: Run Behavior\ReadHtmlCache [ RunTime:0.001000s ]
INFO: [ app_begin ] --END-- [ RunTime:0.002000s ]
INFO: [ view_parse ] --START--
INFO: [ template_filter ] --START--
INFO: Run Behavior\ContentReplace [ RunTime:0.001000s ]
INFO: [ template_filter ] --END-- [ RunTime:0.001000s ]
NOTIC: [8] Undefined variable: username C:\xampp\htdocs\major\Application\Runtime\Cache\Home\2a94b8bda04ff446dcedd42276fc99ee.php 第 31 行.
INFO: Run Behavior\ParseTemplate [ RunTime:0.010000s ]
INFO: [ view_parse ] --END-- [ RunTime:0.010000s ]
INFO: [ view_filter ] --START--
INFO: Run Behavior\WriteHtmlCache [ RunTime:0.001001s ]
INFO: [ view_filter ] --END-- [ RunTime:0.001001s ]
INFO: [ app_end ] --START--
INFO: Run Behavior\ShowPageTrace [ RunTime:0.001000s ]
INFO: [ app_end ] --END-- [ RunTime:0.001000s ]

[ 2017-01-18T18:30:01+08:00 ] ::1 /major/admin.php?m=Home&c=index&a=show_welcome
NOTIC: [8] Constant BIND_MODULE already defined C:\xampp\htdocs\major\ThinkPHP\Library\Think\Dispatcher.class.php 第 100 行.
INFO: [ app_begin ] --START--
INFO: Run Behavior\ReadHtmlCache [ RunTime:0.001000s ]
INFO: [ app_begin ] --END-- [ RunTime:0.001000s ]
INFO: [ view_parse ] --START--
INFO: [ template_filter ] --START--
INFO: Run Behavior\ContentReplace [ RunTime:0.000000s ]
INFO: [ template_filter ] --END-- [ RunTime:0.000000s ]
NOTIC: [8] Undefined variable: admin_info C:\xampp\htdocs\major\Application\Runtime\Cache\Home\60ec3b636d20a54d9598dd3c70ec0e21.php 第 22 行.
NOTIC: [8] Undefined variable: admin_info C:\xampp\htdocs\major\Application\Runtime\Cache\Home\60ec3b636d20a54d9598dd3c70ec0e21.php 第 24 行.
NOTIC: [8] Undefined variable: admin_info C:\xampp\htdocs\major\Application\Runtime\Cache\Home\60ec3b636d20a54d9598dd3c70ec0e21.php 第 25 行.
INFO: Run Behavior\ParseTemplate [ RunTime:0.007000s ]
INFO: [ view_parse ] --END-- [ RunTime:0.007000s ]
INFO: [ view_filter ] --START--
INFO: Run Behavior\WriteHtmlCache [ RunTime:0.001000s ]
INFO: [ view_filter ] --END-- [ RunTime:0.001000s ]
INFO: [ app_end ] --START--
INFO: Run Behavior\ShowPageTrace [ RunTime:0.000000s ]
INFO: [ app_end ] --END-- [ RunTime:0.000000s ]

[ 2017-01-18T18:31:39+08:00 ] ::1 /major/admin.php
INFO: [ app_begin ] --START--
INFO: Run Behavior\ReadHtmlCache [ RunTime:0.001001s ]
INFO: [ app_begin ] --END-- [ RunTime:0.002001s ]

[ 2017-01-18T18:31:39+08:00 ] ::1 /major/admin.php?m=Home&c=login&a=index
NOTIC: [8] Constant BIND_MODULE already defined C:\xampp\htdocs\major\ThinkPHP\Library\Think\Dispatcher.class.php 第 100 行.
INFO: [ app_begin ] --START--
INFO: Run Behavior\ReadHtmlCache [ RunTime:0.001000s ]
INFO: [ app_begin ] --END-- [ RunTime:0.001000s ]
INFO: [ view_parse ] --START--
INFO: [ template_filter ] --START--
INFO: Run Behavior\ContentReplace [ RunTime:0.000000s ]
INFO: [ template_filter ] --END-- [ RunTime:0.000000s ]
INFO: Run Behavior\ParseTemplate [ RunTime:0.007000s ]
INFO: [ view_parse ] --END-- [ RunTime:0.007000s ]
INFO: [ view_filter ] --START--
INFO: Run Behavior\WriteHtmlCache [ RunTime:0.001000s ]
INFO: [ view_filter ] --END-- [ RunTime:0.001000s ]
INFO: [ app_end ] --START--
INFO: Run Behavior\ShowPageTrace [ RunTime:0.001000s ]
INFO: [ app_end ] --END-- [ RunTime:0.001000s ]

[ 2017-01-18T18:35:50+08:00 ] ::1 /major/admin.php?m=Home&c=login&a=index
NOTIC: [8] Constant BIND_MODULE already defined C:\xampp\htdocs\major\ThinkPHP\Library\Think\Dispatcher.class.php 第 100 行.
INFO: [ app_begin ] --START--
INFO: Run Behavior\ReadHtmlCache [ RunTime:0.001000s ]
INFO: [ app_begin ] --END-- [ RunTime:0.001000s ]
INFO: [ view_parse ] --START--
INFO: [ template_filter ] --START--
INFO: Run Behavior\ContentReplace [ RunTime:0.000000s ]
INFO: [ template_filter ] --END-- [ RunTime:0.000000s ]
INFO: Run Behavior\ParseTemplate [ RunTime:0.007001s ]
INFO: [ view_parse ] --END-- [ RunTime:0.007001s ]
INFO: [ view_filter ] --START--
INFO: Run Behavior\WriteHtmlCache [ RunTime:0.001000s ]
INFO: [ view_filter ] --END-- [ RunTime:0.001000s ]
INFO: [ app_end ] --START--
INFO: Run Behavior\ShowPageTrace [ RunTime:0.001000s ]
INFO: [ app_end ] --END-- [ RunTime:0.001000s ]

[ 2017-01-18T18:35:56+08:00 ] ::1 /major/admin.php
INFO: [ app_begin ] --START--
INFO: Run Behavior\ReadHtmlCache [ RunTime:0.001001s ]
INFO: [ app_begin ] --END-- [ RunTime:0.002001s ]

[ 2017-01-18T18:35:56+08:00 ] ::1 /major/admin.php?m=Home&c=login&a=index
NOTIC: [8] Constant BIND_MODULE already defined C:\xampp\htdocs\major\ThinkPHP\Library\Think\Dispatcher.class.php 第 100 行.
INFO: [ app_begin ] --START--
INFO: Run Behavior\ReadHtmlCache [ RunTime:0.001000s ]
INFO: [ app_begin ] --END-- [ RunTime:0.001000s ]
INFO: [ view_parse ] --START--
INFO: [ template_filter ] --START--
INFO: Run Behavior\ContentReplace [ RunTime:0.000000s ]
INFO: [ template_filter ] --END-- [ RunTime:0.000000s ]
INFO: Run Behavior\ParseTemplate [ RunTime:0.007000s ]
INFO: [ view_parse ] --END-- [ RunTime:0.007000s ]
INFO: [ view_filter ] --START--
INFO: Run Behavior\WriteHtmlCache [ RunTime:0.000000s ]
INFO: [ view_filter ] --END-- [ RunTime:0.000000s ]
INFO: [ app_end ] --START--
INFO: Run Behavior\ShowPageTrace [ RunTime:0.001000s ]
INFO: [ app_end ] --END-- [ RunTime:0.001000s ]

[ 2017-01-18T18:36:12+08:00 ] ::1 /major/admin.php?m=Home&c=login&a=login_check
NOTIC: [8] Constant BIND_MODULE already defined C:\xampp\htdocs\major\ThinkPHP\Library\Think\Dispatcher.class.php 第 100 行.
INFO: [ app_begin ] --START--
INFO: Run Behavior\ReadHtmlCache [ RunTime:0.001000s ]
INFO: [ app_begin ] --END-- [ RunTime:0.002000s ]
NOTIC: [8192] mysql_connect(): The mysql extension is deprecated and will be removed in the future: use mysqli or PDO instead C:\xampp\htdocs\major\ThinkPHP\Library\Think\Db\Driver\Mysql.class.php 第 52 行.
SQL: SHOW COLUMNS FROM `nfc_admin` [ RunTime:0.004000s ]
SQL: SELECT `passsword` FROM `nfc_admin` WHERE ( username ='1' ) LIMIT 1   [ RunTime:0.001000s ]
ERR: 1054:Unknown column 'passsword' in 'field list'
 [ SQL语句 ] : SELECT `passsword` FROM `nfc_admin` WHERE ( username ='1' ) LIMIT 1  
INFO: [ app_end ] --START--
INFO: Run Behavior\ShowPageTrace [ RunTime:0.001000s ]
INFO: [ app_end ] --END-- [ RunTime:0.001000s ]

[ 2017-01-18T18:36:25+08:00 ] ::1 /major/admin.php?m=Home&c=login&a=login_check
NOTIC: [8] Constant BIND_MODULE already defined C:\xampp\htdocs\major\ThinkPHP\Library\Think\Dispatcher.class.php 第 100 行.
INFO: [ app_begin ] --START--
INFO: Run Behavior\ReadHtmlCache [ RunTime:0.000000s ]
INFO: [ app_begin ] --END-- [ RunTime:0.001000s ]
NOTIC: [8192] mysql_connect(): The mysql extension is deprecated and will be removed in the future: use mysqli or PDO instead C:\xampp\htdocs\major\ThinkPHP\Library\Think\Db\Driver\Mysql.class.php 第 52 行.
SQL: SHOW COLUMNS FROM `nfc_admin` [ RunTime:0.005000s ]
SQL: SELECT `passsword` FROM `nfc_admin` WHERE ( username ='admin' ) LIMIT 1   [ RunTime:0.001000s ]
ERR: 1054:Unknown column 'passsword' in 'field list'
 [ SQL语句 ] : SELECT `passsword` FROM `nfc_admin` WHERE ( username ='admin' ) LIMIT 1  
INFO: [ app_end ] --START--
INFO: Run Behavior\ShowPageTrace [ RunTime:0.001000s ]
INFO: [ app_end ] --END-- [ RunTime:0.001000s ]

[ 2017-01-18T18:38:15+08:00 ] ::1 /major/admin.php?m=Home&c=login&a=index
NOTIC: [8] Constant BIND_MODULE already defined C:\xampp\htdocs\major\ThinkPHP\Library\Think\Dispatcher.class.php 第 100 行.
INFO: [ app_begin ] --START--
INFO: Run Behavior\ReadHtmlCache [ RunTime:0.001000s ]
INFO: [ app_begin ] --END-- [ RunTime:0.001000s ]
INFO: [ view_parse ] --START--
INFO: [ template_filter ] --START--
INFO: Run Behavior\ContentReplace [ RunTime:0.000000s ]
INFO: [ template_filter ] --END-- [ RunTime:0.000000s ]
INFO: Run Behavior\ParseTemplate [ RunTime:0.008000s ]
INFO: [ view_parse ] --END-- [ RunTime:0.008000s ]
INFO: [ view_filter ] --START--
INFO: Run Behavior\WriteHtmlCache [ RunTime:0.000000s ]
INFO: [ view_filter ] --END-- [ RunTime:0.000000s ]
INFO: [ app_end ] --START--
INFO: Run Behavior\ShowPageTrace [ RunTime:0.001000s ]
INFO: [ app_end ] --END-- [ RunTime:0.001000s ]

[ 2017-01-18T18:38:20+08:00 ] ::1 /major/admin.php?m=Home&c=login&a=login_check
NOTIC: [8] Constant BIND_MODULE already defined C:\xampp\htdocs\major\ThinkPHP\Library\Think\Dispatcher.class.php 第 100 行.
INFO: [ app_begin ] --START--
INFO: Run Behavior\ReadHtmlCache [ RunTime:0.001000s ]
INFO: [ app_begin ] --END-- [ RunTime:0.001000s ]
NOTIC: [8192] mysql_connect(): The mysql extension is deprecated and will be removed in the future: use mysqli or PDO instead C:\xampp\htdocs\major\ThinkPHP\Library\Think\Db\Driver\Mysql.class.php 第 52 行.
SQL: SHOW COLUMNS FROM `nfc_admin` [ RunTime:0.004000s ]
SQL: SELECT `passsword` FROM `nfc_admin` WHERE ( username ='admin' ) LIMIT 1   [ RunTime:0.001000s ]
ERR: 1054:Unknown column 'passsword' in 'field list'
 [ SQL语句 ] : SELECT `passsword` FROM `nfc_admin` WHERE ( username ='admin' ) LIMIT 1  
INFO: [ app_end ] --START--
INFO: Run Behavior\ShowPageTrace [ RunTime:0.001001s ]
INFO: [ app_end ] --END-- [ RunTime:0.001001s ]

[ 2017-01-18T18:39:03+08:00 ] ::1 /major/admin.php?m=Home&c=login&a=login_check
NOTIC: [8] Constant BIND_MODULE already defined C:\xampp\htdocs\major\ThinkPHP\Library\Think\Dispatcher.class.php 第 100 行.
INFO: [ app_begin ] --START--
INFO: Run Behavior\ReadHtmlCache [ RunTime:0.002000s ]
INFO: [ app_begin ] --END-- [ RunTime:0.002000s ]
NOTIC: [8192] mysql_connect(): The mysql extension is deprecated and will be removed in the future: use mysqli or PDO instead C:\xampp\htdocs\major\ThinkPHP\Library\Think\Db\Driver\Mysql.class.php 第 52 行.
SQL: SHOW COLUMNS FROM `nfc_admin` [ RunTime:0.004000s ]
SQL: SELECT `passsword` FROM `nfc_admin` WHERE ( username ='admin' ) LIMIT 1   [ RunTime:0.000000s ]
ERR: 1054:Unknown column 'passsword' in 'field list'
 [ SQL语句 ] : SELECT `passsword` FROM `nfc_admin` WHERE ( username ='admin' ) LIMIT 1  
INFO: [ app_end ] --START--
INFO: Run Behavior\ShowPageTrace [ RunTime:0.001000s ]
INFO: [ app_end ] --END-- [ RunTime:0.001000s ]

[ 2017-01-18T18:41:38+08:00 ] ::1 /major/admin.php?m=Home&c=login&a=index
NOTIC: [8] Constant BIND_MODULE already defined C:\xampp\htdocs\major\ThinkPHP\Library\Think\Dispatcher.class.php 第 100 行.
INFO: [ app_begin ] --START--
INFO: Run Behavior\ReadHtmlCache [ RunTime:0.001000s ]
INFO: [ app_begin ] --END-- [ RunTime:0.001000s ]
INFO: [ view_parse ] --START--
INFO: [ template_filter ] --START--
INFO: Run Behavior\ContentReplace [ RunTime:0.000000s ]
INFO: [ template_filter ] --END-- [ RunTime:0.000000s ]
INFO: Run Behavior\ParseTemplate [ RunTime:0.006000s ]
INFO: [ view_parse ] --END-- [ RunTime:0.006000s ]
INFO: [ view_filter ] --START--
INFO: Run Behavior\WriteHtmlCache [ RunTime:0.001000s ]
INFO: [ view_filter ] --END-- [ RunTime:0.001000s ]
INFO: [ app_end ] --START--
INFO: Run Behavior\ShowPageTrace [ RunTime:0.001000s ]
INFO: [ app_end ] --END-- [ RunTime:0.001000s ]

[ 2017-01-18T18:41:41+08:00 ] ::1 /major/admin.php?m=Home&c=login&a=login_check
NOTIC: [8] Constant BIND_MODULE already defined C:\xampp\htdocs\major\ThinkPHP\Library\Think\Dispatcher.class.php 第 100 行.
INFO: [ app_begin ] --START--
INFO: Run Behavior\ReadHtmlCache [ RunTime:0.001000s ]
INFO: [ app_begin ] --END-- [ RunTime:0.001000s ]
NOTIC: [8192] mysql_connect(): The mysql extension is deprecated and will be removed in the future: use mysqli or PDO instead C:\xampp\htdocs\major\ThinkPHP\Library\Think\Db\Driver\Mysql.class.php 第 52 行.
SQL: SHOW COLUMNS FROM `nfc_admin` [ RunTime:0.004000s ]
SQL: SELECT `passsword` FROM `nfc_admin` WHERE ( username ='admin' ) LIMIT 1   [ RunTime:0.001000s ]
ERR: 1054:Unknown column 'passsword' in 'field list'
 [ SQL语句 ] : SELECT `passsword` FROM `nfc_admin` WHERE ( username ='admin' ) LIMIT 1  
INFO: [ app_end ] --START--
INFO: Run Behavior\ShowPageTrace [ RunTime:0.000000s ]
INFO: [ app_end ] --END-- [ RunTime:0.001000s ]

[ 2017-01-18T18:42:00+08:00 ] ::1 /major/admin.php?m=Home&c=login&a=login_check
NOTIC: [8] Constant BIND_MODULE already defined C:\xampp\htdocs\major\ThinkPHP\Library\Think\Dispatcher.class.php 第 100 行.
INFO: [ app_begin ] --START--
INFO: Run Behavior\ReadHtmlCache [ RunTime:0.001000s ]
INFO: [ app_begin ] --END-- [ RunTime:0.001000s ]
NOTIC: [8192] mysql_connect(): The mysql extension is deprecated and will be removed in the future: use mysqli or PDO instead C:\xampp\htdocs\major\ThinkPHP\Library\Think\Db\Driver\Mysql.class.php 第 52 行.
SQL: SHOW COLUMNS FROM `nfc_admin` [ RunTime:0.005000s ]
SQL: SELECT `passsword` FROM `nfc_admin` WHERE ( username ='admin' ) LIMIT 1   [ RunTime:0.001000s ]
ERR: 1054:Unknown column 'passsword' in 'field list'
 [ SQL语句 ] : SELECT `passsword` FROM `nfc_admin` WHERE ( username ='admin' ) LIMIT 1  
INFO: [ app_end ] --START--
INFO: Run Behavior\ShowPageTrace [ RunTime:0.001000s ]
INFO: [ app_end ] --END-- [ RunTime:0.001000s ]

[ 2017-01-18T18:45:28+08:00 ] ::1 /major/admin.php?m=Home&c=login&a=login_check
NOTIC: [8] Constant BIND_MODULE already defined C:\xampp\htdocs\major\ThinkPHP\Library\Think\Dispatcher.class.php 第 100 行.
INFO: [ app_begin ] --START--
INFO: Run Behavior\ReadHtmlCache [ RunTime:0.002000s ]
INFO: [ app_begin ] --END-- [ RunTime:0.002000s ]
NOTIC: [8192] mysql_connect(): The mysql extension is deprecated and will be removed in the future: use mysqli or PDO instead C:\xampp\htdocs\major\ThinkPHP\Library\Think\Db\Driver\Mysql.class.php 第 52 行.
SQL: SHOW COLUMNS FROM `nfc_admin` [ RunTime:0.005001s ]
SQL: SELECT `passsword` FROM `nfc_admin` WHERE ( username ='admin' )  [ RunTime:0.001000s ]
ERR: 1054:Unknown column 'passsword' in 'field list'
 [ SQL语句 ] : SELECT `passsword` FROM `nfc_admin` WHERE ( username ='admin' ) 
INFO: [ app_end ] --START--
INFO: Run Behavior\ShowPageTrace [ RunTime:0.001000s ]
INFO: [ app_end ] --END-- [ RunTime:0.001000s ]

[ 2017-01-18T18:50:13+08:00 ] ::1 /major/admin.php?m=Home&c=login&a=login_check
NOTIC: [8] Constant BIND_MODULE already defined C:\xampp\htdocs\major\ThinkPHP\Library\Think\Dispatcher.class.php 第 100 行.
INFO: [ app_begin ] --START--
INFO: Run Behavior\ReadHtmlCache [ RunTime:0.000000s ]
INFO: [ app_begin ] --END-- [ RunTime:0.000000s ]
NOTIC: [8192] mysql_connect(): The mysql extension is deprecated and will be removed in the future: use mysqli or PDO instead C:\xampp\htdocs\major\ThinkPHP\Library\Think\Db\Driver\Mysql.class.php 第 52 行.
SQL: SHOW COLUMNS FROM `nfc_admin` [ RunTime:0.004000s ]
SQL: SELECT * FROM `nfc_admin` WHERE ( username =admin )  [ RunTime:0.000000s ]
ERR: 1054:Unknown column 'admin' in 'where clause'
 [ SQL语句 ] : SELECT * FROM `nfc_admin` WHERE ( username =admin ) 
INFO: [ app_end ] --START--
INFO: Run Behavior\ShowPageTrace [ RunTime:0.001000s ]
INFO: [ app_end ] --END-- [ RunTime:0.001000s ]

[ 2017-01-18T18:50:51+08:00 ] ::1 /major/admin.php?m=Home&c=login&a=login_check
NOTIC: [8] Constant BIND_MODULE already defined C:\xampp\htdocs\major\ThinkPHP\Library\Think\Dispatcher.class.php 第 100 行.
INFO: [ app_begin ] --START--
INFO: Run Behavior\ReadHtmlCache [ RunTime:0.001000s ]
INFO: [ app_begin ] --END-- [ RunTime:0.001000s ]
NOTIC: [8192] mysql_connect(): The mysql extension is deprecated and will be removed in the future: use mysqli or PDO instead C:\xampp\htdocs\major\ThinkPHP\Library\Think\Db\Driver\Mysql.class.php 第 52 行.
SQL: SHOW COLUMNS FROM `nfc_admin` [ RunTime:0.006000s ]
SQL: SELECT * FROM `nfc_admin` WHERE ( username=admin )  [ RunTime:0.000000s ]
ERR: 1054:Unknown column 'admin' in 'where clause'
 [ SQL语句 ] : SELECT * FROM `nfc_admin` WHERE ( username=admin ) 
INFO: [ app_end ] --START--
INFO: Run Behavior\ShowPageTrace [ RunTime:0.001000s ]
INFO: [ app_end ] --END-- [ RunTime:0.001000s ]

[ 2017-01-18T18:50:54+08:00 ] ::1 /major/admin.php?m=Home&c=login&a=login_check
NOTIC: [8] Constant BIND_MODULE already defined C:\xampp\htdocs\major\ThinkPHP\Library\Think\Dispatcher.class.php 第 100 行.
INFO: [ app_begin ] --START--
INFO: Run Behavior\ReadHtmlCache [ RunTime:0.001000s ]
INFO: [ app_begin ] --END-- [ RunTime:0.001000s ]
NOTIC: [8192] mysql_connect(): The mysql extension is deprecated and will be removed in the future: use mysqli or PDO instead C:\xampp\htdocs\major\ThinkPHP\Library\Think\Db\Driver\Mysql.class.php 第 52 行.
SQL: SHOW COLUMNS FROM `nfc_admin` [ RunTime:0.004001s ]
SQL: SELECT * FROM `nfc_admin` WHERE ( username=admin )  [ RunTime:0.001000s ]
ERR: 1054:Unknown column 'admin' in 'where clause'
 [ SQL语句 ] : SELECT * FROM `nfc_admin` WHERE ( username=admin ) 
INFO: [ app_end ] --START--
INFO: Run Behavior\ShowPageTrace [ RunTime:0.001000s ]
INFO: [ app_end ] --END-- [ RunTime:0.001000s ]

[ 2017-01-18T19:00:21+08:00 ] ::1 /major/admin.php?m=Home&c=login&a=login_check
NOTIC: [8] Constant BIND_MODULE already defined C:\xampp\htdocs\major\ThinkPHP\Library\Think\Dispatcher.class.php 第 100 行.
INFO: [ app_begin ] --START--
INFO: Run Behavior\ReadHtmlCache [ RunTime:0.001000s ]
INFO: [ app_begin ] --END-- [ RunTime:0.001000s ]
NOTIC: [8192] mysql_connect(): The mysql extension is deprecated and will be removed in the future: use mysqli or PDO instead C:\xampp\htdocs\major\ThinkPHP\Library\Think\Db\Driver\Mysql.class.php 第 52 行.
SQL: Select password from admin WHERE  username=admin [ RunTime:0.001001s ]
ERR: 1146:Table 'nfc.admin' doesn't exist
 [ SQL语句 ] : Select password from admin WHERE  username=admin
INFO: [ app_end ] --START--
INFO: Run Behavior\ShowPageTrace [ RunTime:0.001000s ]
INFO: [ app_end ] --END-- [ RunTime:0.001000s ]

[ 2017-01-18T19:00:52+08:00 ] ::1 /major/admin.php?m=Home&c=login&a=login_check
NOTIC: [8] Constant BIND_MODULE already defined C:\xampp\htdocs\major\ThinkPHP\Library\Think\Dispatcher.class.php 第 100 行.
INFO: [ app_begin ] --START--
INFO: Run Behavior\ReadHtmlCache [ RunTime:0.001000s ]
INFO: [ app_begin ] --END-- [ RunTime:0.001000s ]
NOTIC: [8192] mysql_connect(): The mysql extension is deprecated and will be removed in the future: use mysqli or PDO instead C:\xampp\htdocs\major\ThinkPHP\Library\Think\Db\Driver\Mysql.class.php 第 52 行.
SQL: Select password from admin WHERE  username=admin [ RunTime:0.001000s ]
ERR: 1146:Table 'nfc.admin' doesn't exist
 [ SQL语句 ] : Select password from admin WHERE  username=admin
INFO: [ app_end ] --START--
INFO: Run Behavior\ShowPageTrace [ RunTime:0.001000s ]
INFO: [ app_end ] --END-- [ RunTime:0.001000s ]

[ 2017-01-18T19:05:47+08:00 ] ::1 /major/admin.php?m=Home&c=login&a=login_check
NOTIC: [8] Constant BIND_MODULE already defined C:\xampp\htdocs\major\ThinkPHP\Library\Think\Dispatcher.class.php 第 100 行.
INFO: [ app_begin ] --START--
INFO: Run Behavior\ReadHtmlCache [ RunTime:0.001000s ]
INFO: [ app_begin ] --END-- [ RunTime:0.001000s ]
INFO: [ app_end ] --START--
INFO: Run Behavior\ShowPageTrace [ RunTime:0.001000s ]
INFO: [ app_end ] --END-- [ RunTime:0.001000s ]

[ 2017-01-18T19:08:29+08:00 ] ::1 /major/admin.php?m=Home&c=login&a=login_check
NOTIC: [8] Constant BIND_MODULE already defined C:\xampp\htdocs\major\ThinkPHP\Library\Think\Dispatcher.class.php 第 100 行.
INFO: [ app_begin ] --START--
INFO: Run Behavior\ReadHtmlCache [ RunTime:0.001000s ]
INFO: [ app_begin ] --END-- [ RunTime:0.001000s ]
NOTIC: [8192] mysql_connect(): The mysql extension is deprecated and will be removed in the future: use mysqli or PDO instead C:\xampp\htdocs\major\ThinkPHP\Library\Think\Db\Driver\Mysql.class.php 第 52 行.
SQL: Select password from admin WHERE  username=admin [ RunTime:0.001000s ]
ERR: 1146:Table 'nfc.admin' doesn't exist
 [ SQL语句 ] : Select password from admin WHERE  username=admin
INFO: [ app_end ] --START--
INFO: Run Behavior\ShowPageTrace [ RunTime:0.001000s ]
INFO: [ app_end ] --END-- [ RunTime:0.001000s ]

[ 2017-01-18T19:11:04+08:00 ] ::1 /major/admin.php?m=Home&c=login&a=login_check
NOTIC: [8] Constant BIND_MODULE already defined C:\xampp\htdocs\major\ThinkPHP\Library\Think\Dispatcher.class.php 第 100 行.
INFO: [ app_begin ] --START--
INFO: Run Behavior\ReadHtmlCache [ RunTime:0.001000s ]
INFO: [ app_begin ] --END-- [ RunTime:0.001000s ]
NOTIC: [8192] mysql_connect(): The mysql extension is deprecated and will be removed in the future: use mysqli or PDO instead C:\xampp\htdocs\major\ThinkPHP\Library\Think\Db\Driver\Mysql.class.php 第 52 行.
SQL: SHOW COLUMNS FROM `nfc_admin` [ RunTime:0.005001s ]
SQL: SELECT * FROM `nfc_admin` WHERE ( username=admin )  [ RunTime:0.000000s ]
ERR: 1054:Unknown column 'admin' in 'where clause'
 [ SQL语句 ] : SELECT * FROM `nfc_admin` WHERE ( username=admin ) 
INFO: [ app_end ] --START--
INFO: Run Behavior\ShowPageTrace [ RunTime:0.001000s ]
INFO: [ app_end ] --END-- [ RunTime:0.001000s ]

[ 2017-01-18T19:11:15+08:00 ] ::1 /major/admin.php?m=Home&c=login&a=login_check
NOTIC: [8] Constant BIND_MODULE already defined C:\xampp\htdocs\major\ThinkPHP\Library\Think\Dispatcher.class.php 第 100 行.
INFO: [ app_begin ] --START--
INFO: Run Behavior\ReadHtmlCache [ RunTime:0.001001s ]
INFO: [ app_begin ] --END-- [ RunTime:0.001001s ]
NOTIC: [8192] mysql_connect(): The mysql extension is deprecated and will be removed in the future: use mysqli or PDO instead C:\xampp\htdocs\major\ThinkPHP\Library\Think\Db\Driver\Mysql.class.php 第 52 行.
SQL: SHOW COLUMNS FROM `nfc_admin` [ RunTime:0.006000s ]
SQL: SELECT * FROM `nfc_admin` WHERE ( username=admin )  [ RunTime:0.000000s ]
ERR: 1054:Unknown column 'admin' in 'where clause'
 [ SQL语句 ] : SELECT * FROM `nfc_admin` WHERE ( username=admin ) 
INFO: [ app_end ] --START--
INFO: Run Behavior\ShowPageTrace [ RunTime:0.001001s ]
INFO: [ app_end ] --END-- [ RunTime:0.001001s ]

[ 2017-01-18T19:15:27+08:00 ] ::1 /major/admin.php?m=Home&c=login&a=login_check
NOTIC: [8] Constant BIND_MODULE already defined C:\xampp\htdocs\major\ThinkPHP\Library\Think\Dispatcher.class.php 第 100 行.
INFO: [ app_begin ] --START--
INFO: Run Behavior\ReadHtmlCache [ RunTime:0.000000s ]
INFO: [ app_begin ] --END-- [ RunTime:0.001000s ]
NOTIC: [8192] mysql_connect(): The mysql extension is deprecated and will be removed in the future: use mysqli or PDO instead C:\xampp\htdocs\major\ThinkPHP\Library\Think\Db\Driver\Mysql.class.php 第 52 行.
SQL: SHOW COLUMNS FROM `nfc_admin` [ RunTime:0.004000s ]
SQL: SELECT * FROM `nfc_admin` WHERE ( username=admin )  [ RunTime:0.000000s ]
ERR: 1054:Unknown column 'admin' in 'where clause'
 [ SQL语句 ] : SELECT * FROM `nfc_admin` WHERE ( username=admin ) 
INFO: [ app_end ] --START--
INFO: Run Behavior\ShowPageTrace [ RunTime:0.001000s ]
INFO: [ app_end ] --END-- [ RunTime:0.001000s ]

[ 2017-01-18T19:28:58+08:00 ] ::1 /major/admin.php?m=Home&c=login&a=login_check
NOTIC: [8] Constant BIND_MODULE already defined C:\xampp\htdocs\major\ThinkPHP\Library\Think\Dispatcher.class.php 第 100 行.
INFO: [ app_begin ] --START--
INFO: Run Behavior\ReadHtmlCache [ RunTime:0.002000s ]
INFO: [ app_begin ] --END-- [ RunTime:0.002000s ]
NOTIC: [8192] mysql_connect(): The mysql extension is deprecated and will be removed in the future: use mysqli or PDO instead C:\xampp\htdocs\major\ThinkPHP\Library\Think\Db\Driver\Mysql.class.php 第 52 行.
SQL: SHOW COLUMNS FROM `nfc_nfc_admin` [ RunTime:0.005000s ]
ERR: 1146:Table 'nfc.nfc_nfc_admin' doesn't exist
 [ SQL语句 ] : SHOW COLUMNS FROM `nfc_nfc_admin`
SQL: SELECT * FROM `nfc_nfc_admin` WHERE ( username=admin )  [ RunTime:0.001000s ]
ERR: 1146:Table 'nfc.nfc_nfc_admin' doesn't exist
 [ SQL语句 ] : SELECT * FROM `nfc_nfc_admin` WHERE ( username=admin ) 
INFO: [ app_end ] --START--
INFO: Run Behavior\ShowPageTrace [ RunTime:0.001000s ]
INFO: [ app_end ] --END-- [ RunTime:0.001000s ]

[ 2017-01-18T19:29:46+08:00 ] ::1 /major/admin.php?m=Home&c=login&a=login_check
NOTIC: [8] Constant BIND_MODULE already defined C:\xampp\htdocs\major\ThinkPHP\Library\Think\Dispatcher.class.php 第 100 行.
INFO: [ app_begin ] --START--
INFO: Run Behavior\ReadHtmlCache [ RunTime:0.002000s ]
INFO: [ app_begin ] --END-- [ RunTime:0.002000s ]
NOTIC: [8192] mysql_connect(): The mysql extension is deprecated and will be removed in the future: use mysqli or PDO instead C:\xampp\htdocs\major\ThinkPHP\Library\Think\Db\Driver\Mysql.class.php 第 52 行.
SQL: SHOW COLUMNS FROM `nfc_nfc_admin` [ RunTime:0.003000s ]
ERR: 1146:Table 'nfc.nfc_nfc_admin' doesn't exist
 [ SQL语句 ] : SHOW COLUMNS FROM `nfc_nfc_admin`
SQL: SELECT * FROM `nfc_nfc_admin` WHERE ( username=admin )  [ RunTime:0.000000s ]
ERR: 1146:Table 'nfc.nfc_nfc_admin' doesn't exist
 [ SQL语句 ] : SELECT * FROM `nfc_nfc_admin` WHERE ( username=admin ) 
INFO: [ app_end ] --START--
INFO: Run Behavior\ShowPageTrace [ RunTime:0.002000s ]
INFO: [ app_end ] --END-- [ RunTime:0.002000s ]

[ 2017-01-18T19:30:22+08:00 ] ::1 /major/admin.php?m=Home&c=login&a=login_check
NOTIC: [8] Constant BIND_MODULE already defined C:\xampp\htdocs\major\ThinkPHP\Library\Think\Dispatcher.class.php 第 100 行.
INFO: [ app_begin ] --START--
INFO: Run Behavior\ReadHtmlCache [ RunTime:0.001000s ]
INFO: [ app_begin ] --END-- [ RunTime:0.001000s ]

[ 2017-01-18T19:30:30+08:00 ] ::1 /major/admin.php?m=Home&c=login&a=login_check
NOTIC: [8] Constant BIND_MODULE already defined C:\xampp\htdocs\major\ThinkPHP\Library\Think\Dispatcher.class.php 第 100 行.
INFO: [ app_begin ] --START--
INFO: Run Behavior\ReadHtmlCache [ RunTime:0.001000s ]
INFO: [ app_begin ] --END-- [ RunTime:0.001000s ]
NOTIC: [8192] mysql_connect(): The mysql extension is deprecated and will be removed in the future: use mysqli or PDO instead C:\xampp\htdocs\major\ThinkPHP\Library\Think\Db\Driver\Mysql.class.php 第 52 行.
SQL: SHOW COLUMNS FROM `nfc_nfc_admin` [ RunTime:0.004000s ]
ERR: 1146:Table 'nfc.nfc_nfc_admin' doesn't exist
 [ SQL语句 ] : SHOW COLUMNS FROM `nfc_nfc_admin`
SQL: SELECT * FROM `nfc_nfc_admin` WHERE ( username=admin )  [ RunTime:0.001000s ]
ERR: 1146:Table 'nfc.nfc_nfc_admin' doesn't exist
 [ SQL语句 ] : SELECT * FROM `nfc_nfc_admin` WHERE ( username=admin ) 
INFO: [ app_end ] --START--
INFO: Run Behavior\ShowPageTrace [ RunTime:0.002000s ]
INFO: [ app_end ] --END-- [ RunTime:0.002000s ]

[ 2017-01-18T19:34:46+08:00 ] ::1 /major/admin.php?m=Home&c=login&a=login_check
NOTIC: [8] Constant BIND_MODULE already defined C:\xampp\htdocs\major\ThinkPHP\Library\Think\Dispatcher.class.php 第 100 行.
INFO: [ app_begin ] --START--
INFO: Run Behavior\ReadHtmlCache [ RunTime:0.001000s ]
INFO: [ app_begin ] --END-- [ RunTime:0.001000s ]
NOTIC: [8192] mysql_connect(): The mysql extension is deprecated and will be removed in the future: use mysqli or PDO instead C:\xampp\htdocs\major\ThinkPHP\Library\Think\Db\Driver\Mysql.class.php 第 52 行.
SQL: SHOW COLUMNS FROM `nfc_nfc_admin` [ RunTime:0.004000s ]
ERR: 1146:Table 'nfc.nfc_nfc_admin' doesn't exist
 [ SQL语句 ] : SHOW COLUMNS FROM `nfc_nfc_admin`
SQL: SELECT `password` FROM `nfc_nfc_admin` WHERE ( username ='admin' ) LIMIT 1   [ RunTime:0.001000s ]
ERR: 1146:Table 'nfc.nfc_nfc_admin' doesn't exist
 [ SQL语句 ] : SELECT `password` FROM `nfc_nfc_admin` WHERE ( username ='admin' ) LIMIT 1  
INFO: [ app_end ] --START--
INFO: Run Behavior\ShowPageTrace [ RunTime:0.001000s ]
INFO: [ app_end ] --END-- [ RunTime:0.001000s ]

[ 2017-01-18T19:35:03+08:00 ] ::1 /major/admin.php?m=Home&c=login&a=login_check
NOTIC: [8] Constant BIND_MODULE already defined C:\xampp\htdocs\major\ThinkPHP\Library\Think\Dispatcher.class.php 第 100 行.
INFO: [ app_begin ] --START--
INFO: Run Behavior\ReadHtmlCache [ RunTime:0.002000s ]
INFO: [ app_begin ] --END-- [ RunTime:0.002000s ]
NOTIC: [8192] mysql_connect(): The mysql extension is deprecated and will be removed in the future: use mysqli or PDO instead C:\xampp\htdocs\major\ThinkPHP\Library\Think\Db\Driver\Mysql.class.php 第 52 行.
SQL: SHOW COLUMNS FROM `nfc_admin` [ RunTime:0.004000s ]
SQL: SELECT `password` FROM `nfc_admin` WHERE ( username ='admin' ) LIMIT 1   [ RunTime:0.000000s ]

[ 2017-01-18T19:35:10+08:00 ] ::1 /major/admin.php?m=Home&c=login&a=login_check
NOTIC: [8] Constant BIND_MODULE already defined C:\xampp\htdocs\major\ThinkPHP\Library\Think\Dispatcher.class.php 第 100 行.
INFO: [ app_begin ] --START--
INFO: Run Behavior\ReadHtmlCache [ RunTime:0.002000s ]
INFO: [ app_begin ] --END-- [ RunTime:0.002000s ]
NOTIC: [8192] mysql_connect(): The mysql extension is deprecated and will be removed in the future: use mysqli or PDO instead C:\xampp\htdocs\major\ThinkPHP\Library\Think\Db\Driver\Mysql.class.php 第 52 行.
SQL: SHOW COLUMNS FROM `nfc_admin` [ RunTime:0.004000s ]
SQL: SELECT `password` FROM `nfc_admin` WHERE ( username ='admin' ) LIMIT 1   [ RunTime:0.000000s ]

[ 2017-01-18T19:35:14+08:00 ] ::1 /major/admin.php?m=Home&c=login&a=login_check
NOTIC: [8] Constant BIND_MODULE already defined C:\xampp\htdocs\major\ThinkPHP\Library\Think\Dispatcher.class.php 第 100 行.
INFO: [ app_begin ] --START--
INFO: Run Behavior\ReadHtmlCache [ RunTime:0.002000s ]
INFO: [ app_begin ] --END-- [ RunTime:0.002000s ]
NOTIC: [8192] mysql_connect(): The mysql extension is deprecated and will be removed in the future: use mysqli or PDO instead C:\xampp\htdocs\major\ThinkPHP\Library\Think\Db\Driver\Mysql.class.php 第 52 行.
SQL: SHOW COLUMNS FROM `nfc_nfc_admin` [ RunTime:0.004000s ]
ERR: 1146:Table 'nfc.nfc_nfc_admin' doesn't exist
 [ SQL语句 ] : SHOW COLUMNS FROM `nfc_nfc_admin`
SQL: SELECT `password` FROM `nfc_nfc_admin` WHERE ( username ='admin' ) LIMIT 1   [ RunTime:0.001000s ]
ERR: 1146:Table 'nfc.nfc_nfc_admin' doesn't exist
 [ SQL语句 ] : SELECT `password` FROM `nfc_nfc_admin` WHERE ( username ='admin' ) LIMIT 1  
INFO: [ app_end ] --START--
INFO: Run Behavior\ShowPageTrace [ RunTime:0.002000s ]
INFO: [ app_end ] --END-- [ RunTime:0.002000s ]

[ 2017-01-18T19:35:25+08:00 ] ::1 /major/admin.php?m=Home&c=login&a=login_check
NOTIC: [8] Constant BIND_MODULE already defined C:\xampp\htdocs\major\ThinkPHP\Library\Think\Dispatcher.class.php 第 100 行.
INFO: [ app_begin ] --START--
INFO: Run Behavior\ReadHtmlCache [ RunTime:0.002000s ]
INFO: [ app_begin ] --END-- [ RunTime:0.002000s ]
NOTIC: [8192] mysql_connect(): The mysql extension is deprecated and will be removed in the future: use mysqli or PDO instead C:\xampp\htdocs\major\ThinkPHP\Library\Think\Db\Driver\Mysql.class.php 第 52 行.
SQL: SHOW COLUMNS FROM `nfc_admin` [ RunTime:0.004001s ]
SQL: SELECT `password` FROM `nfc_admin` WHERE ( username ='admin' ) LIMIT 1   [ RunTime:0.000000s ]

[ 2017-01-18T19:36:16+08:00 ] ::1 /major/admin.php?m=Home&c=login&a=login_check
NOTIC: [8] Constant BIND_MODULE already defined C:\xampp\htdocs\major\ThinkPHP\Library\Think\Dispatcher.class.php 第 100 行.
INFO: [ app_begin ] --START--
INFO: Run Behavior\ReadHtmlCache [ RunTime:0.001000s ]
INFO: [ app_begin ] --END-- [ RunTime:0.001000s ]
NOTIC: [8192] mysql_connect(): The mysql extension is deprecated and will be removed in the future: use mysqli or PDO instead C:\xampp\htdocs\major\ThinkPHP\Library\Think\Db\Driver\Mysql.class.php 第 52 行.
SQL: SHOW COLUMNS FROM `nfc_admin` [ RunTime:0.004000s ]
SQL: SELECT `password` FROM `nfc_admin` WHERE ( username ='admin' ) LIMIT 1   [ RunTime:0.000000s ]
INFO: [ app_end ] --START--
INFO: Run Behavior\ShowPageTrace [ RunTime:0.001000s ]
INFO: [ app_end ] --END-- [ RunTime:0.001000s ]

[ 2017-01-18T19:36:41+08:00 ] ::1 /major/admin.php?m=Home&c=login&a=login_check
NOTIC: [8] Constant BIND_MODULE already defined C:\xampp\htdocs\major\ThinkPHP\Library\Think\Dispatcher.class.php 第 100 行.
INFO: [ app_begin ] --START--
INFO: Run Behavior\ReadHtmlCache [ RunTime:0.001000s ]
INFO: [ app_begin ] --END-- [ RunTime:0.001000s ]
NOTIC: [8192] mysql_connect(): The mysql extension is deprecated and will be removed in the future: use mysqli or PDO instead C:\xampp\htdocs\major\ThinkPHP\Library\Think\Db\Driver\Mysql.class.php 第 52 行.
SQL: SHOW COLUMNS FROM `nfc_admin` [ RunTime:0.004000s ]
SQL: SELECT `password` FROM `nfc_admin` WHERE ( username ='admin' ) LIMIT 1   [ RunTime:0.000000s ]
NOTIC: [8] Array to string conversion C:\xampp\htdocs\major\Application\Home\Controller\LoginController.class.php 第 27 行.
INFO: [ app_end ] --START--
INFO: Run Behavior\ShowPageTrace [ RunTime:0.001000s ]
INFO: [ app_end ] --END-- [ RunTime:0.002000s ]

[ 2017-01-18T19:37:14+08:00 ] ::1 /major/admin.php?m=Home&c=login&a=login_check
NOTIC: [8] Constant BIND_MODULE already defined C:\xampp\htdocs\major\ThinkPHP\Library\Think\Dispatcher.class.php 第 100 行.
INFO: [ app_begin ] --START--
INFO: Run Behavior\ReadHtmlCache [ RunTime:0.002000s ]
INFO: [ app_begin ] --END-- [ RunTime:0.002000s ]
NOTIC: [8192] mysql_connect(): The mysql extension is deprecated and will be removed in the future: use mysqli or PDO instead C:\xampp\htdocs\major\ThinkPHP\Library\Think\Db\Driver\Mysql.class.php 第 52 行.
SQL: SHOW COLUMNS FROM `nfc_admin` [ RunTime:0.005000s ]
SQL: SELECT `password` FROM `nfc_admin` WHERE ( username ='admin' ) LIMIT 1   [ RunTime:0.000000s ]

[ 2017-01-18T19:37:14+08:00 ] ::1 /major/admin.php?m=Home&c=login&a=index
NOTIC: [8] Constant BIND_MODULE already defined C:\xampp\htdocs\major\ThinkPHP\Library\Think\Dispatcher.class.php 第 100 行.
INFO: [ app_begin ] --START--
INFO: Run Behavior\ReadHtmlCache [ RunTime:0.002000s ]
INFO: [ app_begin ] --END-- [ RunTime:0.002000s ]
INFO: [ view_parse ] --START--
INFO: [ template_filter ] --START--
INFO: Run Behavior\ContentReplace [ RunTime:0.000000s ]
INFO: [ template_filter ] --END-- [ RunTime:0.000000s ]
INFO: Run Behavior\ParseTemplate [ RunTime:0.009000s ]
INFO: [ view_parse ] --END-- [ RunTime:0.009000s ]
INFO: [ view_filter ] --START--
INFO: Run Behavior\WriteHtmlCache [ RunTime:0.000000s ]
INFO: [ view_filter ] --END-- [ RunTime:0.001000s ]
INFO: [ app_end ] --START--
INFO: Run Behavior\ShowPageTrace [ RunTime:0.001001s ]
INFO: [ app_end ] --END-- [ RunTime:0.002001s ]

[ 2017-01-18T19:38:19+08:00 ] ::1 /major/admin.php?m=Home&c=login&a=login_check
NOTIC: [8] Constant BIND_MODULE already defined C:\xampp\htdocs\major\ThinkPHP\Library\Think\Dispatcher.class.php 第 100 行.
INFO: [ app_begin ] --START--
INFO: Run Behavior\ReadHtmlCache [ RunTime:0.001000s ]
INFO: [ app_begin ] --END-- [ RunTime:0.001000s ]
NOTIC: [8192] mysql_connect(): The mysql extension is deprecated and will be removed in the future: use mysqli or PDO instead C:\xampp\htdocs\major\ThinkPHP\Library\Think\Db\Driver\Mysql.class.php 第 52 行.
SQL: SHOW COLUMNS FROM `nfc_admin` [ RunTime:0.004000s ]
SQL: SELECT `password` FROM `nfc_admin` WHERE ( username ='admin' ) LIMIT 1   [ RunTime:0.001000s ]

[ 2017-01-18T19:38:19+08:00 ] ::1 /major/admin.php?m=Home&c=index&a=index
NOTIC: [8] Constant BIND_MODULE already defined C:\xampp\htdocs\major\ThinkPHP\Library\Think\Dispatcher.class.php 第 100 行.
INFO: [ app_begin ] --START--
INFO: Run Behavior\ReadHtmlCache [ RunTime:0.001000s ]
INFO: [ app_begin ] --END-- [ RunTime:0.001000s ]
INFO: [ view_parse ] --START--
INFO: [ template_filter ] --START--
INFO: Run Behavior\ContentReplace [ RunTime:0.000000s ]
INFO: [ template_filter ] --END-- [ RunTime:0.000000s ]
INFO: Run Behavior\ParseTemplate [ RunTime:0.009000s ]
INFO: [ view_parse ] --END-- [ RunTime:0.009000s ]
INFO: [ view_filter ] --START--
INFO: Run Behavior\WriteHtmlCache [ RunTime:0.001000s ]
INFO: [ view_filter ] --END-- [ RunTime:0.001000s ]
INFO: [ app_end ] --START--
INFO: Run Behavior\ShowPageTrace [ RunTime:0.001000s ]
INFO: [ app_end ] --END-- [ RunTime:0.001000s ]

[ 2017-01-18T19:38:19+08:00 ] ::1 /major/admin.php?m=Home&c=index&a=show_welcome
NOTIC: [8] Constant BIND_MODULE already defined C:\xampp\htdocs\major\ThinkPHP\Library\Think\Dispatcher.class.php 第 100 行.
INFO: [ app_begin ] --START--
INFO: Run Behavior\ReadHtmlCache [ RunTime:0.002000s ]
INFO: [ app_begin ] --END-- [ RunTime:0.002000s ]
INFO: [ view_parse ] --START--
INFO: [ template_filter ] --START--
INFO: Run Behavior\ContentReplace [ RunTime:0.000000s ]
INFO: [ template_filter ] --END-- [ RunTime:0.000000s ]
NOTIC: [8] Undefined variable: admin_info C:\xampp\htdocs\major\Application\Runtime\Cache\Home\60ec3b636d20a54d9598dd3c70ec0e21.php 第 22 行.
NOTIC: [8] Undefined variable: admin_info C:\xampp\htdocs\major\Application\Runtime\Cache\Home\60ec3b636d20a54d9598dd3c70ec0e21.php 第 24 行.
NOTIC: [8] Undefined variable: admin_info C:\xampp\htdocs\major\Application\Runtime\Cache\Home\60ec3b636d20a54d9598dd3c70ec0e21.php 第 25 行.
INFO: Run Behavior\ParseTemplate [ RunTime:0.012000s ]
INFO: [ view_parse ] --END-- [ RunTime:0.012000s ]
INFO: [ view_filter ] --START--
INFO: Run Behavior\WriteHtmlCache [ RunTime:0.001000s ]
INFO: [ view_filter ] --END-- [ RunTime:0.001000s ]
INFO: [ app_end ] --START--
INFO: Run Behavior\ShowPageTrace [ RunTime:0.002000s ]
INFO: [ app_end ] --END-- [ RunTime:0.002000s ]

[ 2017-01-18T19:38:29+08:00 ] ::1 /major/admin.php?m=Home&c=login&a=login_check
NOTIC: [8] Constant BIND_MODULE already defined C:\xampp\htdocs\major\ThinkPHP\Library\Think\Dispatcher.class.php 第 100 行.
INFO: [ app_begin ] --START--
INFO: Run Behavior\ReadHtmlCache [ RunTime:0.001000s ]
INFO: [ app_begin ] --END-- [ RunTime:0.001000s ]
NOTIC: [8192] mysql_connect(): The mysql extension is deprecated and will be removed in the future: use mysqli or PDO instead C:\xampp\htdocs\major\ThinkPHP\Library\Think\Db\Driver\Mysql.class.php 第 52 行.
SQL: SHOW COLUMNS FROM `nfc_admin` [ RunTime:0.004000s ]
SQL: SELECT `password` FROM `nfc_admin` WHERE ( username ='admin' ) LIMIT 1   [ RunTime:0.000000s ]

[ 2017-01-18T19:38:29+08:00 ] ::1 /major/admin.php?m=Home&c=login&a=index
NOTIC: [8] Constant BIND_MODULE already defined C:\xampp\htdocs\major\ThinkPHP\Library\Think\Dispatcher.class.php 第 100 行.
INFO: [ app_begin ] --START--
INFO: Run Behavior\ReadHtmlCache [ RunTime:0.001000s ]
INFO: [ app_begin ] --END-- [ RunTime:0.001000s ]
INFO: [ view_parse ] --START--
INFO: [ template_filter ] --START--
INFO: Run Behavior\ContentReplace [ RunTime:0.000000s ]
INFO: [ template_filter ] --END-- [ RunTime:0.000000s ]
INFO: Run Behavior\ParseTemplate [ RunTime:0.009000s ]
INFO: [ view_parse ] --END-- [ RunTime:0.009000s ]
INFO: [ view_filter ] --START--
INFO: Run Behavior\WriteHtmlCache [ RunTime:0.001000s ]
INFO: [ view_filter ] --END-- [ RunTime:0.001000s ]
INFO: [ app_end ] --START--
INFO: Run Behavior\ShowPageTrace [ RunTime:0.001000s ]
INFO: [ app_end ] --END-- [ RunTime:0.001000s ]

[ 2017-01-18T19:40:00+08:00 ] ::1 /major/admin.php?m=Home&c=login&a=login_check
NOTIC: [8] Constant BIND_MODULE already defined C:\xampp\htdocs\major\ThinkPHP\Library\Think\Dispatcher.class.php 第 100 行.
INFO: [ app_begin ] --START--
INFO: Run Behavior\ReadHtmlCache [ RunTime:0.002000s ]
INFO: [ app_begin ] --END-- [ RunTime:0.002000s ]
NOTIC: [8192] mysql_connect(): The mysql extension is deprecated and will be removed in the future: use mysqli or PDO instead C:\xampp\htdocs\major\ThinkPHP\Library\Think\Db\Driver\Mysql.class.php 第 52 行.
SQL: SHOW COLUMNS FROM `nfc_admin` [ RunTime:0.004000s ]
SQL: SELECT `password` FROM `nfc_admin` WHERE ( username ='admin' ) LIMIT 1   [ RunTime:0.000000s ]

[ 2017-01-18T19:40:00+08:00 ] ::1 /major/admin.php?m=Home&c=login&a=index
NOTIC: [8] Constant BIND_MODULE already defined C:\xampp\htdocs\major\ThinkPHP\Library\Think\Dispatcher.class.php 第 100 行.
INFO: [ app_begin ] --START--
INFO: Run Behavior\ReadHtmlCache [ RunTime:0.001000s ]
INFO: [ app_begin ] --END-- [ RunTime:0.001000s ]
INFO: [ view_parse ] --START--
INFO: [ template_filter ] --START--
INFO: Run Behavior\ContentReplace [ RunTime:0.000000s ]
INFO: [ template_filter ] --END-- [ RunTime:0.000000s ]
INFO: Run Behavior\ParseTemplate [ RunTime:0.009001s ]
INFO: [ view_parse ] --END-- [ RunTime:0.009001s ]
INFO: [ view_filter ] --START--
INFO: Run Behavior\WriteHtmlCache [ RunTime:0.001000s ]
INFO: [ view_filter ] --END-- [ RunTime:0.001000s ]
INFO: [ app_end ] --START--
INFO: Run Behavior\ShowPageTrace [ RunTime:0.001000s ]
INFO: [ app_end ] --END-- [ RunTime:0.001000s ]

[ 2017-01-18T19:40:05+08:00 ] ::1 /major/admin.php?m=Home&c=login&a=login_check
NOTIC: [8] Constant BIND_MODULE already defined C:\xampp\htdocs\major\ThinkPHP\Library\Think\Dispatcher.class.php 第 100 行.
INFO: [ app_begin ] --START--
INFO: Run Behavior\ReadHtmlCache [ RunTime:0.001000s ]
INFO: [ app_begin ] --END-- [ RunTime:0.001000s ]
NOTIC: [8192] mysql_connect(): The mysql extension is deprecated and will be removed in the future: use mysqli or PDO instead C:\xampp\htdocs\major\ThinkPHP\Library\Think\Db\Driver\Mysql.class.php 第 52 行.
SQL: SHOW COLUMNS FROM `nfc_admin` [ RunTime:0.004000s ]
SQL: SELECT `password` FROM `nfc_admin` WHERE ( username ='admin' ) LIMIT 1   [ RunTime:0.000000s ]

[ 2017-01-18T19:40:05+08:00 ] ::1 /major/admin.php?m=Home&c=index&a=index
NOTIC: [8] Constant BIND_MODULE already defined C:\xampp\htdocs\major\ThinkPHP\Library\Think\Dispatcher.class.php 第 100 行.
INFO: [ app_begin ] --START--
INFO: Run Behavior\ReadHtmlCache [ RunTime:0.001000s ]
INFO: [ app_begin ] --END-- [ RunTime:0.001000s ]
INFO: [ view_parse ] --START--
INFO: [ template_filter ] --START--
INFO: Run Behavior\ContentReplace [ RunTime:0.000000s ]
INFO: [ template_filter ] --END-- [ RunTime:0.000000s ]
INFO: Run Behavior\ParseTemplate [ RunTime:0.011000s ]
INFO: [ view_parse ] --END-- [ RunTime:0.011000s ]
INFO: [ view_filter ] --START--
INFO: Run Behavior\WriteHtmlCache [ RunTime:0.001000s ]
INFO: [ view_filter ] --END-- [ RunTime:0.001000s ]
INFO: [ app_end ] --START--
INFO: Run Behavior\ShowPageTrace [ RunTime:0.001000s ]
INFO: [ app_end ] --END-- [ RunTime:0.001000s ]

[ 2017-01-18T19:40:05+08:00 ] ::1 /major/admin.php?m=Home&c=index&a=show_welcome
NOTIC: [8] Constant BIND_MODULE already defined C:\xampp\htdocs\major\ThinkPHP\Library\Think\Dispatcher.class.php 第 100 行.
INFO: [ app_begin ] --START--
INFO: Run Behavior\ReadHtmlCache [ RunTime:0.001000s ]
INFO: [ app_begin ] --END-- [ RunTime:0.001000s ]
INFO: [ view_parse ] --START--
INFO: [ template_filter ] --START--
INFO: Run Behavior\ContentReplace [ RunTime:0.000000s ]
INFO: [ template_filter ] --END-- [ RunTime:0.000000s ]
NOTIC: [8] Undefined variable: admin_info C:\xampp\htdocs\major\Application\Runtime\Cache\Home\60ec3b636d20a54d9598dd3c70ec0e21.php 第 22 行.
NOTIC: [8] Undefined variable: admin_info C:\xampp\htdocs\major\Application\Runtime\Cache\Home\60ec3b636d20a54d9598dd3c70ec0e21.php 第 24 行.
NOTIC: [8] Undefined variable: admin_info C:\xampp\htdocs\major\Application\Runtime\Cache\Home\60ec3b636d20a54d9598dd3c70ec0e21.php 第 25 行.
INFO: Run Behavior\ParseTemplate [ RunTime:0.010000s ]
INFO: [ view_parse ] --END-- [ RunTime:0.010000s ]
INFO: [ view_filter ] --START--
INFO: Run Behavior\WriteHtmlCache [ RunTime:0.002000s ]
INFO: [ view_filter ] --END-- [ RunTime:0.002000s ]
INFO: [ app_end ] --START--
INFO: Run Behavior\ShowPageTrace [ RunTime:0.001000s ]
INFO: [ app_end ] --END-- [ RunTime:0.001000s ]

[ 2017-01-18T19:54:36+08:00 ] ::1 /major/admin.php?m=Home&c=index&a=index
NOTIC: [8] Constant BIND_MODULE already defined C:\xampp\htdocs\major\ThinkPHP\Library\Think\Dispatcher.class.php 第 100 行.
INFO: [ app_begin ] --START--
INFO: Run Behavior\ReadHtmlCache [ RunTime:0.001000s ]
INFO: [ app_begin ] --END-- [ RunTime:0.001000s ]
INFO: [ view_parse ] --START--
INFO: [ template_filter ] --START--
INFO: Run Behavior\ContentReplace [ RunTime:0.000000s ]
INFO: [ template_filter ] --END-- [ RunTime:0.000000s ]
INFO: Run Behavior\ParseTemplate [ RunTime:0.011001s ]
INFO: [ view_parse ] --END-- [ RunTime:0.011001s ]
INFO: [ view_filter ] --START--
INFO: Run Behavior\WriteHtmlCache [ RunTime:0.001000s ]
INFO: [ view_filter ] --END-- [ RunTime:0.001000s ]
INFO: [ app_end ] --START--
INFO: Run Behavior\ShowPageTrace [ RunTime:0.001000s ]
INFO: [ app_end ] --END-- [ RunTime:0.001000s ]

[ 2017-01-18T19:54:36+08:00 ] ::1 /major/admin.php?m=Home&c=index&a=show_welcome
NOTIC: [8] Constant BIND_MODULE already defined C:\xampp\htdocs\major\ThinkPHP\Library\Think\Dispatcher.class.php 第 100 行.
INFO: [ app_begin ] --START--
INFO: Run Behavior\ReadHtmlCache [ RunTime:0.002000s ]
INFO: [ app_begin ] --END-- [ RunTime:0.003000s ]
NOTIC: [8192] mysql_connect(): The mysql extension is deprecated and will be removed in the future: use mysqli or PDO instead C:\xampp\htdocs\major\ThinkPHP\Library\Think\Db\Driver\Mysql.class.php 第 52 行.
SQL: SHOW COLUMNS FROM `nfc_admin` [ RunTime:0.004000s ]
SQL: SELECT * FROM `nfc_admin` WHERE ( username='admin' ) LIMIT 1   [ RunTime:0.001000s ]
SQL: UPDATE `nfc_admin` SET `LastLoginTime`='2017-01-18 19:54:36' WHERE ( username='admin' ) [ RunTime:0.072004s ]
INFO: [ view_parse ] --START--
INFO: [ template_filter ] --START--
INFO: Run Behavior\ContentReplace [ RunTime:0.000000s ]
INFO: [ template_filter ] --END-- [ RunTime:0.000000s ]
NOTIC: [8] Undefined index: AdminName C:\xampp\htdocs\major\Application\Runtime\Cache\Home\60ec3b636d20a54d9598dd3c70ec0e21.php 第 22 行.
NOTIC: [8] Undefined index: LastLoginIP C:\xampp\htdocs\major\Application\Runtime\Cache\Home\60ec3b636d20a54d9598dd3c70ec0e21.php 第 25 行.
INFO: Run Behavior\ParseTemplate [ RunTime:0.011001s ]
INFO: [ view_parse ] --END-- [ RunTime:0.011001s ]
INFO: [ view_filter ] --START--
INFO: Run Behavior\WriteHtmlCache [ RunTime:0.001000s ]
INFO: [ view_filter ] --END-- [ RunTime:0.001000s ]
INFO: [ app_end ] --START--
INFO: Run Behavior\ShowPageTrace [ RunTime:0.001000s ]
INFO: [ app_end ] --END-- [ RunTime:0.001000s ]

[ 2017-01-18T19:55:07+08:00 ] ::1 /major/admin.php?m=Home&c=index&a=quit
NOTIC: [8] Constant BIND_MODULE already defined C:\xampp\htdocs\major\ThinkPHP\Library\Think\Dispatcher.class.php 第 100 行.
INFO: [ app_begin ] --START--
INFO: Run Behavior\ReadHtmlCache [ RunTime:0.001000s ]
INFO: [ app_begin ] --END-- [ RunTime:0.001000s ]

[ 2017-01-18T19:55:07+08:00 ] ::1 /major/admin.php?m=Home&c=login&a=index
NOTIC: [8] Constant BIND_MODULE already defined C:\xampp\htdocs\major\ThinkPHP\Library\Think\Dispatcher.class.php 第 100 行.
INFO: [ app_begin ] --START--
INFO: Run Behavior\ReadHtmlCache [ RunTime:0.001000s ]
INFO: [ app_begin ] --END-- [ RunTime:0.001000s ]
INFO: [ view_parse ] --START--
INFO: [ template_filter ] --START--
INFO: Run Behavior\ContentReplace [ RunTime:0.000000s ]
INFO: [ template_filter ] --END-- [ RunTime:0.001000s ]
INFO: Run Behavior\ParseTemplate [ RunTime:0.009001s ]
INFO: [ view_parse ] --END-- [ RunTime:0.009001s ]
INFO: [ view_filter ] --START--
INFO: Run Behavior\WriteHtmlCache [ RunTime:0.001000s ]
INFO: [ view_filter ] --END-- [ RunTime:0.001000s ]
INFO: [ app_end ] --START--
INFO: Run Behavior\ShowPageTrace [ RunTime:0.001000s ]
INFO: [ app_end ] --END-- [ RunTime:0.001000s ]

[ 2017-01-18T19:55:16+08:00 ] ::1 /major/admin.php?m=Home&c=login&a=login_check
NOTIC: [8] Constant BIND_MODULE already defined C:\xampp\htdocs\major\ThinkPHP\Library\Think\Dispatcher.class.php 第 100 行.
INFO: [ app_begin ] --START--
INFO: Run Behavior\ReadHtmlCache [ RunTime:0.002000s ]
INFO: [ app_begin ] --END-- [ RunTime:0.002000s ]
NOTIC: [8192] mysql_connect(): The mysql extension is deprecated and will be removed in the future: use mysqli or PDO instead C:\xampp\htdocs\major\ThinkPHP\Library\Think\Db\Driver\Mysql.class.php 第 52 行.
SQL: SHOW COLUMNS FROM `nfc_admin` [ RunTime:0.005000s ]
SQL: SELECT `password` FROM `nfc_admin` WHERE ( username ='admin' ) LIMIT 1   [ RunTime:0.000000s ]

[ 2017-01-18T19:55:16+08:00 ] ::1 /major/admin.php?m=Home&c=index&a=index
NOTIC: [8] Constant BIND_MODULE already defined C:\xampp\htdocs\major\ThinkPHP\Library\Think\Dispatcher.class.php 第 100 行.
INFO: [ app_begin ] --START--
INFO: Run Behavior\ReadHtmlCache [ RunTime:0.002000s ]
INFO: [ app_begin ] --END-- [ RunTime:0.002000s ]
INFO: [ view_parse ] --START--
INFO: [ template_filter ] --START--
INFO: Run Behavior\ContentReplace [ RunTime:0.000000s ]
INFO: [ template_filter ] --END-- [ RunTime:0.000000s ]
INFO: Run Behavior\ParseTemplate [ RunTime:0.010000s ]
INFO: [ view_parse ] --END-- [ RunTime:0.010000s ]
INFO: [ view_filter ] --START--
INFO: Run Behavior\WriteHtmlCache [ RunTime:0.001000s ]
INFO: [ view_filter ] --END-- [ RunTime:0.001000s ]
INFO: [ app_end ] --START--
INFO: Run Behavior\ShowPageTrace [ RunTime:0.001000s ]
INFO: [ app_end ] --END-- [ RunTime:0.001000s ]

[ 2017-01-18T19:55:16+08:00 ] ::1 /major/admin.php?m=Home&c=index&a=show_welcome
NOTIC: [8] Constant BIND_MODULE already defined C:\xampp\htdocs\major\ThinkPHP\Library\Think\Dispatcher.class.php 第 100 行.
INFO: [ app_begin ] --START--
INFO: Run Behavior\ReadHtmlCache [ RunTime:0.001000s ]
INFO: [ app_begin ] --END-- [ RunTime:0.001000s ]
NOTIC: [8192] mysql_connect(): The mysql extension is deprecated and will be removed in the future: use mysqli or PDO instead C:\xampp\htdocs\major\ThinkPHP\Library\Think\Db\Driver\Mysql.class.php 第 52 行.
SQL: SHOW COLUMNS FROM `nfc_admin` [ RunTime:0.006000s ]
SQL: SELECT * FROM `nfc_admin` WHERE ( username='admin' ) LIMIT 1   [ RunTime:0.000000s ]
SQL: UPDATE `nfc_admin` SET `LastLoginTime`='2017-01-18 19:55:16' WHERE ( username='admin' ) [ RunTime:0.111007s ]
INFO: [ view_parse ] --START--
INFO: [ template_filter ] --START--
INFO: Run Behavior\ContentReplace [ RunTime:0.000000s ]
INFO: [ template_filter ] --END-- [ RunTime:0.000000s ]
NOTIC: [8] Undefined index: AdminName C:\xampp\htdocs\major\Application\Runtime\Cache\Home\60ec3b636d20a54d9598dd3c70ec0e21.php 第 22 行.
NOTIC: [8] Undefined index: LastLoginIP C:\xampp\htdocs\major\Application\Runtime\Cache\Home\60ec3b636d20a54d9598dd3c70ec0e21.php 第 25 行.
INFO: Run Behavior\ParseTemplate [ RunTime:0.009000s ]
INFO: [ view_parse ] --END-- [ RunTime:0.009000s ]
INFO: [ view_filter ] --START--
INFO: Run Behavior\WriteHtmlCache [ RunTime:0.002000s ]
INFO: [ view_filter ] --END-- [ RunTime:0.002000s ]
INFO: [ app_end ] --START--
INFO: Run Behavior\ShowPageTrace [ RunTime:0.001000s ]
INFO: [ app_end ] --END-- [ RunTime:0.001000s ]

[ 2017-01-18T19:59:33+08:00 ] ::1 /major/admin.php?m=Home&c=index&a=index
NOTIC: [8] Constant BIND_MODULE already defined C:\xampp\htdocs\major\ThinkPHP\Library\Think\Dispatcher.class.php 第 100 行.
INFO: [ app_begin ] --START--
INFO: Run Behavior\ReadHtmlCache [ RunTime:0.001000s ]
INFO: [ app_begin ] --END-- [ RunTime:0.001000s ]
INFO: [ view_parse ] --START--
INFO: [ template_filter ] --START--
INFO: Run Behavior\ContentReplace [ RunTime:0.000000s ]
INFO: [ template_filter ] --END-- [ RunTime:0.000000s ]
INFO: Run Behavior\ParseTemplate [ RunTime:0.010000s ]
INFO: [ view_parse ] --END-- [ RunTime:0.010000s ]
INFO: [ view_filter ] --START--
INFO: Run Behavior\WriteHtmlCache [ RunTime:0.001000s ]
INFO: [ view_filter ] --END-- [ RunTime:0.001000s ]
INFO: [ app_end ] --START--
INFO: Run Behavior\ShowPageTrace [ RunTime:0.001000s ]
INFO: [ app_end ] --END-- [ RunTime:0.001000s ]

[ 2017-01-18T19:59:33+08:00 ] ::1 /major/admin.php?m=Home&c=index&a=show_welcome
NOTIC: [8] Constant BIND_MODULE already defined C:\xampp\htdocs\major\ThinkPHP\Library\Think\Dispatcher.class.php 第 100 行.
INFO: [ app_begin ] --START--
INFO: Run Behavior\ReadHtmlCache [ RunTime:0.001000s ]
INFO: [ app_begin ] --END-- [ RunTime:0.001000s ]
NOTIC: [8192] mysql_connect(): The mysql extension is deprecated and will be removed in the future: use mysqli or PDO instead C:\xampp\htdocs\major\ThinkPHP\Library\Think\Db\Driver\Mysql.class.php 第 52 行.
SQL: SHOW COLUMNS FROM `nfc_admin` [ RunTime:0.004001s ]
SQL: SELECT * FROM `nfc_admin` WHERE ( username='admin' ) LIMIT 1   [ RunTime:0.000000s ]
SQL: UPDATE `nfc_admin` SET `LastLoginIP`='0.0.0.0',`LastLoginTime`='2017-01-18 19:59:33' WHERE ( username='admin' ) [ RunTime:0.003000s ]
INFO: [ view_parse ] --START--
INFO: [ template_filter ] --START--
INFO: Run Behavior\ContentReplace [ RunTime:0.000000s ]
INFO: [ template_filter ] --END-- [ RunTime:0.000000s ]
NOTIC: [8] Undefined index: AdminName C:\xampp\htdocs\major\Application\Runtime\Cache\Home\60ec3b636d20a54d9598dd3c70ec0e21.php 第 22 行.
INFO: Run Behavior\ParseTemplate [ RunTime:0.010001s ]
INFO: [ view_parse ] --END-- [ RunTime:0.011001s ]
INFO: [ view_filter ] --START--
INFO: Run Behavior\WriteHtmlCache [ RunTime:0.001000s ]
INFO: [ view_filter ] --END-- [ RunTime:0.001000s ]
INFO: [ app_end ] --START--
INFO: Run Behavior\ShowPageTrace [ RunTime:0.001000s ]
INFO: [ app_end ] --END-- [ RunTime:0.001000s ]

[ 2017-01-18T19:59:38+08:00 ] ::1 /major/admin.php?m=Home&c=index&a=index
NOTIC: [8] Constant BIND_MODULE already defined C:\xampp\htdocs\major\ThinkPHP\Library\Think\Dispatcher.class.php 第 100 行.
INFO: [ app_begin ] --START--
INFO: Run Behavior\ReadHtmlCache [ RunTime:0.001001s ]
INFO: [ app_begin ] --END-- [ RunTime:0.001001s ]
INFO: [ view_parse ] --START--
INFO: [ template_filter ] --START--
INFO: Run Behavior\ContentReplace [ RunTime:0.000000s ]
INFO: [ template_filter ] --END-- [ RunTime:0.000000s ]
INFO: Run Behavior\ParseTemplate [ RunTime:0.009000s ]
INFO: [ view_parse ] --END-- [ RunTime:0.009000s ]
INFO: [ view_filter ] --START--
INFO: Run Behavior\WriteHtmlCache [ RunTime:0.001000s ]
INFO: [ view_filter ] --END-- [ RunTime:0.001000s ]
INFO: [ app_end ] --START--
INFO: Run Behavior\ShowPageTrace [ RunTime:0.001000s ]
INFO: [ app_end ] --END-- [ RunTime:0.001000s ]

[ 2017-01-18T19:59:38+08:00 ] ::1 /major/admin.php?m=Home&c=index&a=show_welcome
NOTIC: [8] Constant BIND_MODULE already defined C:\xampp\htdocs\major\ThinkPHP\Library\Think\Dispatcher.class.php 第 100 行.
INFO: [ app_begin ] --START--
INFO: Run Behavior\ReadHtmlCache [ RunTime:0.001000s ]
INFO: [ app_begin ] --END-- [ RunTime:0.001000s ]
NOTIC: [8192] mysql_connect(): The mysql extension is deprecated and will be removed in the future: use mysqli or PDO instead C:\xampp\htdocs\major\ThinkPHP\Library\Think\Db\Driver\Mysql.class.php 第 52 行.
SQL: SHOW COLUMNS FROM `nfc_admin` [ RunTime:0.006000s ]
SQL: SELECT * FROM `nfc_admin` WHERE ( username='admin' ) LIMIT 1   [ RunTime:0.000000s ]
SQL: UPDATE `nfc_admin` SET `LastLoginIP`='0.0.0.0',`LastLoginTime`='2017-01-18 19:59:38' WHERE ( username='admin' ) [ RunTime:0.016001s ]
INFO: [ view_parse ] --START--
INFO: [ template_filter ] --START--
INFO: Run Behavior\ContentReplace [ RunTime:0.000000s ]
INFO: [ template_filter ] --END-- [ RunTime:0.000000s ]
NOTIC: [8] Undefined index: AdminName C:\xampp\htdocs\major\Application\Runtime\Cache\Home\60ec3b636d20a54d9598dd3c70ec0e21.php 第 22 行.
INFO: Run Behavior\ParseTemplate [ RunTime:0.014001s ]
INFO: [ view_parse ] --END-- [ RunTime:0.015001s ]
INFO: [ view_filter ] --START--
INFO: Run Behavior\WriteHtmlCache [ RunTime:0.001000s ]
INFO: [ view_filter ] --END-- [ RunTime:0.001000s ]
INFO: [ app_end ] --START--
INFO: Run Behavior\ShowPageTrace [ RunTime:0.002000s ]
INFO: [ app_end ] --END-- [ RunTime:0.002000s ]

[ 2017-01-18T20:00:05+08:00 ] ::1 /major/admin.php?m=Home&c=index&a=index
NOTIC: [8] Constant BIND_MODULE already defined C:\xampp\htdocs\major\ThinkPHP\Library\Think\Dispatcher.class.php 第 100 行.
INFO: [ app_begin ] --START--
INFO: Run Behavior\ReadHtmlCache [ RunTime:0.001000s ]
INFO: [ app_begin ] --END-- [ RunTime:0.001000s ]
INFO: [ view_parse ] --START--
INFO: [ template_filter ] --START--
INFO: Run Behavior\ContentReplace [ RunTime:0.000000s ]
INFO: [ template_filter ] --END-- [ RunTime:0.000000s ]
INFO: Run Behavior\ParseTemplate [ RunTime:0.008001s ]
INFO: [ view_parse ] --END-- [ RunTime:0.008001s ]
INFO: [ view_filter ] --START--
INFO: Run Behavior\WriteHtmlCache [ RunTime:0.001000s ]
INFO: [ view_filter ] --END-- [ RunTime:0.001000s ]
INFO: [ app_end ] --START--
INFO: Run Behavior\ShowPageTrace [ RunTime:0.001000s ]
INFO: [ app_end ] --END-- [ RunTime:0.001000s ]

[ 2017-01-18T20:00:05+08:00 ] ::1 /major/admin.php?m=Home&c=index&a=show_welcome
NOTIC: [8] Constant BIND_MODULE already defined C:\xampp\htdocs\major\ThinkPHP\Library\Think\Dispatcher.class.php 第 100 行.
INFO: [ app_begin ] --START--
INFO: Run Behavior\ReadHtmlCache [ RunTime:0.001000s ]
INFO: [ app_begin ] --END-- [ RunTime:0.001000s ]
NOTIC: [8192] mysql_connect(): The mysql extension is deprecated and will be removed in the future: use mysqli or PDO instead C:\xampp\htdocs\major\ThinkPHP\Library\Think\Db\Driver\Mysql.class.php 第 52 行.
SQL: SHOW COLUMNS FROM `nfc_admin` [ RunTime:0.006000s ]
SQL: SELECT * FROM `nfc_admin` WHERE ( username='admin' ) LIMIT 1   [ RunTime:0.000000s ]
SQL: UPDATE `nfc_admin` SET `LastLoginIP`='0.0.0.0',`LastLoginTime`='2017-01-18 20:00:05' WHERE ( username='admin' ) [ RunTime:0.080005s ]
INFO: [ view_parse ] --START--
INFO: [ template_filter ] --START--
INFO: Run Behavior\ContentReplace [ RunTime:0.000000s ]
INFO: [ template_filter ] --END-- [ RunTime:0.000000s ]
NOTIC: [8] Undefined index: AdminName C:\xampp\htdocs\major\Application\Runtime\Cache\Home\60ec3b636d20a54d9598dd3c70ec0e21.php 第 22 行.
INFO: Run Behavior\ParseTemplate [ RunTime:0.006000s ]
INFO: [ view_parse ] --END-- [ RunTime:0.006000s ]
INFO: [ view_filter ] --START--
INFO: Run Behavior\WriteHtmlCache [ RunTime:0.000000s ]
INFO: [ view_filter ] --END-- [ RunTime:0.000000s ]
INFO: [ app_end ] --START--
INFO: Run Behavior\ShowPageTrace [ RunTime:0.001001s ]
INFO: [ app_end ] --END-- [ RunTime:0.001001s ]

[ 2017-01-18T20:24:16+08:00 ] ::1 /major/admin.php?m=Home&c=index&a=index
NOTIC: [8] Constant BIND_MODULE already defined C:\xampp\htdocs\major\ThinkPHP\Library\Think\Dispatcher.class.php 第 100 行.
INFO: [ app_begin ] --START--
INFO: Run Behavior\ReadHtmlCache [ RunTime:0.001000s ]
INFO: [ app_begin ] --END-- [ RunTime:0.001000s ]
INFO: [ view_parse ] --START--
INFO: [ template_filter ] --START--
INFO: Run Behavior\ContentReplace [ RunTime:0.000000s ]
INFO: [ template_filter ] --END-- [ RunTime:0.000000s ]
INFO: Run Behavior\ParseTemplate [ RunTime:0.011001s ]
INFO: [ view_parse ] --END-- [ RunTime:0.011001s ]
INFO: [ view_filter ] --START--
INFO: Run Behavior\WriteHtmlCache [ RunTime:0.001000s ]
INFO: [ view_filter ] --END-- [ RunTime:0.001000s ]
INFO: [ app_end ] --START--
INFO: Run Behavior\ShowPageTrace [ RunTime:0.001000s ]
INFO: [ app_end ] --END-- [ RunTime:0.001000s ]

[ 2017-01-18T20:24:16+08:00 ] ::1 /major/admin.php?m=Home&c=index&a=show_welcome
NOTIC: [8] Constant BIND_MODULE already defined C:\xampp\htdocs\major\ThinkPHP\Library\Think\Dispatcher.class.php 第 100 行.
INFO: [ app_begin ] --START--
INFO: Run Behavior\ReadHtmlCache [ RunTime:0.002000s ]
INFO: [ app_begin ] --END-- [ RunTime:0.002000s ]
NOTIC: [8192] mysql_connect(): The mysql extension is deprecated and will be removed in the future: use mysqli or PDO instead C:\xampp\htdocs\major\ThinkPHP\Library\Think\Db\Driver\Mysql.class.php 第 52 行.
SQL: SHOW COLUMNS FROM `nfc_admin` [ RunTime:0.006000s ]
SQL: SELECT * FROM `nfc_admin` WHERE ( username='admin' ) LIMIT 1   [ RunTime:0.000000s ]
SQL: UPDATE `nfc_admin` SET `LastLoginIP`='0.0.0.0',`LastLoginTime`='2017-01-18 20:24:16' WHERE ( username='admin' ) [ RunTime:0.078004s ]
INFO: [ view_parse ] --START--
INFO: [ template_filter ] --START--
INFO: Run Behavior\ContentReplace [ RunTime:0.000000s ]
INFO: [ template_filter ] --END-- [ RunTime:0.000000s ]
NOTIC: [8] Undefined index: AdminName C:\xampp\htdocs\major\Application\Runtime\Cache\Home\60ec3b636d20a54d9598dd3c70ec0e21.php 第 22 行.
INFO: Run Behavior\ParseTemplate [ RunTime:0.009000s ]
INFO: [ view_parse ] --END-- [ RunTime:0.009000s ]
INFO: [ view_filter ] --START--
INFO: Run Behavior\WriteHtmlCache [ RunTime:0.001000s ]
INFO: [ view_filter ] --END-- [ RunTime:0.001000s ]
INFO: [ app_end ] --START--
INFO: Run Behavior\ShowPageTrace [ RunTime:0.002000s ]
INFO: [ app_end ] --END-- [ RunTime:0.002000s ]

